[GN=NPH:"Patrick Sabrina".$100215627;]
[GN=NOU:"Würfel".#100045089;]
[CL]
[CR]
[GP=PRE:"Vor"."vor".#596945;=ART:"dem"."das";=NOU:"Bundeskanzleramt".#30764;]
[PV=VER:"ist"."sein";]
[GN=ART:"ein"."ein".#-1;=NOU:"Rentner".#5696;]
[GP=PRE:"auf"."auf".#-1;=ART:"den"."der";=NOU:"Rücken".#4721;]
[PV=VER:"gefallen"."fallen".#17179;]
[??=PNT:".".".".#-1;]
[CL]
[GN=NPH:"Gabriel"."Siegmar Gabriel".$100215627;]
[PV=VER:"hilft"."aufhelfen".#500459;]
[GP=PRO:"ihm"."er";]
[GV=ADV:"auf"."aufhelfen";]
[??=PNT:".".".".#-1;]
[CL]
[??=PNT:""".""".#-1;]
[GV=ADV:"Dafür"."dafür".#130588;]
[PV=VER:"müssen"."müssen".#-1;]
[GN=PRO:"sie"."sie".#-1;]
[GN=ADJ:"nächstes"."nah".#149622;=NOU:"Mal".#117184;]
[GV=ADV:"wieder".#74486;]
[GN=ORG:"SPD"."Sozialdemokratische Partei Deutschlands".#7462;]
[PV=VER:"wählen".#120505;]
[??=PNT:".".".".#-1;]
[??=PNT:""".""".#-1;]
[CL]
[CR]
[PV=VER:"Sagt"."sagen".#154795;]
[GN=ART:"der"."der".#-1;=NOU:"Rentner".#5696;]
[??=PNT:":".":".#-1;]
[??=PNT:""".""".#-1;]
[GN=ADJ:"Guter"."gut".#29675;=NPH:"Mann"."Ralf Mann".$100215627;]
[??=PNT:",".",".#-1;]
[GN=PRO:"ich"."ich".#-1;]
[PV=VER:"bin"."sein".#172056;]
[GP=PRE:"auf"."auf".#-1;=ART:"den"."der";=NOU:"Rücken".#4721;]
[CN=CON:"und"."und".#-1;]
[GV=ADV:"nicht".#74226;]
[GP=PRE:"auf"."auf".#-1;=ART:"den"."der";=NOU:"Kopf".#2614;]
[PV=VER:"gefallen"."fallen".#17179;]
[??=PNT:".".".".#-1;]
[??=PNT:""".""".#-1;]
[CL]
[CR]
[GN=DAT:"19. Sep. 2016"."Sep-19-2016".$100205892;]
[GP=PRE:"vor".#596945;=MEA:"20 Stunden"."20 Stunde".$100025235;]
[CL]
[CR]
[GN=NPH:"Christina Struckmann".$100215627;]
[CL]
[CR]
[GN=ART:"Die"."die";=ORG:"SPD"."Sozialdemokratische Partei Deutschlands".#7462;]
[PV=VER:"stimmt"."stimmen".#120930;]
[GP=PRE:"gegen"."gegen".#-1;=ART:"die"."die".#-1;=NOU:"Mehrheit".#100095581;]
[GP=ART:"des"."das";=NOU:"Volkes"."Volk".#500862;]
[CN=CON:"und"."und".#-1;]
[GP=ART:"das"."das".#-1;=NOU:"Volk".#165625;]
[PV=VER:"wird"."werden";]
[GP=PRE:"bei"."bei".#-1;=ART:"der"."die";=ADJ:"kommenden"."kommend".#579509;=NOU:"Bundestagswahl".#30800;]
[GP=PRE:"gegen"."gegen".#-1;=ART:"eine"."ein";=NOU:"Mehrheit".#100095581;]
[GN=ART:"der"."der".#-1;=ORG:"SPD"."Sozialdemokratische Partei Deutschlands".#7462;]
[PV=VER:"stimmen".#120930;]
[??=PNT:".".".".#-1;]
[CL]
[GN=PCT:"10%".$100011229;]
[PN=VER:"sind"."sein".#12562;]
[GP=PRE:"mit"."mit".#-1;=NPR:"Siggi"."Siggi".#-1;]
[PN=ADV:"auf jeden Fall".#100444;]
[GV=ADV:"realistisch".#596396;]
[??=PNT:".".".".#-1;]
[CL]
[CR]
[GN=NPH:"Thomas Strigel".$100215627;]
[CL]
[CR]
[GN=ART:"Eine"."ein";=ADV:"sehr".#46001;=ADJ:"schlechte"."schlecht".#58160;=NPR:"Nachricht."."Nachricht.".#-1;]
[??=PNT:":".":".#-1;]
[??=PNT:"("."(".#-1;]
[CL]
[CR]
[GN=ART:"Die"."die";=ORG:"SPD"."Sozialdemokratische Partei Deutschlands".#7462;]
[PV=VER:"spricht"."sprechen".#12976;]
[GV=ADV:"immer".#142693;]
[GP=PRE:"von"."von".#-1;=NOU:"Solidarität".#91060;]
[??=PNT:",".",".#-1;]
[CN=CON:"aber"."aber".#-1;]
[GN=NPH:"CETA".$100215627;]
[PV=VER:"hilft"."helfen".#14056;]
[GV=ADV:"nur".#20252;]
[GP=ART:"den"."die";=ADJ:"großen"."groß".#50386;=NOU:"Konzernen"."Konzern".#104830453;]
[??=PNT:".".".".#-1;]
[CL]
[GN=ADJ:"Kleine"."klein".#62098;=NOU:"Bauern"."Bauer".#26087;=PNT:",".",".#-1;=NOU:"Mittelständler".#118953;=CON:"und"."und".#-1;=NOU:"Arbeitnehmer".#1613;]
[PV=VER:"geraten".#138070;]
[GP=PRE:"unter"."unter".#-1;=ADV:"noch".#74484;=ADJ:"größeren"."groß".#50386;=NOU:"Konkurrenzdruck".#63488;]
[??=PNT:".".".".#-1;]
[CL]
[GV=ADV:"Insbesondere"."insbesondere".#58485;]
[GP=PRE:"für"."für".#-1;=GEA:"Südeuropa".#565060;]
[PN=VER:"wäre"."sein".#12562;]
[GN=PRO:"das"."das".#-1;]
[PN=ADJ:"fatal".#27139;]
[??=PNT:".".".".#-1;]
[CL]
[CR]
[GN=NPH:"Harald Kirsch".$100215627;]
[CL]
[CR]
[GN=NOU:"Ach".#19338;]
[GV=ADV:"ja"."ja".#-1;]
[??=PNT:",".",".#-1;]
[GN=ART:"die"."die".#-1;=NPR:"Sozen"."Sozen".#-1;]
[??=PNT:"!"."!".#-1;]
[CL]
[CR]
[GP=GEO:"Selcuk".#10298496;]
[GN=NPR:"Bal".$100007727;=NOU:"Seker"."sek".#100011574;]
[CL]
[CR]
[GN=ART:"Das"."das";=PNT:""".""".#-1;=NOU:"S"."s".#100009956;=PNT:""".""".#-1;]
[GP=PRE:"in"."in".#-1;=PNT:""".""".#-1;=ORG:"SPD"."Sozialdemokratische Partei Deutschlands".#7462;=PNT:""".""".#-1;]
[PV=VER:"sollte"."sollen";]
[PV=ADV:"künftig".#65344;=VER:"weggelassen"."weglassen".#117041;=VER:"werden"."werden".#-1;]
[??=PNT:".".".".#-1;]
[CL]
[CR]
[GN=NPH:"Ralf Mann".$100215627;]
[CL]
[CR]
[GA=ADJ:"schade"."schade".#-1;]
[??=PNT:",".",".#-1;]
[CN=CON:"dass"."dass".#-1;]
[GN=ART:"die"."die".#-1;=ORG:"SPD"."Sozialdemokratische Partei Deutschlands".#7462;]
[GV=ADV:"mehr".#70026;]
[GP=PRE:"für"."für".#-1;=ART:"das"."das".#-1;=NOU:"Kapital".#143946;]
[PV=VER:"steht"."stehen".#32369;]
[??=PNT:",".",".#-1;]
[CN=CON:"als"."als".#-1;]
[GP=PRE:"für"."für".#-1;=ART:"die"."die".#-1;=NOU:"Arbeitnehmer".#1613;]
[??=PNT:":".":".#-1;=PNT:"-"."-".#-1;]
[??=PNT:"("."(".#-1;]
[CL]
[CR]
[GN=NPH:"Michael König".$100215627;]
[CL]
[CR]
[GR=PRO:"Wer"."wer";]
[PV=VER:"hat"."haben";]
[GN=PRO:"uns"."wir";]
[PV=VER:"verraten".#134590;]
[??=PNT:".".".".#-1;=PNT:"..."."...".#-1;]
[CL]
[GN=ART:"die"."die".#-1;=NOU:"Sozialdemokraten"."Sozialdemokrat".#7449;]
[??=PNT:"!"."!".#-1;]
[CL]
[CR]
[GN=NPH:"Michael Stockhaus".$100215627;]
[CL]
[CR]
[??=PNT:"Och"."och";]
[GV=ADV:"je".#142693;]
[??=PNT:"..."."...".#-1;]
[PV=ADV:"wieder".#74486;=VER:"mal"."malen".#500931;]
[GV=ADV:"komplett".#588989;]
[GP=PRE:"an"."an".#-1;=ART:"einem"."ein";=NOU:"Großteil".#100095581;]
[GP=ART:"der"."die";=NOU:"Bevölkerung".#117523;]
[GV=ADV:"vorbei".#106033;]
[GN=NOU:"...aus"."...aus".#-1;]
[GP=ART:"der"."die";=NOU:"Flüchtlingsproblematik".$14798;]
[CN=CON:"und"."und".#-1;]
[GP=ART:"den"."die";=NOU:"Wahlergebnissen"."Wahlergebnis".#119571328;]
[GN=PRO:"nichts"."nichts".#-1;]
[GA=ADJ:"gelernt".#562312;]
[??=PNT:"?"."?".#-1;]
[CL]
[CR]
[GN=NOU:"Kalle".#114915751;]
[GP=PRE:"von"."von".#-1;=NPR:"Tobla"."Tobla".#-1;]
[CL]
[CR]
[GN=PRO:"das"."das".#-1;]
[PV=VER:"ende"."enden".#15917;]
[GV=PRE:"vom"."von";]
[PV=VER:"ende"."enden".#15917;]
[GP=PRE:"für"."für".#-1;=ADJ:"diese"."dies";=ADJ:"ehemalige"."ehemalig".#35927;]
[??=PNT:"volkspartei"."Volkspartei";]
[??=PNT:".".".".#-1;]
[CL]
[CR]
[GN=NPH:"Christian Bornholdt".$100215627;]
[CL]
[CR]
[CN=CON:"Und"."und";]
[??=PNT:"zack"."zack".#-1;]
[??=PNT:":".":".#-1;]
[GV=ADV:"Unwählbar"."wählbar";]
[??=PNT:".".".".#-1;]
[CL]
[CR]
[GN=NPH:"Andreas Wünnenberg".$100215627;]
[CL]
[CR]
[CN=CON:"Wenn"."wenn";]
[GN=PRO:"ich"."ich".#-1;]
[GN=PRO:"mich"."ich";]
[GV=ADV:"nicht".#74226;=ADV:"schon".#87685;]
[GP=PRE:"vor".#596945;=NOU:"Jahren"."Jahr".#100000577;]
[GP=PRE:"von"."von".#-1;=ART:"der"."die";=ORG:"SPD"."Sozialdemokratische Partei Deutschlands".#7462;]
[PV=VER:"angewendet"."anwenden".#14079;=VER:"hätte"."haben";]
[??=PNT:"-"."-".#-1;]
[PV=ADV:"spätestens".#91678;=ADV:"jetzt".#141095;=VER:"hätte"."haben".#125724;]
[GN=PRO:"ich"."ich".#-1;]
[GN=PRO:"es"."es".#-1;]
[PV=VER:"getan"."tun".#13039;]
[??=PNT:"!"."!".#-1;]
[CL]
[CR]
[GN=NPH:"Andreas Jung".$100215627;]
[CL]
[CR]
[GN=PRO:"Das"."das";]
[PV=VER:"sollte"."sollen";]
[GP=PRE:"bei"."bei".#-1;=ART:"der"."die";=ADJ:"nächsten"."nah".#149622;=NOU:"Bundestagswahl".#30800;]
[GP=ADV:"doch".#173057;=ADV:"eigentlich".#36198;]
[GV=PRE:"für"."für".#-1;]
[GP=PRE:"unter"."unter".#-1;=PCT:"5%".$100011229;]
[PV=VER:"reichen".#47876;]
[??=PNT:",".",".#-1;]
[CN=CON:"oder"."oder".#-1;]
[??=PNT:"?"."?".#-1;]
[CL]
[CR]
[GN=NPH:"Luca Di Cavriglia".$100215627;]
[CL]
[CR]
[CN=CON:"und"."und".#-1;]
[GN=ADJ:"meine"."mein";=NOU:"Stimme".#166229;]
[PN=VER:"ist"."sein".#12562;=ADJ:"weg."."weg.".#-1;]
[??=PNT:".".".".#-1;]
[GA=ADV:"so".#130436;=ADJ:"schnell".#81737;]
[PV=VER:"geht"."gehen".#14248;]
[GN=PRO:"das"."das".#-1;]
[??=PNT:":".":".#-1;=PNT:"-"."-".#-1;]
[??=PNT:"("."(".#-1;]
[CL]
[CR]
[GN=NPH:"Thorsten Nau".$100215627;]
[CL]
[CR]
[GP=PRE:"Mit"."mit";=ADJ:"dieser"."dies";=NOU:"Entscheidung".#2863;]
[PV=VER:"hat"."haben";]
[GN=ART:"die"."die".#-1;=ORG:"SPD"."Sozialdemokratische Partei Deutschlands".#7462;]
[GV=ADV:"endgültig".#597262;]
[GN=ART:"den"."der";=NOU:"Status".#3451;]
[GN=PNT:""".""".#-1;=NOU:"Partei".#100007278;]
[GP=ART:"des"."der";=NOU:"kleinen Mannes"."kleiner Mann".#119345;=PNT:""".""".#-1;]
[PV=VER:"verloren"."verlieren".#164493;]
[??=PNT:"-"."-".#-1;]
[GN=PRO:"sie"."sie".#-1;]
[PV=VER:"sollte"."sollen";]
[GN=PRO:"sich"."er";]
[GA=ADJ:"besser"."gut".#29675;]
[GP=PRE:"in"."in".#-1;=PNT:""".""".#-1;=ADJ:"Kapitalistische"."kapitalistisch".#60522;=NOU:"Partei".#100007278;]
[GP=GEO:"Deutschlands"."Deutschland".#12907079;=PNT:""".""".#-1;]
[PV=VER:"umbenennen".#99746;]
[??=PNT:".".".".#-1;]
[CL]
[CR]
[GN=NOU:"Tasskaff".$143640;=NOU:"Hb".#100043041;]
[CL]
[CR]
[CN=CON:"und"."und".#-1;]
[GV=ADV:"wieder".#74486;]
[GN=ART:"das"."das".#-1;=ADJ:"alte"."alt".#35927;=ADJ:"lied"."lied".#-1;]
[??=PNT:":".":".#-1;]
[GR=PRO:"wer"."wer".#-1;]
[PV=VER:"hat"."haben";]
[GN=PRO:"uns"."wir";]
[PV=VER:"verraten".#134590;]
[??=PNT:",".",".#-1;]
[GN=NOU:"sozialdemokraten"."Sozialdemokrat".#7449;]
[??=PNT:"!"."!".#-1;]
[CL]
[CR]
[GN=NPH:"Heike Schmidt".$100215627;]
[CL]
[CR]
[GN=PNT:""".""".#-1;=NOU:"Volkspartei".#105691;=PNT:""".""".#-1;]
[GN=ORG:"SPD"."Sozialdemokratische Partei Deutschlands".#7462;]
[GP=PRE:"mit"."mit".#-1;=PCT:"21.6 %"."21,6%".$100011229;]
[GP=PRE:"in"."in".#-1;=GEO:"Berlin".#12936154;]
[PV=PNT:""".""".#-1;=VER:"gewonnen"."gewinnen".#32516;=PNT:""".""".#-1;]
[CN=CON:"und"."und".#-1;]
[GV=ADV:"nun".#173366;]
[GP=PRE:"gleich"."gleich".#-1;=ART:"dem"."das";=NOU:"Volk".#500862;]
[GA=ADV:"so".#130436;=ADJ:"richtig".#36197;]
[GP=PRE:"ins"."in";=NOU:"Kreuz".#100040843;]
[PV=VER:"treten".#16092;]
[??=PNT:".".".".#-1;]
[CL]
[GP=NOU:"Danke"."Dank".#32229;]
[??=PNT:".".".".#-1;]
[CL]
[GN=ADJ:"Geschicktes"."geschickt".#118989;=NOU:"Timing".#97037;]
[??=PNT:",".",".#-1;]
[GN=ART:"ein"."ein".#-1;=NOU:"Tag".#105019497;=NOU:"n".#100009937;]
[GP=PRE:"a"."a".#-1;=NOU:"c".#117758;=NOU:"h".#17674;]
[GP=ART:"der"."die";=NOU:"Wahl".#119259;]
[??=PNT:".".".".#-1;]
[CL]
[CR]
[GN=NPH:"Klaus Lindenberger".$100215627;]
[CL]
[CR]
[GN=ADJ:"bessere"."gut".#29675;=NOU:"Werbung".#7525;]
[GP=PRE:"für"."für".#-1;=ORG:"AfD"."Alternative für Deutschland".#106721203;]
[PV=VER:"können"."können".#-1;]
[GN=PRO:"wir"."wir".#-1;]
[PV=PRO:"uns"."wir";=ADV:"nicht".#74226;=VER:"vorstellen".#13007;]
[??=PNT:"-"."-".#-1;]
[CN=CON:"aber"."aber".#-1;]
[GN=PRO:"alles"."all";]
[PV=VER:"muß"."müssen";]
[PV=ADJ:"Geheim"."geheim".#47122;=VER:"bleiben".#129080;]
[CN=CON:"und"."und".#-1;]
[GV=ADV:"nix"."nix".#-1;]
[PV=VER:"darf"."dürfen";=VER:"ausgeplaudert"."ausplaudern".#126611;=VER:"werden"."werden".#-1;]
[??=PNT:"-"."-".#-1;]
[??=PNT:"basta"."basta".#-1;]
[CL]
[CR]
[GN=NPH:"Esther".#494701;=NOU:"Zahn".#2489;]
[CL]
[CR]
[GR=PRO:"Wer"."wer";]
[PV=VER:"wählt"."wählen".#13051;]
[GA=ADV:"noch".#74484;=ADJ:"gleich".#22392;]
[GN=ART:"die"."die".#-1;=NOU:"Bundesregierung".#30788;]
[??=PNT:"?"."?".#-1;]
[CL]
[GN=ART:"Die"."die";=ADJ:"multinationalen"."multinational".#72250;=NOU:"Konzerne"."Konzern".#104830453;=CON:"oder"."oder".#-1;=ART:"die"."die".#-1;=NOU:"Bundesbürger".#30744;]
[??=PNT:"..."."...".#-1;]
[CL]
[GN=ART:"Die"."die";=ORG:"AFD"."Alternative für Deutschland".#106721203;]
[PV=VER:"wird"."werden";]
[PV=PRO:"sich"."er";]
[GN=ART:"die"."die".#-1;=NOU:"Hände"."Hand".#100033767;]
[PV=VER:"reiben".#15679;]
[CN=CON:"und"."und".#-1;]
[PV=VER:"bedanken".#15051;]
[GP=PRE:"für"."für".#-1;=ART:"die"."die".#-1;=ADJ:"neuen"."neu".#30000;=NOU:"Stimmen"."Stimme".#166229;]
[??=PNT:".".".".#-1;]
[CL]
[CR]
[GN=NPH:"Johannes Szybowski".$100215627;]
[CL]
[CR]
[GA=ADV:"Zwar"."zwar".#112900;=ADJ:"total".#48115;]
[GP=PRE:"an"."an".#-1;=ART:"der"."die";=NOU:"Bevölkerung".#117523;]
[GV=ADV:"vorbei".#106033;]
[??=PNT:",".",".#-1;]
[CN=CON:"aber"."aber".#-1;]
[GN=ART:"den"."der";=NOU:"Häppchentisch".$100014748;]
[GV=ADV:"voll".#165665;]
[PV=VER:"erwischt"."erwischen".#13991;]
[CL]
[CR]
[??=PNT:"!"."!".#-1;]
[CL]
[PV=VER:"Gell"."gellen".#87957;]
[GN=NOU:"Dicker"."Dicke".#1935;]
[??=PNT:"?"."?".#-1;]
[CL]
[CR]
[GN=NPH:"Alexander Ebinger".$100215627;]
[CL]
[CR]
[GN=ART:"Der"."der";=ORG:"FDP"."Freie Demokratische Partei".#7464;]
[PV=VER:"gefällt"."gefallen".#16350;]
[GN=PRO:"das"."das".#-1;]
[??=PNT:"!"."!".#-1;]
[CL]
[CR]
[GN=NPH:"Wilfried Jaklin".$100215627;]
[CL]
[CR]
[PV=VER:"Stimmt"."stimmen".#14875;]
[GV=ADV:"so".#130436;=ADV:"nicht".#74226;]
[??=PNT:"-"."-".#-1;]
[GN=ART:"der"."der".#-1;=NOU:"Parteikonvent".#76862;]
[PV=VER:"hat"."haben".#13090;]
[??=PNT:",".",".#-1;]
[GP=PRE:"um"."um".#-1;=ART:"den"."der";=ORG:"SPD"."Sozialdemokratische Partei Deutschlands".#7462;=PNT:"-"."-".#-1;=NOU:"Vorsitzenden"."Vorsitzende".#100140686;]
[GA=ADV:"nicht".#74226;=ADJ:"zu".#111967;]
[PV=PNT:""".""".#-1;=VER:"beschädigen".#14907;=PNT:""".""".#-1;]
[??=PNT:",".",".#-1;]
[GN=NPH:"Ceta"."CETA".$100215627;]
[PV=VER:"zugestimmt"."zustimmen".#14317;]
[??=PNT:".".".".#-1;]
[CL]
[CN=CON:"Ob"."ob";]
[GN=ART:"die"."die".#-1;=NOU:"Mehrheit".#119461;]
[GP=ART:"der"."die";=NOU:"Parteimitglieder"."Parteimitglied".#7416;]
[GN=PRO:"das"."das".#-1;]
[PV=ADV:"auch".#23235;=ADV:"so".#130436;=VER:"sehen".#12682;]
[??=PNT:",".",".#-1;]
[PV=VER:"ist"."sein";]
[PV=ADV:"damit".#32147;=ADV:"noch".#74484;=ADV:"nicht".#74226;=VER:"gesagt"."sagen".#154795;]
[??=PNT:".".".".#-1;]
[CL]
[GV=ADV:"Allerdings"."allerdings".#20252;]
[PV=VER:"frage"."fragen".#14345;]
[GN=PRO:"ich"."ich".#-1;]
[GN=PRO:"mich"."ich";]
[??=PNT:",".",".#-1;]
[CN=CON:"warum"."warum".#-1;]
[GN=ART:"das"."das".#-1;=NOU:"Eingeständnis".#132603;]
[GN=PNT:""".""".#-1;=ART:"das"."das".#-1;=NOU:"Abkommen".#5146;]
[PV=VER:"hat"."haben".#125724;]
[GN=ADJ:"schwerwiegende"."schwerwiegend".#88837;=NOU:"Lücken"."Lücke".#118895;]
[CN=CON:"und"."und".#-1;]
[GN=NOU:"Mängel"."Mangel".#657;=PNT:""".""".#-1;]
[CN=CON:"und"."und".#-1;]
[PV=VER:"sollte"."sollen";]
[PV=ADV:"deshalb".#33073;=ADV:"nicht".#74226;=VER:"unterschrieben"."unterschreiben".#163387;=VER:"werden"."werden".#-1;]
[??=PNT:",".",".#-1;]
[GP=ART:"den"."die";=NOU:"Parteivorsitzenden"."Parteivorsitzende".#12876;]
[GN=ART:"der"."der".#-1;=ORG:"SPD"."Sozialdemokratische Partei Deutschlands".#7462;]
[PV=PNT:""".""".#-1;=VER:"beschädigen".#14907;=PNT:""".""".#-1;]
[PV=VER:"sollte"."sollen".#148995;]
[??=PNT:".".".".#-1;]
[CL]
[GN=PRO:"Ich"."ich";]
[PV=VER:"finde"."finden".#14311;]
[GV=ADV:"eher".#35935;]
[??=PNT:",".",".#-1;]
[CN=CON:"dass"."dass".#-1;]
[GN=ADJ:"diese"."dies";=NOU:"Zustimmung".#4909;]
[GP=PRE:"unter"."unter".#-1;=NOU:"Druck".#169131;]
[??=PNT:",".",".#-1;]
[GN=ART:"die"."die".#-1;=ORG:"SPD"."Sozialdemokratische Partei Deutschlands".#7462;]
[PV=VER:"beschädigt"."beschädigen".#14907;]
[??=PNT:".".".".#-1;]
[CL]
[CR]
[GN=NPH:"Angelika Rimbach".$100215627;]
[CL]
[CR]
[GN=NPH:"Willy"."Willy Brandt".#100002514;]
[PV=VER:"siehe"."sehen".#157372;]
[??=PNT:"-"."-".#-1;]
[GN=ADJ:"deine"."dein";=ORG:"SPD"."Sozialdemokratische Partei Deutschlands".#7462;]
[??=PNT:"?"."?".#-1;=PNT:"?"."?".#-1;=PNT:"?"."?".#-1;=PNT:"?"."?".#-1;=PNT:"?"."?".#-1;=PNT:"?"."?".#-1;=PNT:"?"."?".#-1;=PNT:"?"."?".#-1;=PNT:"?"."?".#-1;=PNT:"?"."?".#-1;]
[CL]
[CR]
[GN=NPR:"Slevin Kelevra"."Slevin Kelevra".#-1;]
[CL]
[CR]
[GV=ADV:"Sehr viele"."sehr viele".#588660;]
[GP=ART:"der"."die";=NOU:"Demonstranten"."Demonstrant".#11026;]
[??=PNT:",".",".#-1;]
[GR=PRO:"die"."Demonstrant".#11026;]
[GP=PRE:"gegen"."gegen".#-1;=NPR:"TTIP"."TTIP".#-1;]
[CN=CON:"und"."und".#-1;]
[GP=NPH:"CETA".$100215627;]
[PV=VER:"sind"."sein".#172056;]
[??=PNT:",".",".#-1;]
[PV=VER:"wählen".#13051;]
[GV=ADV:"trotzdem".#32971;]
[GN=ORG:"SPD"."Sozialdemokratische Partei Deutschlands".#7462;=PNT:"/"."/".#-1;=NOU:"Grüne".#7033;]
[??=PNT:",".",".#-1;]
[CN=CON:"anstatt"."anstatt".#-1;]
[GR=PRO:"die"."die".#-1;]
[GA=ADJ:"LINKE"."link".#28062;]
[??=PNT:".".".".#-1;]
[CL]
[PV=VER:"Schaut"."anschauen".#13169;]
[GN=PRO:"euch"."ihr";]
[GV=ADV:"an"."anschauen";]
[??=PNT:",".",".#-1;]
[GR=PRO:"was"."was".#-1;]
[GN=PRO:"ihr"."ihr".#-1;]
[PV=ADV:"da".#173213;=VER:"gewählt"."wählen".#14875;=VER:"habt"."haben";]
[??=PNT:"..."."...".#-1;]
[CL]
[CR]
[GN=NPH:"Petra Tobihn".$100215627;]
[CL]
[CR]
[??=PNT:"Tja"."tja";]
[??=PNT:",".",".#-1;]
[GV=ADV:"damit".#32147;]
[PV=VER:"hat"."haben".#125724;]
[PV=PRO:"sich"."er";]
[CN=CON:"nun"."nun".#-1;]
[GN=ART:"die"."die".#-1;=ORG:"SPD"."Sozialdemokratische Partei Deutschlands".#7462;]
[GA=ADV:"bis auf weiteres".#173621;=ADJ:"unwählbar"."wählbar".#166327;]
[PV=VER:"gemacht"."machen".#16224;]
[??=PNT:".".".".#-1;]
[CL]
[GN=NOU:"Schade".#116152;]
[??=PNT:".".".".#-1;]
[CL]
[??=PNT:"..."."...".#-1;]
[CL]
[GN=PRO:"ich"."ich".#-1;]
[GA=ADJ:"weiß".#108331;]
[GV=ADV:"bald".#119293;=ADV:"echt".#153491;=ADV:"nicht".#74226;=ADV:"mehr".#70026;]
[??=PNT:",".",".#-1;]
[GR=PRO:"was"."was".#-1;]
[GN=PRO:"ich"."ich".#-1;]
[PV=VER:"wählen".#14875;=VER:"soll"."sollen";]
[??=PNT:".".".".#-1;]
[CL]
[CR]
[GN=NPR:"Vörckel"."Vörckel".#-1;=NPH:"Thomas"."Thomas Strigel".$100215627;]
[CL]
[CR]
[GN=NOU:"Herr".#100177053;=NPH:"Gabriel"."Siegmar Gabriel".$100215627;]
[GN=PRO:"dies"."dies".#-1;]
[PV=VER:"bedeutet"."bedeuten".#14805;]
[GN=ART:"das"."das".#-1;=NOU:"Ende".#16627;]
[GP=ART:"der"."die";=ADJ:"ehemaligen"."ehemalig".#35927;=NOU:"Volkspartei".#105691;]
[CN=CON:"und"."und".#-1;]
[GN=ART:"die"."die".#-1;=ORG:"SPD"."Sozialdemokratische Partei Deutschlands".#7462;]
[PV=VER:"kann"."können".#12879;]
[GP=PRE:"bei"."bei".#-1;=PRO:"jeder"."jede";]
[GN=ADJ:"künftigen"."künftig".#65343;=NOU:"Wahl".#2865;]
[GV=ADV:"nur".#20252;=ADV:"noch".#74484;]
[CN=CON:"um"."um".#-1;]
[GN=ART:"die"."die".#-1;]
[GN=PCT:"5%".$100011229;]
[GN=NOU:"Hürde".#595293;]
[PV=VER:"kämpfen".#16575;]
[??=PNT:".".".".#-1;]
[CL]
[CR]
[GN=ART:"Die"."die";=ORG:"SPD"."Sozialdemokratische Partei Deutschlands".#7462;]
[PV=VER:"ignoriert"."ignorieren";=VER:"erneut"."erneuen".#14916;]
[GP=ART:"den"."die";=NOU:"Willen"."Wille".#563173;]
[GP=ART:"des"."das";=NOU:"Volkes"."Volk".#165625;]
[CN=CON:"und"."und".#-1;]
[PN=VER:"ist"."sein".#12562;]
[GN=ADJ:"kein"."kein".#-1;=NOU:"Cent".#100058093;]
[PN=ADJ:"mehr"."viel".#173024;=NOU:"Wert-Tschüss".$19553;=ORG:"SPD"."Sozialdemokratische Partei Deutschlands".#7462;]
[CL]
[CR]
[GN=NPH:"Alexander Baal".$100215627;]
[CL]
[CR]
[GN=ART:"Die"."die";=NOU:"Mehrheit".#119461;]
[GN=ART:"der"."der".#-1;=ORG:"SPD"."Sozialdemokratische Partei Deutschlands".#7462;]
[PN=VER:"ist"."sein".#12562;=ADJ:"asozial".#101474;]
[??=PNT:"!"."!".#-1;]
[CL]
[GN=NPR:"Hartz4"."Hartz4".#-1;]
[PV=VER:"beweißt"."ausweißen".#25143;]
[GN=PRO:"das"."das".#-1;]
[GV=ADV:"eindeutig".#590325;]
[??=PNT:"!"."!".#-1;]
[CL]
[CR]
[GN=NPH:"Georg Janis Koner".$100215627;]
[CL]
[CR]
[GN=PRO:"Man"."man";]
[PV=VER:"hat"."haben";]
[GV=ADV:"ja"."ja".#-1;]
[GV=ADV:"schon".#87685;=ADV:"damit".#32147;]
[PV=VER:"gerechnet"."rechnen".#14576;]
[??=PNT:".".".".#-1;]
[CL]
[PV=VER:"Ist"."sein".#12562;]
[GP=ADV:"trotzdem".#32971;=ADJ:"erschreckend".#50085;]
[??=PNT:".".".".#-1;]
[CL]
[CR]
[GN=NPH:"Julia Spe".$100215627;]
[CL]
[CR]
[GN=ART:"Das"."das";=NOU:"Projekt".#100170584;]
[GA=ADJ:"18"."18".#-1;]
[PV=VER:"läuft"."laufen".#17866;]
[GP=PRE:"auf"."auf".#-1;=NOU:"Hochtouren"."Hochtour".#56212;]
[??=PNT:".".".".#-1;]
[CL]
[GN=NPH:"Gabriel"."Siegmar Gabriel".$100215627;]
[PV=VER:"wird"."werden";]
[GN=PRO:"das"."das".#-1;]
[PV=VER:"schaffen".#16902;]
[??=PNT:",".",".#-1;]
[GV=ADV:"woran".#167615;]
[GN=NPH:"Guido".#494978;]
[PV=VER:"gescheitert"."scheitern".#14958;=VER:"ist"."sein";]
[??=PNT:".".".".#-1;]
[CL]
[GV=ADV:"Dabei"."dabei".#130291;]
[PV=VER:"hatte"."haben";]
[GN=PRO:"man"."man".#-1;]
[GA=ADV:"intern"."intern".#-1;=ADV:"nur".#20252;]
[GP=PRE:"mit"."mit".#-1;=PCT:"10%".$100011229;]
[PV=VER:"gerechnet"."rechnen".#14576;]
[??=PNT:",".",".#-1;]
[PV=PRO:"es"."es".#-1;=VER:"wird"."werden";]
[GV=ADV:"also".#43901;]
[GN=ART:"eine"."ein";=ADJ:"rauschende"."rauschend".#596706;=NOU:"Wahlparty".#107046;]
[PV=VER:"geben".#15231;]
[??=PNT:".".".".#-1;]
[CL]
[CR]
[GN=NPH:"Hans Moser".$100215627;]
[CL]
[CR]
[CN=CON:"Da"."da";]
[PV=VER:"wundern".#165374;]
[GN=PRO:"die"."die".#-1;]
[GN=PRO:"sich"."er";]
[GV=ADV:"ernsthaft".#596251;]
[GN=PRO:"das"."das".#-1;]
[GN=PRO:"sie"."sie".#-1;]
[GN=NOU:"Wähler".#5682;]
[PV=VER:"verlieren".#173478;]
[??=PNT:"?"."?".#-1;]
[CL]
[??=PNT:"?"."?".#-1;=PNT:"?"."?".#-1;]
[CL]
[GA=ADV:"Nicht"."nicht".#74226;=ADV:"nur".#20252;=ADJ:"korrupt".#145781;]
[CN=CON:"sondern"."sondern".#-1;]
[GA=ADV:"auch".#23235;=ADJ:"überheblich".#100522;]
[??=PNT:".".".".#-1;]
[CL]
[PV=VER:"Gefühlt"."fühlen";=VER:"steht"."stehen".#124179;]
[GN=ART:"die"."die".#-1;=NOU:"Linke".#566361;]
[GV=ADV:"da".#173213;]
[CN=CON:"wo"."wo".#-1;]
[GN=ART:"die"."die".#-1;=ORG:"SPD"."Sozialdemokratische Partei Deutschlands".#7462;]
[PV=VER:"stehen".#32369;=VER:"sollte"."sollen";]
[??=PNT:".".".".#-1;]
[CL]
[CR]
[GN=NPR:"Wose Sell"."Wose Sell".#-1;]
[CL]
[CR]
[GN=ART:"Eine"."ein";=NOU:"Mehrheit".#100095581;]
[GP=ART:"des"."der";=NOU:"Konvents"."Konvent".#101128397;]
[PN=VER:"ist"."sein".#12562;]
[GV=ADV:"nicht".#74226;]
[GN=ART:"die"."die".#-1;=NOU:"Mehrheit".#119461;]
[GN=ART:"der"."der".#-1;=ORG:"Parteimitglider".$119461;]
[CN=CON:"aber"."aber".#-1;]
[GN=PRO:"das"."das".#-1;]
[PV=VER:"kann"."können";=PRO:"sich"."er";]
[GA=ADJ:"schnell".#81737;]
[PV=VER:"ändern".#13898;]
[??=PNT:",".",".#-1;]
[CN=CON:"wenn"."wenn".#-1;]
[GN=ART:"der"."der".#-1;=NOU:"Konvent".#101128397;]
[PV=ADJ:"zahlenmäßig".#74876;=VER:"überlegen".#54247;=VER:"wird"."werden";]
[??=PNT:".".".".#-1;]
[CL]
[CR]
[GN=NPR:"Türkan Elmaci"."Türkan Elmaci".#-1;]
[CL]
[CR]
[GV=ADV:"nur".#20252;]
[CN=CON:"weil"."weil".#-1;]
[GP=ART:"der"."die";=NOU:"Dicke".#33446;]
[GV=ADV:"ungesund".#603159;]
[PV=VER:"lebt"."leben".#14637;]
[??=PNT:",".",".#-1;]
[PV=VER:"müssen".#149311;]
[GN=PRO:"wir"."wir".#-1;]
[GN=PRO:"das"."das".#-1;]
[GV=ADV:"nicht".#74226;=ADV:"auch".#23235;]
[GP=PRE:"wegen"."wegen".#-1;=PRO:"ihm"."er";]
[??=PNT:".".".".#-1;]
[CL]
[CN=CON:"Wie"."wie";]
[PV=VER:"kann"."können";]
[GN=PRO:"man"."man".#-1;]
[GN=ADV:"nur".#20252;=ADJ:"genmanipuliertem"."genmanipuliertem".#-1;=NOU:"Dreck".#131621;]
[PV=VER:"zustimmen".#14317;]
[??=PNT:".".".".#-1;=PNT:"..."."...".#-1;]
[??=PNT:"ah"."ah".#-1;]
[PV=VER:"stimmt"."stimmen".#14875;]
[??=PNT:",".",".#-1;]
[GP=PRE:"wegen"."wegen".#-1;=ART:"der"."die";=NOU:"Lobbyisten"."Lobbyist".#7427;]
[CL]
[CR]
[GN=NPH:"Wolfgang Preissler".$100215627;]
[CL]
[CR]
[CN=CON:"Denn"."denn";]
[GN=PRO:"sie"."sie".#-1;]
[PV=VER:"wissen".#12920;]
[GV=ADV:"nicht".#74226;]
[GR=PRO:"was"."was".#-1;]
[GN=PRO:"sie"."sie".#-1;]
[PV=VER:"tun".#13039;]
[??=PNT:"-"."-".#-1;]
[CN=CON:"oder"."oder".#-1;]
[CN=CON:"doch"."doch".#-1;]
[??=PNT:"?"."?".#-1;]
[CL]
[CN=CON:"Wie"."wie";]
[PV=VER:"könnt"."können".#14354;]
[GN=PRO:"ihr"."ihr".#-1;]
[GP=ADJ:"euren"."eur";=NOU:"Bürgern"."Bürger".#129858;]
[CN=CON:"und"."und".#-1;]
[GN=NOU:"Bürgerinnen"."Bürger".#129858;]
[GV=ADV:"so".#130436;]
[GP=PRE:"in"."in".#-1;=ART:"den"."der";=NOU:"Rücken".#4721;]
[PV=VER:"fallen".#17179;]
[??=PNT:"?"."?".#-1;]
[CL]
[PV=VER:"Schämt"."schämen".#85913;=PRO:"euch"."ihr";]
[??=PNT:"!"."!".#-1;]
[CL]
[GN=ORG:"SPD"."Sozialdemokratische Partei Deutschlands".#7462;]
[PV=VER:"steht"."stehen".#32369;]
[GP=PRE:"bei"."bei".#-1;=PRO:"mir"."ich";]
[GV=PRE:"für"."für".#-1;]
[??=PNT:"-"."-".#-1;]
[GN=NOU:"Steuer-Paradies-Deutschland".$12907079;]
[??=PNT:"-"."-".#-1;]
[GV=ADV:"aber".#74486;=ADV:"nur".#20252;]
[GP=PRE:"für"."für".#-1;=ART:"die"."die".#-1;=NOU:"Grosskonzerne"."Großkonzern".#50496;]
[??=PNT:".".".".#-1;]
[CL]
[CR]
[GN=NPH:"Uwe Gröschel".$100215627;]
[CL]
[CR]
[GN=ADJ:"Diese"."dies";=NOU:"Partei".#100007278;]
[PV=VER:"wird"."werden";]
[GN=ART:"der"."der".#-1;=ORG:"FDP"."Freie Demokratische Partei".#7464;]
[GP=PRE:"in"."in".#-1;=ART:"die"."die".#-1;=NOU:"Bedeutungslosigkeit".#26385;]
[PV=VER:"folgen".#13921;]
[??=PNT:",".",".#-1;]
[GN=PRO:"das"."das".#-1;]
[PV=VER:"ist"."sein".#172056;]
[GV=ADV:"absolut".#122389;=ADV:"sicher".#56201;]
[??=PNT:"!"."!".#-1;=PNT:"!"."!".#-1;]
[CL]
[CR]
[GN=NPH:"Marcel Weig".$100215627;]
[CL]
[CR]
[PV=ADV:"Da"."da".#173213;=VER:"kann"."können";]
[GN=PRO:"man"."man".#-1;]
[GV=ADV:"ruhig".#138329;]
[PV=ADV:"mal".#118174;=VER:"klatschen".#144686;]
[??=PNT:".".".".#-1;=PNT:"..."."...".#-1;]
[CL]
[CN=CON:"und"."und".#-1;]
[GV=ADV:"dann".#130436;]
[GP=PRE:"bei"."bei".#-1;=ART:"der"."die";=ADJ:"nächsten"."nah".#149622;=NOU:"Wahl".#2865;]
[PV=ADV:"wieder".#74486;=VER:"jammern".#69794;]
[??=PNT:",".",".#-1;]
[CN=CON:"warum"."warum".#-1;]
[GN=PRO:"sie"."sie".#-1;]
[GN=PRO:"keiner"."kein";]
[PV=VER:"wählt"."wählen".#14875;]
[??=PNT:".".".".#-1;=PNT:"..."."...".#-1;]
[CL]
[CR]
[GN=NPH:"Joseph Fröhlich".$100215627;]
[CL]
[CR]
[PN=PRO:"Das"."das";=VER:"sind"."sein".#12562;]
[GN=PRO:"sie"."sie".#-1;]
[??=PNT:",".",".#-1;]
[GN=ART:"die"."die".#-1;=NOU:"Genossen"."Genosse".#14424;]
[GN=ART:"der"."der".#-1;=ORG:"SPD"."Sozialdemokratische Partei Deutschlands".#7462;]
[??=PNT:":".":".#-1;]
[PV=VER:"dienen".#131097;]
[GP=ART:"dem"."der";=ADJ:"einfachen"."einfach".#56999;=NOU:"Bürger".#129858;]
[??=PNT:".".".".#-1;]
[CL]
[GR=PRO:"Wer"."wer";]
[PV=VER:"hat"."haben";]
[GN=PRO:"uns"."wir";]
[PV=VER:"verraten".#134590;]
[??=PNT:"?"."?".#-1;]
[CL]
[CR]
[GN=NPH:"Claus Britta Jahn".$100215627;]
[CL]
[CR]
[??=PNT:".".".".#-1;=PNT:".".".".#-1;=PNT:"..."."...".#-1;]
[CL]
[CN=CON:"und"."und".#-1;]
[GN=ART:"die"."die".#-1;=NOU:"Linke".#566361;]
[PV=VER:"will"."wollen";]
[GV=ADV:"immer noch".#149375;]
[GN=ART:"eine"."ein";=NOU:"Koalition".#100878249;]
[GP=PRE:"mit"."mit".#-1;=ART:"der"."die";=ORG:"SPD"."Sozialdemokratische Partei Deutschlands".#7462;]
[PV=VER:"eingehen".#120980;]
[??=PNT:".".".".#-1;]
[CL]
[CR]
[PV=ADV:"Dann"."dann".#130436;=VER:"wundert"."wundern".#165374;]
[GN=PRO:"Euch"."ihr";]
[GV=ADV:"bitte".#169739;=ADV:"nicht".#74226;]
[??=PNT:",".",".#-1;]
[CN=CON:"wenn"."wenn".#-1;]
[GP=PRO:"ihr"."sie";]
[GV=ADV:"alsbald".#20458;]
[GP=PRE:"an"."an".#-1;]
[GP=ART:"der"."die";]
[GN=PCT:"5%".$100011229;]
[GP=NOU:"Hürde".#595293;]
[PV=VER:"hängen"."hängen".#-1;=VER:"bleibt"."bleiben".#129080;]
[??=PNT:".".".".#-1;]
[CL]
[CR]
[GN=NPH:"Gabriele Skyriek".$100215627;]
[CL]
[CR]
[GN=ART:"Die"."die";=NOU:"Mehrheit".#100095581;]
[GP=ART:"der"."die";=NOU:"Parteimitglieder"."Parteimitglied".#7416;]
[PV=VER:"steht"."stehen".#159252;]
[GP=PRE:"im"."in";=NOU:"Streit".#2371;]
[CN=CON:"um"."um".#-1;]
[GN=PRO:"das"."das".#-1;]
[GN=ADJ:"geplante"."geplant".#80183;=NOU:"Freihandelsabkommen".#568529;]
[GP=PRE:"hinter"."hinter".#-1;=NPH:"Sigmar Gabriel"."Siegmar Gabriel".$100215627;]
[??=PNT:"?"."?".#-1;]
[CL]
[CR]
[GN=NOU:"Ach".#19338;]
[GV=ADV:"ja"."ja".#-1;]
[??=PNT:",".",".#-1;]
[GP=PRO:"mir"."ich";]
[PN=VER:"ist"."sein".#12562;=ADV:"gar".#46001;=ADV:"nicht".#74226;=ADJ:"bekannt".#26936;]
[??=PNT:",".",".#-1;]
[CN=CON:"dass"."dass".#-1;]
[GN=PRO:"es"."es".#-1;]
[GV=ADV:"dazu".#98967;]
[GN=ART:"eine"."ein";=NOU:"Mitgliederbefragung".#565552;]
[PV=VER:"gab"."geben".#13134;]
[??=PNT:"!"."!".#-1;]
[CL]
[CR]
[GN=NPH:"Jacques Maué".$100215627;]
[CL]
[CR]
[CN=CON:"So"."so";]
[GV=ADV:"einfach".#565253;]
[PV=VER:"geht"."gehen".#14248;]
[GN=PRO:"das"."das".#-1;]
[??=PNT:".".".".#-1;]
[CL]
[GV=ADV:"Wieder"."wieder".#74486;]
[GN=ART:"ein"."ein".#-1;=ADJ:"paar".#47019;=ADJ:"neue"."neu".#149884;=NOU:"Wähler".#5682;]
[GP=PRE:"für"."für".#-1;=ART:"die"."die".#-1;=PNT:""".""".#-1;=ADJ:"Völkischen"."völkisch".#165638;=PNT:""".""".#-1;]
[??=PNT:".".".".#-1;]
[CL]
[GA=ADV:"Wie"."wie".#167244;=ADJ:"debil".#29285;]
[PV=VER:"können"."können".#-1;]
[GN=ART:"die"."die".#-1;=NOU:"Stiefellecker".#91757;]
[GP=ART:"des"."der";=ADJ:"donnernden"."donnernd".#47985;=NOU:"Erzengels"."Erzengel".#100178342;]
[PV=ADV:"eigentlich".#36198;=VER:"sein".#172056;]
[??=PNT:"?"."?".#-1;]
[CL]
[CR]
[GN=NPH:"Tim".#496594;=NPR:"Bischoff"."Bischoff".#-1;]
[CL]
[CR]
[GN=ART:"Die"."die";=NOU:"Mehrheit".#119461;]
[PV=VER:"wollte"."wollen".#14680;]
[GV=ADV:"damals".#35928;=ADV:"auch".#23235;]
[GN=ART:"die"."die".#-1;=NPR:"Groko."."Groko.".#-1;]
[??=PNT:".".".".#-1;]
[CL]
[GN=NPR:"Tja..."."Tja...".#-1;]
[CL]
[GN=PRO:"Die"."die";]
[PV=VER:"kann"."können".#145390;]
[GN=PRO:"man"."man".#-1;]
[GA=ADV:"rückgängig machen"."rückgängig machen".#-1;]
[??=PNT:".".".".#-1;]
[CL]
[GN=NPH:"Ceta"."CETA".$100215627;]
[GV=ADV:"nicht".#74226;]
[??=PNT:".".".".#-1;]
[CL]
[CR]
[CN=CON:"Und"."und";]
[GP=PRE:"in"."in".#-1;=MEA:"5 Jahren"."5 Jahr".$100000577;]
[??=PNT:"..."."...".#-1;]
[CL]
[??=PNT:""".""".#-1;]
[PV=VER:"Könnte"."können";]
[GN=PRO:"ich"."ich".#-1;]
[GN=ART:"die"."die".#-1;=NOU:"Zeit".#9;]
[PV=ADV:"zurück".#121160;=VER:"drehen".#54175;]
[??=PNT:"..."."...".#-1;]
[??=PNT:""".""".#-1;]
[CL]
[CR]
[GN=NPH:"Andreas Wolf".$100215627;]
[CL]
[CR]
[GN=PRO:"Ich"."ich";]
[PV=VER:"bin"."sein";]
[GP=PRE:"als"."als".#-1;=ORG:"SPD"."Sozialdemokratische Partei Deutschlands".#7462;=PNT:"-"."-".#-1;=NOU:"Mitglied".#14393;]
[PV=ADV:"gar".#120405;=ADV:"nicht".#74226;=VER:"gefragt"."fragen".#14345;=VER:"worden"."werden";]
[??=PNT:",".",".#-1;]
[GA=ADV:"deswegen".#33073;=ADJ:"wunderts"."wunderts".#-1;]
[GN=PRO:"mich"."ich";]
[??=PNT:",".",".#-1;]
[CN=CON:"wenn"."wenn".#-1;]
[GP=PRE:"von"."von".#-1;=ART:"einer"."eine";=NOU:"Mehrheit".#119461;]
[GN=ART:"der"."der".#-1;=ORG:"SPD"."Sozialdemokratische Partei Deutschlands".#7462;]
[PV=VER:"gesprochen"."sprechen".#12975;=VER:"wird"."werden";]
[??=PNT:".".".".#-1;]
[CL]
[CR]
[GN=NPH:"Norbert Nicolaus".$100215627;]
[CL]
[CR]
[GN=PRO:"Ich"."ich";]
[PV=VER:"weiß"."weißen".#108346;]
[GV=ADV:"nicht".#74226;]
[??=PNT:",".",".#-1;]
[GR=PRO:"was"."was".#-1;]
[GP=PRE:"im"."in";=NOU:"Abkommen".#5146;]
[PV=VER:"stehen".#32369;=VER:"wird"."werden";]
[??=PNT:".".".".#-1;]
[CL]
[CN=CON:"Ob"."ob";]
[GN=PRO:"es"."es".#-1;]
[GV=ADV:"gut".#596240;]
[CN=CON:"oder"."oder".#-1;]
[PN=ADJ:"schlecht".#58160;]
[GP=PRE:"für"."für".#-1;=ART:"den"."der";=NOU:"Durchschnitts-Bundesbürger".$30744;]
[PN=VER:"ist"."sein".#172056;]
[??=PNT:",".",".#-1;]
[PV=VER:"kann"."können";]
[GN=PRO:"ich"."ich".#-1;]
[PV=ADV:"deshalb".#33073;=ADV:"nicht".#74226;=VER:"sagen".#126718;]
[??=PNT:".".".".#-1;]
[CL]
[GV=ADV:"Gut"."gut".#596240;]
[??=PNT:",".",".#-1;]
[GN=PRO:"es"."es".#-1;]
[PN=VER:"soll"."sollen";=ADV:"nicht".#74226;=ADV:"so".#130436;=ADJ:"haarig".#139281;=VER:"sein".#12562;]
[GP=PRE:"wie"."wie".#-1;=NPR:"TTIP"."TTIP".#-1;]
[??=PNT:"-"."-".#-1;]
[GV=ADV:"vor allem".#58485;]
[??=PNT:",".",".#-1;]
[GR=NPR:"was"."TTIP";]
[GN=ART:"die"."die".#-1;=NOU:"Schiedsgerichte"."Schiedsgericht".#155620;]
[PV=VER:"angeht"."angehen".#13816;]
[??=PNT:"-"."-".#-1;]
[CN=CON:"aber"."aber".#-1;]
[GP=PRE:"in"."in".#-1;=ADJ:"vielen"."viel".#173024;=NOU:"Belangen"."Belang".#2491;]
[PV=VER:"dürften"."dürfen";=PRO:"sich"."er";]
[GV=ADV:"beide"."beide".#-1;]
[PV=ADV:"kaum".#61100;=VER:"unterscheiden".#121016;]
[??=PNT:".".".".#-1;]
[CL]
[GN=PRO:"Ich"."ich";]
[PV=VER:"habe"."haben".#12561;]
[GV=ADV:"allerdings".#20252;]
[GN=ART:"den"."der";=NOU:"Eindruck".#4441;]
[??=PNT:",".",".#-1;]
[CN=CON:"dass"."dass".#-1;]
[GN=PRO:"man"."man".#-1;]
[GP=PRE:"in"."in".#-1;=ART:"der"."die";=ORG:"SPD"."Sozialdemokratische Partei Deutschlands".#7462;]
[PV=ADV:"völlig".#588989;=VER:"ignoriert"."ignorieren".#57638;]
[??=PNT:",".",".#-1;]
[CN=CON:"wie"."wie".#-1;]
[GA=ADJ:"verzweifelt".#51869;]
[GN=PRO:"sich"."er";]
[GN=ART:"der"."der".#-1;=ADJ:"letzte".#20278;=NOU:"Rest".#4214;]
[GP=ART:"der"."die";=NOU:"Wählerschaft".#166332;]
[GV=ADV:"daran".#130443;]
[PV=VER:"klammert"."klammern".#144603;]
[??=PNT:",".",".#-1;]
[CN=CON:"dass"."dass".#-1;]
[GN=ART:"die"."die".#-1;=NOU:"Sozialdemokraten"."Sozialdemokrat".#7449;]
[GA=ADV:"noch".#74484;=ADJ:"irgendwas"."irgendwas".#-1;]
[GP=PRE:"mit"."mit".#-1;=NOU:"Sozialdemokratie".#100121254;]
[PV=CON:"zu".#565251;=VER:"tun".#161713;]
[PV=VER:"haben".#125724;]
[CN=CON:"und"."und".#-1;]
[PN=ADJ:"keine"."kein";=NOU:"Lobby-Partei".$100007278;]
[GP=ART:"der"."die";=NOU:"Wirtschaft".#3857;]
[PN=VER:"sind"."sein".#13136;]
[??=PNT:".".".".#-1;]
[CL]
[GN=PRO:"Ich"."ich";]
[PV=VER:"befürchte"."befürchten".#117299;]
[GV=ADV:"mal".#118174;]
[??=PNT:",".",".#-1;]
[PV=ADV:"jetzt".#141095;=VER:"werden"."werden".#-1;]
[GV=ADV:"noch".#74484;=ADV:"mehr".#70026;]
[GP=PRE:"vom"."von";=NOU:"Glauben"."Glaube".#100034394;]
[PV=VER:"abfallen".#16245;]
[CN=CON:"und"."und".#-1;]
[GN=ART:"der"."der".#-1;=NPR:"Siggi"."Siggi".#-1;]
[PV=VER:"wird"."werden";]
[GP=PRE:"als"."als".#-1;=NOU:"Totengräber".#100537575;]
[GN=ART:"der"."der".#-1;=ORG:"SPD"."Sozialdemokratische Partei Deutschlands".#7462;]
[GP=PRE:"in"."in".#-1;=ART:"die"."die".#-1;=NOU:"Geschichte".#121178;]
[PV=VER:"eingehen".#132808;]
[??=PNT:".".".".#-1;]
[CL]
[CR]
[GN=NPH:"Jochen M L".$100215627;=NPR:"Ung"."Ung".#-1;]
[CL]
[CR]
[??=PNT:"#"."#".#-1;]
[GV=ADV:"spd"."spd".#-1;]
[GR=PRO:"wer"."wer".#-1;]
[PV=ADV:"nicht".#74226;=VER:"zuhören".#17138;=VER:"kann"."können";]
[CN=CON:"oder"."oder".#-1;]
[CN=CON:"wie"."wie".#-1;]
[GP=PRE:"im"."in";=NOU:"Fall".#100128234;]
[GN=NOU:"S"."s".#100009956;=NPH:"Gabriel"."Siegmar Gabriel".$100215627;]
[PV=VER:"will"."wollen".#14680;]
[??=PNT:",".",".#-1;]
[GP=PRE:"mit"."mit".#-1;=PRO:"dem"."der";]
[PV=VER:"redet"."reden".#13412;]
[GN=PRO:"man"."man".#-1;]
[GV=ADV:"auch".#23235;=ADV:"nicht".#74226;=ADV:"mehr".#70026;]
[??=PNT:".".".".#-1;]
[CL]
[GN=PRO:"jeder"."jede";]
[GV=ADV:"nur".#20252;]
[GN=ART:"ein"."ein".#-1;=NOU:"Kreuz".#100040843;]
[??=PNT:"..."."...".#-1;]
[CL]
[CN=CON:"aber"."aber".#-1;]
[GV=ADV:"nicht".#74226;]
[GP=PRE:"beim"."bei";=ADJ:"dicken"."dick".#33457;=NPR:"Siggi"."Siggi".#-1;]
[??=PNT:".".".".#-1;]
[CL]
[CR]
[GN=NOU:"Adieu"."adieu".#19553;]
[??=PNT:"!"."!".#-1;]
[CL]
[CR]
[GN=DAT:"19. Sep. 2016"."Sep-19-2016".$100205892;]
[GP=PRE:"vor".#596945;=MEA:"19 Stunden"."19 Stunde".$100025235;]
[CL]
[CR]
[GN=NPH:"Bernd Schmidt".$100215627;]
[CL]
[CR]
[GN=PRO:"Das"."das";]
[PN=VER:"war"."sein".#12562;]
[GV=ADV:"mal".#118174;]
[PN=ART:"eine"."ein";=NOU:"Partei".#100007278;]
[GN=ART:"der"."der".#-1;=NOU:"Arbeiter".#4724;]
[GP=PRE:"bis zu".#599983;=NPH:"Schröders"."Schröder".#497050;]
[GN=ADJ:"arbeitnehmerfeindlichen".$41878;=NOU:"Agenda".#9366;]
[GA=DAT:"2010".$100205892;]
[??=PNT:".".".".#-1;]
[CL]
[GN=NOU:"Pfui".#77961;=NPR:"Teufel"."Gehörnter".#100412467;]
[GP=PRE:"wie"."wie".#-1;=PRO:"die"."die".#-1;]
[GN=PRO:"sich"."er";]
[PV=VER:"gewandelt"."wandeln".#14551;=VER:"haben"."haben".#-1;]
[??=PNT:".".".".#-1;]
[CL]
[GN=NPH:"Sigmar"."Siegmar Gabriel".$100215627;]
[PN=VER:"ist"."sein".#12562;]
[GV=ADV:"nur".#20252;]
[PN=ART:"eine"."ein";=NOU:"Marionette".#100189888;]
[GP=ART:"der"."die";=NOU:"Konzerne"."Konzern".#104830453;]
[??=PNT:".".".".#-1;]
[CL]
[CR]
[GN=NPH:"Thomas Ivers".$100215627;]
[CL]
[CR]
[GN=ART:"Die"."die";=ORG:"SPD"."Sozialdemokratische Partei Deutschlands".#7462;]
[PV=VER:"tut"."tun".#161713;]
[GV=ADV:"aber".#74486;=ADV:"auch".#23235;=ADV:"wirklich".#107105;]
[GP=PRO:"alles"."all";]
[GV=ADV:"dafür".#130588;]
[CN=CON:"um"."um".#-1;]
[GP=PRE:"in"."in".#-1;=ART:"der"."die";=NOU:"Bedeutungslosigkeit".#26385;]
[PV=CON:"zu".#565251;=VER:"verschwinden".#118143;]
[??=PNT:".".".".#-1;]
[CL]
[GA=ADV:"Irgendwie"."irgendwie".#117848;=ADJ:"traurig".#97963;]
[??=PNT:".".".".#-1;]
[CL]
[CR]
[GN=NPH:"Pascal Ghiribelli".$100215627;]
[CL]
[CR]
[GN=PRO:"Das"."das";]
[PN=VER:"ist"."sein".#12562;=NOU:"Verrat".#102166722;]
[??=PNT:".".".".#-1;]
[CL]
[GN=ART:"Die"."die";=ORG:"SPD"."Sozialdemokratische Partei Deutschlands".#7462;]
[PN=VER:"ist"."sein".#12562;=ADV:"nicht".#74226;=ADV:"mehr".#70026;=ADJ:"wählbar".#166327;]
[??=PNT:".".".".#-1;]
[CL]
[GN=ART:"Die"."die";=NOU:"Demokratie".#9209;]
[PV=VER:"übt"."üben".#161841;]
[GN=NOU:"Selbstmord".#100010737;]
[??=PNT:".".".".#-1;]
[CL]
[GN=PRO:"Ich"."ich";]
[PV=VER:"glaube"."glauben".#13006;]
[GV=ADV:"nicht".#74226;]
[??=PNT:",".",".#-1;]
[CN=CON:"dass"."dass".#-1;]
[GN=PRO:"man"."man".#-1;]
[PV=PRO:"sich"."er";]
[GV=ADV:"noch".#74484;]
[GP=PRE:"auf"."auf".#-1;=ART:"die"."die".#-1;=NOU:"Politik".#2388;]
[PV=VER:"verlassen".#119624;=VER:"kann"."können";]
[CN=CON:"und"."und".#-1;]
[GN=ART:"die"."die".#-1;=NOU:"Menschen"."Mensch".#100215627;]
[GP=PRE:"in"."in".#-1;=ADJ:"diesem"."dies";=NOU:"Land".#1570;]
[PV=VER:"müssen"."müssen".#-1;]
[GN=ADJ:"ihr"."ihr".#-1;=NOU:"Schicksal".#86370;]
[GN=PRO:"selbst"."selbst".#-1;]
[PV=VER:"in die Hand nehmen".#600142;]
[??=PNT:".".".".#-1;]
[CL]
[CR]
[GN=NPR:"Befeld"."Befeld".#-1;=NPH:"Paul".#115731774;]
[CL]
[CR]
[GN=NOU:"Na".#100000658;]
[GV=ADV:"dann".#98967;]
[GN=NPR:"Tschüß"."Tschüß".#-1;]
[GN=NOU:"alte Tante".#2514;=ORG:"SPD"."Sozialdemokratische Partei Deutschlands".#7462;]
[??=PNT:"!"."!".#-1;]
[CL]
[GV=ADV:"Am besten"."am besten".#575958;]
[GN=PRO:"man"."man".#-1;]
[PV=VER:"fragt"."fragen";=VER:"schonmal"."Schonabmalen".$18722;]
[GR=PRE:"nach".#562278;=PRO:"was"."was".#-1;]
[GN=ART:"das"."das".#-1;=NPH:"Willy Brandt".#100002514;]
[GP=NOU:"Haus"."Hau".#2711;]
[GP=PRE:"in"."in".#-1;=GEO:"Berlin".#12936154;]
[GV=ADV:"so".#130436;]
[GP=PRE:"am"."an";=NOU:"Immobilienmarkt".#57757;]
[PV=VER:"bringt"."bringen".#14085;]
[??=PNT:"..."."...".#-1;]
[CL]
[CR]
[GN=NPH:"Johannes Hastreiter".$100215627;]
[CL]
[CR]
[CN=CON:"Damit"."damit";]
[CN=CON:"und"."und".#-1;]
[GP=PRE:"mit"."mit".#-1;=PRO:"seiner"."sein";]
[GN=ADJ:"möglichen"."möglich".#40256;=NOU:"Kanzlerkandidatur".#497524;]
[PV=VER:"hat"."haben";]
[GP=ART:"der"."die";=NOU:"Dicke".#33446;]
[GN=ART:"das"."das".#-1;=NOU:"Grab".#100173387;]
[GN=ART:"der"."der".#-1;=ORG:"SPD"."Sozialdemokratische Partei Deutschlands".#7462;]
[PV=VER:"geschaufelt"."schaufeln".#155395;]
[??=PNT:".".".".#-1;]
[CL]
[GN=PRO:"Ich"."ich";]
[PV=VER:"prophezeie"."prophezeien".#12768;]
[GP=PRE:"bei"."bei".#-1;=ART:"der"."die";=ADJ:"nächsten"."nah".#149622;=NOU:"Bundestagswahl".#30800;]
[GN=ART:"ein"."ein".#-1;=NOU:"Minus".#100444600;]
[GP=PRE:"von"."von".#-1;=PCT:"8"."8%".$100011229;=PNT:"-"."-".#-1;=PCT:"10%".$100011229;]
[??=PNT:".".".".#-1;]
[CL]
[GN=PRO:"Ich"."ich";]
[PV=VER:"hoffe"."hoffen".#14599;]
[GV=ADV:"nur".#20252;]
[??=PNT:",".",".#-1;]
[CN=CON:"dass"."dass".#-1;]
[GN=PRO:"diese"."dies";]
[GP=PRE:"in"."in".#-1;=NOU:"Richtung".#102151613;]
[GA=ADJ:"LINKE"."link".#28062;]
[PV=VER:"wandern".#17104;]
[CN=CON:"und"."und".#-1;]
[GV=ADV:"nicht".#74226;]
[CN=CON:"zu".#565251;]
[GN=ART:"den"."der";=ADJ:"angeblichen"."angeblich".#21170;=PNT:""".""".#-1;=DOC:"Volksverstehern".$103150005;=PNT:""".""".#-1;]
[??=PNT:".".".".#-1;]
[CL]
[CR]
[GN=NPH:"Peter Wolf".$100215627;]
[CL]
[CR]
[GN=PRO:"Wir"."wir";]
[PV=VER:"brauchen".#14079;]
[GN=ART:"das"."das".#-1;=NOU:"Abkommen".#5146;]
[GV=ADV:"nicht".#74226;]
[??=PNT:".".".".#-1;]
[CL]
[GN=ART:"Die"."die";=NOU:"Amerikaner".#8202;]
[GV=ADV:"schon".#87685;]
[??=PNT:",".",".#-1;]
[GR=PRO:"die"."Amerikaner".#8202;]
[PV=VER:"brauchen".#12747;]
[GN=ADJ:"neue"."neu".#149888;=NOU:"Märkte"."Markt".#113033698;]
[??=PNT:",".",".#-1;]
[CN=CON:"da"."da".#-1;]
[GN=PRO:"deren"."die";=NOU:"Währung".#100008142;]
[GP=PRE:"am"."an";=NOU:"Boden".#100217164;]
[PV=VER:"liegt"."liegen".#16342;]
[??=PNT:".".".".#-1;]
[CL]
[GN=ART:"Die"."die";=ORG:"SPD"."Sozialdemokratische Partei Deutschlands".#7462;]
[GP=PRE:"unter"."unter".#-1;=NPH:"Gabriel"."Siegmar Gabriel".$100215627;]
[PV=VER:"brauchen".#14079;]
[GN=PRO:"wir"."wir".#-1;]
[GV=ADV:"jetzt".#141095;=ADV:"auch".#23235;=ADV:"nicht".#74226;=ADV:"mehr".#70026;]
[??=PNT:".".".".#-1;]
[CL]
[PV=ADV:"Da"."da".#173213;=VER:"wundern".#118232;=PRO:"sich"."er";]
[GN=ADJ:"beide".#169688;=ADJ:"großen"."groß".#50386;=NOU:"Parteien"."Partei".#100007278;]
[??=PNT:",".",".#-1;]
[CN=CON:"warum"."warum".#-1;]
[GN=ART:"die"."die".#-1;=NOU:"Leute".#14356;=ORG:"AfD"."Alternative für Deutschland".#106721203;]
[PV=VER:"wählen".#13051;]
[??=PNT:".".".".#-1;]
[CL]
[GN=ADJ:"Beide"."beide".#169688;=NOU:"Regierungsparteien"."Regierungspartei".#5534;]
[PV=VER:"haben"."haben".#-1;]
[GN=ART:"den"."der";=NOU:"Kontakt".#10291;]
[GP=PRE:"zur"."zu";=NOU:"Bevölkerung".#117523;]
[PV=VER:"verloren"."verlieren".#164502;]
[??=PNT:".".".".#-1;]
[CL]
[CR]
[GN=NPH:"Ernst Fischer".$100215627;]
[CL]
[CR]
[GN=NOU:"Weiß".#100023444;]
[CN=CON:"denn"."denn".#-1;]
[GN=ART:"der"."der".#-1;=PNT:""".""".#-1;=ADJ:"kleine"."klein".#62098;=NPH:"Mann"."Ralf Mann".$100215627;=PNT:""".""".#-1;]
[GV=ADV:"überhaupt".#120405;]
[GN=PRO:"was"."was".#-1;]
[GN=NPH:"CETA".$100215627;]
[CN=CON:"und"."und".#-1;]
[GN=NPR:"TTIP"."TTIP".#-1;]
[PV=VER:"bedeuten".#14815;]
[GN=PRO:"das"."das".#-1;]
[PV=VER:"ist"."sein".#172056;]
[GV=ADV:"genauso".#23235;]
[CN=CON:"wie"."wie".#-1;]
[GP=PRE:"bei"."bei".#-1;=NPR:"BREXIT"."Brexit".#107888194;]
[GN=PRO:"einige"."einige".#-1;]
[PV=VER:"glauben".#13006;]
[GN=PRO:"es"."es".#-1;]
[PV=CON:"zu".#565251;=VER:"wissen".#12920;]
[CN=CON:"und"."und".#-1;]
[PV=VER:"beeinflussen".#12928;]
[GN=ART:"die"."die".#-1;=NOU:"Mehrheit".#119461;]
[CN=CON:"und"."und".#-1;]
[GN=PRO:"die"."die".#-1;]
[GN=PRO:"es"."es".#-1;]
[PV=ADV:"eigentlich".#36198;=VER:"wissen"."wissen".#-1;=VER:"müssten"."müssen";=VER:"sagen".#154795;]
[GV=ADV:"nix"."nix".#-1;]
[CN=CON:"oder"."oder".#-1;]
[GA=ADV:"nur".#20252;=ADJ:"ganz".#45972;]
[GV=ADV:"wenig".#108777;]
[??=PNT:".".".".#-1;]
[CL]
[CR]
[GN=DAT:"19. Sep. 2016"."Sep-19-2016".$100205892;]
[GP=PRE:"vor".#596945;=MEA:"18 Stunden"."18 Stunde".$100025235;]
[CL]
[CR]
[GN=NPH:"Jürgen Brunauer".$100215627;]
[CL]
[CR]
[CN=CON:"So weit"."so weit";]
[PN=VER:"ist"."sein".#12562;]
[GN=PRO:"es"."es".#-1;]
[GP=PRE:"mit"."mit".#-1;=ART:"der"."die";=ADJ:"ehemaligen"."ehemalig".#35927;=NOU:"Arbeitnehmerpartei".$550;]
[PN=ADJ:"gekommen"."gekommen".#-1;]
[??=PNT:"!"."!".#-1;]
[CL]
[GN=PRO:"Ich"."ich";]
[GN=PRO:"meine"."mein";]
[GV=ADV:"damit".#32147;=ADV:"nicht".#74226;]
[GN=ART:"die"."die".#-1;=ADJ:"vielen"."viel".#173024;=NOU:"Parteimitglieder"."Parteimitglied".#7416;]
[GN=PRO:"die"."der";]
[GV=ADV:"vor Ort".#588588;]
[GN=ADV:"immer noch".#149375;=ADJ:"sozialdemokratische"."sozialdemokratisch".#91434;=NOU:"Arbeit".#14258;]
[PV=VER:"tun".#13039;]
[??=PNT:".".".".#-1;]
[CL]
[??=PNT:"?"."?".#-1;=PNT:"?"."?".#-1;=PNT:"?"."?".#-1;=PNT:"?"."?".#-1;]
[CL]
[CR]
[GN=PRO:"Ich"."ich";]
[GN=PRO:"meine"."mein";]
[CN=CON:"damit"."damit".#-1;]
[GN=ART:"eine"."ein";=NOU:"Parteispitze".#76878;]
[??=PNT:",".",".#-1;]
[GR=PRO:"die"."Parteispitze".#76878;]
[GP=PRE:"vor".#596945;=ADJ:"lauter"."laut".#66515;=NOU:"Machtgeilheit".#499368;]
[GN=ADJ:"ihre"."ihr";=NOU:"Prinzipien"."Prinzip".#100211364;]
[PV=VER:"über Bord geworfen"."über Bord werfen".#590109;=VER:"hat"."haben";]
[??=PNT:".".".".#-1;]
[CL]
[CR]
[CN=CON:"Und"."und";]
[CN=CON:"wenn"."wenn".#-1;]
[GN=ADJ:"dieser"."dies";=NOU:"Parteivorsitzende".#12876;=NPH:"Gabriel"."Siegmar Gabriel".$100215627;]
[PV=VER:"meint"."meinen".#172849;]
[??=PNT:",".",".#-1;]
[CN=CON:"damit"."damit".#-1;]
[GP=ART:"der"."die";=NOU:"Stammwählerschaft"."Stammwähler".#92932;]
[GN=ART:"einen"."ein";=NOU:"Grund".#1651;]
[PV=CON:"zu".#565251;=VER:"liefern".#117418;]
[??=PNT:",".",".#-1;]
[GN=ART:"eine"."ein";=NOU:"Partei".#100007278;]
[PV=CON:"zu".#565251;=VER:"wählen".#14875;]
[??=PNT:",".",".#-1;]
[GR=PRO:"die"."Partei".#100007278;]
[GN=ADV:"nicht".#74226;=ADJ:"Ihre"."Ihr";=NOU:"Interessen"."Interesse".#143175;]
[PV=VER:"vertritt"."vertreten".#13722;]
[??=PNT:",".",".#-1;]
[PV=ADV:"dann".#130436;=VER:"wird"."werden";]
[GN=PRO:"er"."er".#-1;]
[GP=PRE:"im"."in";=ADJ:"nächsten"."nah".#149622;=NOU:"Jahr".#100000577;]
[GA=ADV:"ziemlich".#111521;=ADJ:"hart".#120314;]
[PV=VER:"aufschlagen".#125480;]
[??=PNT:"!"."!".#-1;]
[CL]
[GP=PRE:"Im"."in";=NOU:"Interesse".#143175;]
[GN=ART:"der"."der".#-1;=ORG:"SPD"."Sozialdemokratische Partei Deutschlands".#7462;]
[PN=VER:"wäre"."sein";]
[GN=PRO:"es"."es".#-1;]
[PN=ADV:"wohl".#20252;=ADJ:"besser"."gut".#29675;=VER:"gewesen"."sein".#12562;]
[??=PNT:",".",".#-1;]
[GN=PRO:"er"."er".#-1;]
[PV=VER:"hätte"."haben";]
[GN=ADJ:"diese"."dies";=NOU:"Lektion".#67338;]
[PV=ADV:"heute".#141095;=ADV:"schon".#87685;=VER:"gelernt"."lernen".#12788;]
[??=PNT:"!"."!".#-1;]
[CL]
[CR]
[GN=PRO:"Wer"."wer";]
[GN=NPR:"Wiare"."Wiare".#-1;]
[CL]
[CR]
[GN=NOU:"Zitat".#100206287;]
[??=PNT:":".":".#-1;]
[??=PNT:""".""".#-1;]
[GR=PRO:"Wer"."wer";]
[PV=VER:"hat"."haben";]
[GN=PRO:"uns"."wir";]
[PV=VER:"verraten".#134590;]
[??=PNT:".".".".#-1;=PNT:".".".".#-1;=PNT:".".".".#-1;=PNT:"..."."...".#-1;]
[CL]
[PV=ADV:"Hoffentlich"."hoffentlich".#56313;=VER:"bekommen".#18053;]
[GN=PRO:"sie"."sie".#-1;]
[GN=ART:"die"."die".#-1;=NOU:"Quittung".#100190581;]
[GP=PRE:"bei"."bei".#-1;=ART:"der"."die";=ADJ:"nächsten"."nah".#149622;=NOU:"Wahl".#119259;]
[??=PNT:".".".".#-1;]
[CL]
[GN=ADJ:"Welcher"."welch";=ADV:"normal".#119055;=ADJ:"intelligente"."intelligent".#62394;=NOU:"Mensch".#100215627;]
[PV=VER:"fällt"."hereinfallen".#53854;]
[GP=PRE:"auf"."auf".#-1;=ADJ:"solch".#27540;=ADJ:"lächerliche"."lächerlich".#48050;=NOU:"Versprechungen"."Versprechung".#104503;]
[GV=ADV:"herein"."hereinfallen";]
[??=PNT:"?"."?".#-1;]
[CL]
[GV=ADV:"Schon mal"."schon mal".#58986;]
[GN=NPH:"Anna Cecilia Malmström".$100215627;]
[PV=VER:"zugehört"."zugehören".#173276;]
[??=PNT:"?"."?".#-1;]
[CL]
[CR]
[GN=NPH:"René Rausch".$100215627;]
[CL]
[CR]
[PV=ADV:"Spätestens"."spätestens".#91678;=ADV:"jetzt".#141095;=VER:"sollte"."sollen".#148995;]
[GV=ADV:"auch".#23235;]
[GP=PRO:"dem"."der";]
[GN=NOU:"Letzten"."Letzt".#16627;]
[PV=ADV:"klar".#590325;=VER:"sein".#12562;]
[??=PNT:",".",".#-1;]
[CN=CON:"dass"."dass".#-1;]
[GN=ART:"die"."die".#-1;=NPR:"sPD"."sPD".#-1;=ADJ:"keine"."kein";=ADJ:"sozialdemokratische"."sozialdemokratisch".#91434;=NOU:"Partei".#100007278;]
[PV=ADV:"mehr".#70026;=VER:"ist"."sein".#172056;]
[??=PNT:".".".".#-1;]
[CL]
[PV=ADV:"Hoffentlich"."hoffentlich".#56313;=VER:"wird"."werden";]
[GN=ADJ:"diese"."dies";=NOU:"Entdemokratisierung".#38422;]
[GV=ADV:"noch".#74484;]
[GP=PRE:"von"."von".#-1;=ART:"der"."die";=ORG:"EU"."Europäische Union".#40262;]
[PV=VER:"gestoppt"."stoppen".#29149;]
[??=PNT:".".".".#-1;]
[CL]
[GV=ADV:"Woran"."woran".#167615;]
[GN=PRO:"ich"."ich".#-1;]
[GA=ADV:"nicht".#74226;=ADJ:"wirklich".#82526;]
[PV=VER:"glauben".#13006;=VER:"kann"."können";]
[??=PNT:".".".".#-1;]
[CL]
[CR]
[GN=NOU:"Liebe".#119360;]
[GV=NPR:"sPD"."sPD".#-1;]
[??=PNT:".".".".#-1;]
[CL]
[PV=VER:"Löst"."auflösen".#17052;]
[GN=PRO:"Euch"."ihr";]
[GV=ADV:"auf"."auflösen";]
[??=PNT:"!"."!".#-1;]
[CL]
[GN=ART:"Die"."die";=NOU:"Parteilinke".#569463;]
[PV=VER:"kann"."können";]
[GV=ADV:"ja"."ja".#-1;]
[GV=ADV:"zur Linken".#67810;]
[PV=VER:"wechseln".#14716;]
[??=PNT:",".",".#-1;]
[GN=ART:"der"."der".#-1;=NPR:"Seeheimer"."Seeheimer".#-1;=NOU:"Kreis".#1915;]
[GP=PRE:"zur"."zu";=ORG:"CDU"."Christlich-Demokratische Union".#7466;=PNT:"/"."/".#-1;=ORG:"FDP"."Freie Demokratische Partei".#7464;]
[??=PNT:".".".".#-1;]
[CL]
[CR]
[GN=DAT:"19. Sep. 2016"."Sep-19-2016".$100205892;]
[GP=PRE:"vor".#596945;=MEA:"17 Stunden"."17 Stunde".$100025235;]
[CL]
[CR]
[GN=PRD:"Siri".#100582159;=NPH:"Wolf"."Andreas Wolf".$100215627;]
[CL]
[CR]
[GN=PRO:"Ich"."ich";]
[PV=VER:"frage"."fragen".#14345;]
[GN=PRO:"mich"."ich";]
[GV=ADV:"langsam".#596325;]
[CN=CON:"ob"."ob".#-1;]
[GN=ART:"die"."die".#-1;=ORG:"SPD"."Sozialdemokratische Partei Deutschlands".#7462;]
[PV=VER:"mitbekommen".#148800;=VER:"hat"."haben";]
[??=PNT:",".",".#-1;]
[CN=CON:"dass"."dass".#-1;]
[GV=ADV:"auch".#23235;]
[GP=PRE:"von"."von".#-1;=ADJ:"ihr"."ihr".#-1;=NOU:"Wähler".#5682;]
[GP=PRE:"zur"."zu";=ORG:"AFD"."Alternative für Deutschland".#106721203;]
[??=PNT:",".",".#-1;]
[GV=ADV:"nein".#588676;]
[PV=ADV:"nicht".#74226;=VER:"gewandert"."wandern".#132313;]
[??=PNT:",".",".#-1;]
[CN=CON:"sondern"."sondern".#-1;]
[GP=PRE:"über".#596948;=ADJ:"stürmische"."stürmisch".#94829;=NOU:"See".#100023397;]
[PN=ADJ:"gerudert"."gerudert".#-1;=VER:"sind"."sein";]
[??=PNT:",".",".#-1;]
[GV=ADV:"auch".#23235;]
[CN=CON:"wenn"."wenn".#-1;]
[GN=PRO:"dies"."dies".#-1;]
[PV=VER:"verschwiegen"."verschweigen".#15515;=VER:"wird"."werden";]
[??=PNT:".".".".#-1;]
[CL]
[CN=CON:"Aber"."aber";]
[GR=PRO:"was"."was".#-1;]
[PV=VER:"soll"."sollen".#148995;]
[GN=PRO:"es"."es".#-1;]
[??=PNT:".".".".#-1;]
[CL]
[PV=ADV:"Alle"."alle".#123055;=VER:"werden".#14301;]
[GV=ADV:"jetzt".#141095;]
[??=PNT:"("."(".#-1;]
[GV=ADV:"ganz".#153491;]
[GV=ADV:"besonders".#58485;]
[GN=ART:"die"."die".#-1;=ORG:"SPD"."Sozialdemokratische Partei Deutschlands".#7462;]
[GN=NOU:"Mitglieder"."Mitglied".#14393;]
[CN=CON:"und"."und".#-1;]
[GN=NOU:"Wählerinnen"."Wählerin".#5682;=CON:"und"."und".#-1;=NOU:"Wähler".#5682;]
[??=PNT:")".")".#-1;]
[GP=PRE:"vor".#596945;=ART:"dem"."der";=NPR:"Bildschrim"."Bildschrim".#-1;]
[PV=VER:"knien".#16965;]
[CN=CON:"und"."und".#-1;]
[CN=CON:"wenn"."wenn".#-1;]
[GN=PRO:"er"."er".#-1;]
[PV=ADV:"dann".#130436;=ADV:"dort".#34368;=CON:"zu".#565251;=VER:"sehen".#12682;]
[PV=VER:"ist"."sein".#12562;]
[??=PNT:",".",".#-1;]
[GP=PRE:"vor".#596945;=ADJ:"lauter"."laut".#66515;=NOU:"Freude".#709;]
[GN=ART:"den"."der";=NOU:"Screen".#434;]
[PV=VER:"küssen".#173547;]
[??=PNT:"!"."!".#-1;]
[GN=PNT:":".":".#-1;=PNT:"-"."-".#-1;=GEO:"D"."Deutschland".#12907079;]
[CL]
[CR]
[GN=NPH:"Salomon Huxley".$100215627;]
[CL]
[CR]
[GN=NPR:"Blablabla"."Blablabla".#-1;]
[??=PNT:",".",".#-1;]
[GP=ART:"dem"."das";=NOU:"Volk".#500862;]
[GP=PRE:"in"."in".#-1;=ART:"den"."der";=NOU:"Rücken".#4721;]
[PV=VER:"fallen".#17179;]
[??=PNT:",".",".#-1;]
[GV=ADV:"blablabla"."blablabla".#-1;]
[??=PNT:",".",".#-1;]
[GN=NOU:"Turbokapitalismus".#98707;]
[GV=ADV:"usw.".#172460;=ADV:"usw.".#172460;]
[CL]
[CR]
[GN=NOU:"Haben"."Habe".#17334;]
[GV=ADV:"denn".#130440;=ADV:"jetzt".#141095;]
[GN=PRO:"alle"."all";]
[GV=ADV:"völlig".#588989;]
[GN=ART:"den"."der";=NOU:"Verstand".#3195;]
[PV=VER:"verloren"."verlieren".#16504;]
[??=PNT:"?"."?".#-1;]
[CL]
[GN=ART:"Ein"."ein";=NOU:"Handelsabkommen".#51771;]
[GP=PRE:"mit"."mit".#-1;=GEO:"Kanada".#16223390;]
[??=PNT:"!"."!".#-1;]
[CL]
[GR=PRO:"Was"."was";]
[PV=VER:"soll"."sollen".#148995;]
[GN=PRO:"den"."der";]
[PV=ADV:"da".#173213;=ADV:"jetzt".#141095;=VER:"passiere"."passieren".#500965;]
[??=PNT:"?"."?".#-1;]
[CL]
[GN=ADJ:"Alle"."all";=NPR:"15 Millionen"."15 Millionen".#-1;=NOU:"Erwerbstätigen"."Erwerbstätige".#100327055;]
[PV=VER:"kommen".#117781;]
[GP=PRE:"nach".#562278;=GEA:"Europa".#16226411;]
[CN=CON:"und"."und".#-1;]
[PV=VER:"machen".#14422;]
[GN=ADJ:"unsere"."unser";=NOU:"Jobs"."Job".#3643;]
[GP=PRE:"fürs"."für";=ADJ:"doppelte"."doppelt".#34290;=NOU:"Gehalt".#119306;]
[??=PNT:"?"."?".#-1;]
[CL]
[GN=ADJ:"Kulturelle"."kulturell".#65232;=NOU:"Entfremdung".#38504;]
[??=PNT:",".",".#-1;]
[CN=CON:"weil"."weil".#-1;]
[GV=ADV:"plötzlich".#596229;]
[GN=PRO:"alle"."all";]
[PN=ADJ:"ganz".#45972;=ADJ:"nett".#74002;=VER:"sind"."sein".#12562;]
[??=PNT:",".",".#-1;]
[GN=PRO:"man"."man".#-1;]
[GP=PRE:"im"."in";=NOU:"Supermarkt".#100180846;]
[GN=ADJ:"plötzlich".#172893;=PNT:""".""".#-1;=NOU:"Guten Tag".#121486;=PNT:""".""".#-1;]
[CN=CON:"und"."und".#-1;]
[GN=PNT:""".""".#-1;=NOU:"Danke"."Dank".#32229;=PNT:""".""".#-1;]
[PV=VER:"sagen".#12827;=VER:"muss"."müssen";]
[??=PNT:"?"."?".#-1;]
[CL]
[GN=ART:"Die"."die";=NOU:"Lebensmittelindustrie".#100540912;]
[PV=VER:"wird"."werden";]
[GP=PRE:"mit"."mit".#-1;=NOU:"Chlorbiebern"."Chlor";]
[PV=VER:"überschwemmt"."überschwemmen".#161931;]
[??=PNT:"?"."?".#-1;]
[CL]
[CR]
[GN=NPH:"Pete Rode".$100215627;]
[CL]
[CR]
[GN=PRO:"Ich"."ich";]
[PV=VER:"erkenne"."erkennen".#134460;]
[GP=PRE:"bei"."bei".#-1;=ART:"den"."die";=NOU:"Delegierten"."Delegierte".#32785;]
[CN=CON:"und"."und".#-1;]
[GP=PRE:"bei"."bei".#-1;=NOU:"Herrn"."Herr".#100177053;=NPH:"Gabriel"."Siegmar Gabriel".$100215627;]
[GN=ADJ:"suizidale"."suizidal".#95093;=NOU:"Tendenzen"."Tendenz".#1563;]
[??=PNT:".".".".#-1;]
[CL]
[PV=VER:"Sollte"."sollen";]
[GN=PRO:"man"."man".#-1;]
[GN=PRO:"die"."die".#-1;]
[GV=ADV:"nicht".#74226;=ADV:"mal".#118174;]
[GP=PRE:"zum"."zu";=NPR:"Psycho-Doc"."Psycho-Doc".#-1;]
[PV=VER:"schicken".#15250;]
[??=PNT:"?"."?".#-1;]
[CL]
[PV=ADV:"Da"."da".#173213;=VER:"muss"."müssen".#149311;]
[GN=PRO:"man"."man".#-1;]
[GN=PRO:"sich"."er";]
[GN=ADJ:"langsam".#47589;=NOU:"Sorgen machen"."Sorgen machen".#-1;]
[CN=CON:"um"."um".#-1;]
[GN=PRO:"deren"."die";=ADJ:"geistige"."geistig".#58677;=NOU:"Gesundheit".#100012147;]
[??=PNT:".".".".#-1;]
[CL]
[CR]
[GN=NPH:"Florian Heidenreich".$100215627;]
[CL]
[CR]
[GN=ADJ:"Ganz"."ganz".#137314;=ADJ:"ganz".#137314;=ADJ:"schlechte"."schlecht".#58160;=NOU:"Entscheidung".#2863;=NOU:"Herr".#100177053;=NPH:"Gabriel"."Siegmar Gabriel".$100215627;]
[CN=CON:"und"."und".#-1;]
[GN=NOU:"Co.".#139572;]
[GN=ART:"die"."die".#-1;=NOU:"Volkspartei".#105691;=ORG:"SPD"."Sozialdemokratische Partei Deutschlands".#7462;]
[GN=PRO:"das"."das".#-1;]
[GN=PRO:"ich"."ich".#-1;]
[PV=ADV:"nicht".#74226;=VER:"lache"."lachen".#15480;]
[??=PNT:":".":".#-1;]
[GN=NOU:"Lobbyarbeit".#67998;]
[PV=VER:"lohnt"."lohnen".#173875;=PRO:"sich"."er";]
[GV=ADV:"immer".#142693;]
[??=PNT:",".",".#-1;]
[GN=ART:"die"."die".#-1;=NOU:"Menschen"."Mensch".#100215627;]
[PN=VER:"sind"."sein".#12562;=ADV:"nicht".#74226;=ADJ:"wichtig".#109123;]
[??=PNT:",".",".#-1;]
[PV=PRO:"es"."es".#-1;=VER:"geht"."gehen".#14248;]
[GP=PRE:"um"."um".#-1;=NOU:"Kapitalismus".#100006206;]
[GP=PRE:"in"."in".#-1;=ADJ:"extremem"."extrem".#40738;=NOU:"Ausmaß".#88825;]
[??=PNT:".".".".#-1;]
[CL]
[GV=ADV:"Einfach"."einfach".#565253;]
[GA=ADV:"nur".#20252;=ADV:"noch".#74484;=ADJ:"traurig".#97963;]
[CN=CON:"wie"."wie".#-1;]
[GP=PRE:"an"."an".#-1;=ART:"den"."die";=NOU:"Bedürfnissen"."Bedürfnis".#146917;]
[GN=PRO:"aller"."all";]
[PV=VER:"vorbeiregiert"."Vorbeiregieren".$54069;=VER:"wird"."werden";]
[??=PNT:".".".".#-1;]
[CL]
[GN=PRO:"Das"."das";]
[PV=VER:"wird"."werden";=PRO:"sich"."er";]
[PV=VER:"rächen".#153027;]
[??=PNT:".".".".#-1;]
[CL]
[CR]
[GN=NPH:"Michael Dück".$100215627;]
[CL]
[CR]
[PV=ADV:"Da"."da".#173213;=VER:"haben".#14364;]
[GN=ART:"der"."der".#-1;=NOU:"Volksvertreter".#165656;=NPH:"Siegmar Gabriel".$100215627;]
[CN=CON:"und"."und".#-1;]
[GN=ADJ:"seine"."sein";=NOU:"Genossen"."Genosse".#14424;]
[GA=ADV:"mal".#118174;=ADJ:"richtig".#36197;]
[GR=PRO:"was"."was".#-1;]
[GP=PRE:"fürs"."für";=NOU:"Volk".#500862;]
[GP=PRE:"inklusive".#36973;=ART:"des"."der";=NOU:"kleinen Mannes"."kleiner Mann".#119345;]
[PV=VER:"getan"."tun".#13039;]
[??=PNT:",".",".#-1;]
[CN=CON:"oder"."oder".#-1;]
[PV=VER:"habe"."haben";]
[GN=PRO:"ich"."ich".#-1;]
[GV=ADV:"da".#173213;]
[GR=PRO:"was"."was".#-1;]
[PV=VER:"falsch verstanden"."falsch verstehen".#71122;]
[??=PNT:"?"."?".#-1;]
[CL]
[GP=PRO:"Wessen"."wer";]
[GN=NOU:"Interessen"."Interesse".#143175;]
[PV=VER:"vertritt"."vertreten".#165184;]
[GN=ART:"die"."die".#-1;=ORG:"SPD"."Sozialdemokratische Partei Deutschlands".#7462;]
[??=PNT:",".",".#-1;]
[GR=ORG:"die"."Sozialdemokratische Partei Deutschlands".#7462;]
[GV=ADV:"heute".#141095;]
[CN=CON:"weder"."weder".#-1;]
[PN=ADJ:"sozial".#63087;=ADV:"noch".#74484;=ADJ:"demokratisch".#118572;=VER:"ist"."sein".#12562;]
[??=PNT:"?"."?".#-1;]
[CL]
[CR]
[GN=DAT:"19. Sep. 2016"."Sep-19-2016".$100205892;]
[GP=PRE:"vor".#596945;=MEA:"16 Stunden"."16 Stunde".$100025235;]
[CL]
[CR]
[GN=NPH:"Hans Henning Hartmann".$100215627;]
[CL]
[CR]
[GN=ART:"Das"."das";=ADJ:"wesentliche"."wesentlich".#50717;]
[PV=VER:"ist"."sein".#12562;]
[??=PNT:",".",".#-1;]
[CN=CON:"dass"."dass".#-1;]
[GV=ADV:"kanadische"."kanadisch";]
[CN=CON:"und"."und".#-1;]
[GA=ADV:"mittelbar"."mittelbar".#-1;=ADV:"auch".#23235;]
[GN=GEO:"US"."Vereinigte Staaten".#16223392;=PNT:"-"."-".#-1;=ADJ:"amerikanische"."amerikanisch".#20700;=NOU:"Konzerne"."Konzern".#104830453;=GEO:"Deutschland".#12907079;]
[GP=PRE:"auf"."auf".#-1;=NOU:"Schadensersatz".#38783;]
[GP=PRE:"wegen"."wegen".#-1;=ADJ:"entgangenen"."entgangen";=NOU:"Gewinns"."Gewinn".#15759;]
[PV=VER:"verklagen".#103640;=VER:"können"."können".#-1;]
[??=PNT:",".",".#-1;]
[CN=CON:"wenn"."wenn".#-1;]
[GN=ORG:"EU"."Europäische Union".#40262;=PNT:"-"."-".#-1;]
[CN=CON:"oder"."oder".#-1;]
[GN=ADJ:"deutsche"."deutsch".#33218;=NOU:"Umwelt-"."Umweltbestimmung".$33195;]
[CN=CON:"oder"."oder".#-1;]
[GN=NOU:"Verbraucherschutzbestimmungen"."Verbraucherschutzbestimmung".$128562;]
[GP=PRO:"ihnen"."sie";]
[GN=ART:"das"."das".#-1;=NOU:"Geschäft".#2967;]
[PV=VER:"vermasseln".#168098;]
[??=PNT:".".".".#-1;]
[CL]
[GR=PRO:"Was"."was";]
[PV=VER:"sagen"."dazusagen".#32521;]
[CN=CON:"nun"."nun".#-1;]
[GN=ART:"die"."die".#-1;=NOU:"Jusos"."Juso".#59832;]
[CN=CON:"und"."und".#-1;]
[GN=PRO:"die"."die".#-1;]
[GN=ADJ:"sog.".#90998;=NOU:"Parteilinke".#569463;]
[GV=ADV:"dazu"."dazusagen";]
[??=PNT:"?"."?".#-1;]
[CL]
[GN=PRO:"Die"."der";]
[PV=VER:"wollten"."wollen";]
[GP=ADV:"doch".#173057;=ADV:"dagegen".#130327;]
[PV=VER:"stimmen".#14875;]
[??=PNT:".".".".#-1;]
[CL]
[CR]
[GN=DAT:"20. Sep. 2016"."Sep-20-2016".$100205892;]
[GP=PRE:"vor".#596945;=MEA:"14 Stunden"."14 Stunde".$100025235;]
[CL]
[CR]
[GN=NPH:"Christian Heck".$100215627;]
[CL]
[CR]
[GN=PRO:"Ich"."ich";]
[PV=VER:"muss"."müssen";]
[GP=PRE:"mit"."mit".#-1;=NOU:"Erschütterung".#27865;]
[PV=VER:"feststellen".#12682;]
[??=PNT:",".",".#-1;]
[CN=CON:"dass"."dass".#-1;]
[GP=PRE:"mit"."mit".#-1;=ART:"der"."die";=ADJ:"heutigen"."heutig".#54751;=NOU:"Zustimmung".#4909;]
[GP=PRE:"im"."in";=NOU:"Parteikonvent".#76862;]
[GN=ART:"die"."die".#-1;=NOU:"Verwandlung".#104865;]
[PN=ADJ:"abgeschlossen".#562508;=VER:"ist"."sein".#12562;]
[CN=CON:"und"."und".#-1;]
[GN=PNT:""".""".#-1;=ADJ:"meine"."mein";=PNT:""".""".#-1;=ORG:"SPD"."Sozialdemokratische Partei Deutschlands".#7462;]
[GP=PRE:"zu"."zu".#-1;=ART:"einer"."eine";=NOU:"Neo-Kapitalistische"."Neo-Kapitalistische".#-1;]
[GN=NOU:"Interessenvertretung".#143180;]
[PN=ADJ:"mutiert".#602970;=VER:"ist"."sein".#12562;]
[??=PNT:".".".".#-1;]
[CL]
[CR]
[GV=ADV:"Genau"."genau".#47735;=ADV:"so".#130436;]
[CN=CON:"wie"."wie".#-1;]
[GP=PRE:"nach".#562278;=ART:"der"."die";=NOU:"Politik".#2388;]
[GP=PRE:"von"."von".#-1;=NPH:"Gerhard Schröder"."Schröder".#497050;]
[PV=VER:"werde"."werden".#14301;]
[GN=PRO:"ich"."ich".#-1;]
[GN=PRO:"mich"."ich";]
[CN=CON:"und"."und".#-1;]
[GN=ADJ:"viele"."viel".#173024;=ADJ:"andere".#20987;=NOU:"Menschen"."Mensch".#100215627;]
[GP=PRE:"mit"."mit".#-1;=PRO:"mir"."ich";]
[??=PNT:",".",".#-1;]
[GP=PRE:"nach".#565265;=MEA:"15 Jahren"."15 Jahr".$100000577;]
[PV=VER:"umdrehen".#54175;]
[CN=CON:"und"."und".#-1;]
[PV=VER:"merken".#118760;]
[??=PNT:",".",".#-1;]
[CN=CON:"dass"."dass".#-1;]
[GN=PRO:"sie"."sie".#-1;]
[PV=VER:"abgehängt"."abhängen".#16343;]
[CN=CON:"und"."und".#-1;]
[GA=ADJ:"weiter"."weit".#30148;]
[GP=PRE:"in"."in".#-1;=NOU:"Armut".#22793;]
[CN=CON:"und"."und".#-1;]
[GP=NOU:"Abhängigkeit".#18573;]
[PV=VER:"gedrängt"."drängen".#118719;=VER:"wurden"."werden";]
[??=PNT:".".".".#-1;]
[CL]
[CR]
[??=PNT:"Tja"."tja";]
[CN=CON:"und"."und".#-1;]
[GV=ADV:"noch".#74484;]
[GN=ART:"einen"."ein";=NOU:"Kanzler".#12851;=NPH:"Siegmar Gabriel".$100215627;]
[CN=CON:"und"."und".#-1;]
[GN=PRO:"man"."man".#-1;]
[PV=VER:"kann"."können";]
[GN=PRO:"sich"."er";]
[PV=ADV:"nur".#20252;=ADV:"noch".#74484;=VER:"erschießen".#39734;]
[??=PNT:".".".".#-1;]
[CL]
[CR]
[GN=ADJ:"Mehrere"."viel".#173024;=ADJ:"tausend".#172298;=NOU:"Menschen"."Mensch".#100215627;]
[PV=VER:"gehen".#117714;]
[GP=PRE:"gegen"."gegen".#-1;=PRO:"die"."die".#-1;]
[GN=NOU:"Freihandelsabkommen".#568529;]
[GP=PRE:"auf"."auf".#-1;=ART:"die"."die".#-1;=NOU:"Straße".#100034442;]
[??=PNT:".".".".#-1;]
[CL]
[CN=CON:"Aber"."aber";]
[PV=VER:"hört"."hören".#12839;]
[GN=PRO:"man"."man".#-1;]
[GP=PRE:"auf"."auf".#-1;=PRO:"sie"."sie".#-1;]
[??=PNT:",".",".#-1;]
[PV=VER:"nimmt"."annehmen".#13358;]
[GN=PRO:"man"."man".#-1;]
[GN=PRO:"sich"."er";]
[GP=ADJ:"ihrer"."ihr";=NOU:"Sorgen"."Sorge".#101436482;]
[GV=ADV:"an"."annehmen";]
[??=PNT:"?"."?".#-1;]
[CL]
[GN=NOU:"Nein".#85536;]
[??=PNT:"!"."!".#-1;]
[CL]
[GN=NOU:"Hauptsache".#2250;=NOU:"Wirtschaft".#14673;]
[PN=VER:"ist"."sein".#12562;=ADJ:"zufrieden".#44886;]
[??=PNT:".".".".#-1;]
[CL]
[GN=PRO:"Ich"."ich";]
[PV=VER:"frage"."fragen".#14345;]
[GN=PRO:"mich"."ich";]
[CN=CON:"ob"."ob".#-1;]
[GN=ART:"der"."der".#-1;=NOU:"Markt".#100037654;]
[GV=ADV:"auch".#23235;]
[GP=ART:"den"."die";=ADJ:"sozialen"."sozial".#63087;=NOU:"Frieden"."Friede".#3434;]
[PV=VER:"regelt"."regeln".#15398;]
[??=PNT:"?"."?".#-1;]
[CL]
[CR]
[GN=DAT:"20. Sep. 2016"."Sep-20-2016".$100205892;]
[GP=PRE:"vor".#596945;=MEA:"13 Stunden"."13 Stunde".$100025235;]
[CL]
[CR]
[GN=NPH:"Jörg Krauß".$100215627;]
[CL]
[CR]
[GN=NOU:"Spezialdemokraten"."Spezialdemokrat".$12873;]
[??=PNT:"!"."!".#-1;]
[CL]
[GN=PRO:"Die"."der";]
[PV=VER:"merken".#118760;]
[GV=ADV:"nicht".#74226;]
[??=PNT:",".",".#-1;]
[GR=PRO:"das"."das".#-1;]
[GN=PRO:"Sie"."Sie".#-1;]
[GN=PRO:"sich"."er";]
[GP=PRE:"durch"."durch".#-1;=ADJ:"solche"."solch".#27540;=NOU:"Entscheidungen"."Entscheidung".#2863;]
[GA=ADV:"immer".#142693;=ADJ:"entbehrlicher"."entbehrlich".#38393;]
[PV=VER:"machen".#13039;]
[??=PNT:".".".".#-1;]
[CL]
[GN=PRO:"Welcher"."welcher";]
[GN=ADJ:"global".#108744;=PNT:""".""".#-1;=ADJ:"operierende"."operierend".#596647;=PNT:""".""".#-1;=NOU:"Kapitalist".#143951;]
[PV=VER:"lässt"."lassen".#17365;]
[GN=PRO:"sich"."er";]
[GP=PRE:"von"."von".#-1;=ART:"den"."der";=NPR:"Sozen"."Sozen".#-1;]
[PV=VER:"vorschreiben".#166054;]
[??=PNT:",".",".#-1;]
[CN=CON:"wie"."wie".#-1;]
[GV=ADV:"Sozial"."sozial".#596400;]
[GP=PRE:"in"."in".#-1;=GEO:"D"."Deutschland".#12907079;]
[PV=VER:"geht"."gehen".#14248;]
[??=PNT:"?"."?".#-1;]
[CL]
[GN=ADJ:"Diese"."dies";=NOU:"Entscheidung".#2863;]
[PV=VER:"war"."sein".#13136;]
[PV=VER:"vorauszusehen"."voraussehen".#122330;]
[??=PNT:",".",".#-1;]
[CN=CON:"nun"."nun".#-1;]
[PV=VER:"darf"."dürfen";]
[GN=ART:"die"."die".#-1;=ORG:"SPD"."Sozialdemokratische Partei Deutschlands".#7462;]
[GN=ART:"den"."der";=NOU:"Begriff".#4781;]
[GN=NOU:"Sozialdemokratie".#100121254;]
[GA=ADV:"komplett".#588989;=ADJ:"neu".#149884;]
[PV=VER:"einkleiden".#132924;]
[??=PNT:".".".".#-1;]
[CL]
[PN=ADV:"Da"."da".#173213;=VER:"bin"."sein".#12562;]
[GN=PRO:"ich"."ich".#-1;]
[PN=ADV:"mal".#118174;=ADJ:"gespannt".#39926;]
[??=PNT:",".",".#-1;]
[CN=CON:"wie"."wie".#-1;]
[GN=PRO:"die"."die".#-1;]
[GN=PRO:"sich"."er";]
[PV=VER:"erneuern".#14916;]
[??=PNT:".".".".#-1;]

SBJ=5:7;SBJ=9:10;SBJ=18:21;OBJ=20:21;SBJ=26:25;SBJ=-49:32;SBJ=-49:37;SBJ=46:47;SBJ=55:56;SBJ=58:61;SBJ=71:72;SBJ=77:78;SBJ=82:83;SBJ=89:90;OBJ=104:107;SBJ=115:118;SBJ=127:130;OBJ=129:130;OBJ=145:140;SBJ=156:157;SBJ=156:159;SBJ=-49:180;OBJ=176:180;SBJ=-49:182;SBJ=183:185;OBJ=184:185;SBJ=190:196;SBJ=204:205;SBJ=209:208;SBJ=219:222;OBJ=220:222;SBJ=224:230;OBJ=226:230;CPL=227:230;SBJ=239:242;OBJ=241:242;SBJ=249:253;OBJ=250:253;SBJ=249:259;SBJ=279:281;SBJ=290:291;OBJ=229:291;SBJ=297:301;OBJ=300:301;SBJ=297:303;OBJ=314:316;SBJ=320:319;SBJ=327:326;SBJ=335:336;SBJ=342:343;SBJ=346:349;OBJ=348:349;SBJ=-49:355;OBJ=357:355;SBJ=360:362;OBJ=361:362;OBJ=-49:368;SBJ=-49:373;SBJ=-49:376;SBJ=380:384;OBJ=383:384;SBJ=389:390;OBJ=392:390;APH=400:398;SBJ=398:404;SBJ=411:406;OBJ=408:406;CPL=412:406;OBJ=415:414;SBJ=-53:420;OBJ=419:420;APH=442:438;SBJ=438:444;OBJ=443:444;SBJ=450:451;OBJ=453:451;SBJ=455:456;OBJ=458:456;SBJ=467:468;SBJ=467:472;SBJ=473:474;SBJ=478:480;CPL=479:480;SBJ=484:483;OBJ=482:483;SBJ=490:494;SBJ=502:504;SBJ=507:510;OBJ=509:510;SBJ=513:514;SBJ=518:521;SBJ=525:526;SBJ=533:539;OBJ=534:539;SBJ=550:551;SBJ=560:558;CPL=561:558;SBJ=563:566;SBJ=569:570;SBJ=-52:581;SBJ=589:591;SBJ=604:606;OBJ=605:606;SBJ=-53:612;SBJ=-53:619;SBJ=623:624;SBJ=623:640;OBJ=638:640;SBJ=642:643;SBJ=650:652;SBJ=660:662;OBJ=661:662;SBJ=668:667;CPL=670:667;SBJ=676:679;OBJ=678:679;SBJ=686:691;OBJ=689:691;CPL=695:694;SBJ=715:712;OBJ=716:712;SBJ=727:730;OBJ=729:730;SBJ=738:737;SBJ=746:748;SBJ=753:754;OBJ=756:754;SBJ=759:760;OBJ=761:760;CPL=762:760;SBJ=-49:775;SBJ=-49:784;OBJ=787:784;SBJ=790:792;OBJ=791:792;APH=801:797;SBJ=-49:798;SBJ=797:803;SBJ=-49:815;OBJ=814:815;SBJ=819:820;APH=825:821;SBJ=821:827;OBJ=826:827;SBJ=-49:836;OBJ=838:836;SBJ=841:843;SBJ=849:851;OBJ=847:851;SBJ=-49:865;SBJ=-49:871;SBJ=873:878;SBJ=885:886;SBJ=890:891;SBJ=895:894;CPL=919:916;SBJ=915:918;SBJ=924:927;OBJ=926:927;SBJ=929:932;SBJ=938:939;SBJ=938:945;SBJ=952:953;SBJ=955:956;SBJ=958:959;OBJ=960:959;SBJ=-49:963;SBJ=967:971;SBJ=-52:978;OBJ=977:978;SBJ=989:990;SBJ=991:997;OBJ=992:997;SBJ=1008:1010;OBJ=1009:1010;SBJ=-49:1013;OBJ=1015:1013;SBJ=-49:1019;SBJ=1023:1026;OBJ=1030:1026;SBJ=-52:1036;OBJ=1037:1036;APH=1043:1040;SBJ=1040:1044;OBJ=1045:1044;SBJ=1048:1050;SBJ=-52:1054;OBJ=1055:1054;SBJ=1059:1058;SBJ=1062:1063;SBJ=1065:1069;OBJ=1067:1069;SBJ=1083:1084;SBJ=1083:1089;SBJ=1083:1091;OBJ=1090:1091;SBJ=1083:1093;SBJ=1096:1098;OBJ=1097:1098;SBJ=1112:1114;SBJ=1116:1123;OBJ=1117:1123;APH=1132:1130;SBJ=1130:1135;OBJ=1134:1135;SBJ=1140:1141;SBJ=1140:1146;OBJ=1145:1146;APH=1151:1148;SBJ=1140:1149;OBJ=1148:1149;SBJ=1148:1153;OBJ=1152:1153;SBJ=1156:1159;SBJ=1164:1165;SBJ=1167:1170;OBJ=1169:1170;SBJ=1179:1182;OBJ=1181:1182;SBJ=1185:1184;OBJ=1186:1184;SBJ=1140:1190;SBJ=1195:1196;SBJ=1162:1209;SBJ=1214:1215;OBJ=1212:1215;SBJ=-49:1220;OBJ=1227:1226;SBJ=1230:1234;OBJ=1236:1234;SBJ=-49:1246;OBJ=1247:1246;SBJ=1250:1251;OBJ=1267:1268;SBJ=1271:1272;OBJ=1289:1290;SBJ=1297:1295;OBJ=1294:1295;SBJ=1314:1317;OBJ=1312:1317;SBJ=1322:1323;OBJ=1324:1325;SBJ=1327:1328;SBJ=1332:1331;SBJ=1339:1340;SBJ=1342:1347;OBJ=1335:1347;OBJ=1349:1352;SBJ=-49:1358;OBJ=1362:1358;SBJ=1365:1369;OBJ=1366:1369;SBJ=1374:1371;SBJ=-49:1387;SBJ=1389:1390;SBJ=1393:1394;SBJ=1407:1409;SBJ=-52:1414;SBJ=1417:1422;OBJ=1419:1422;SBJ=-49:1429;OBJ=1428:1429;SBJ=1432:1433;OBJ=1434:1433;APH=1436:1434;SBJ=1434:1439;SBJ=1454:1457;SBJ=1460:1467;SBJ=1462:1467;OBJ=1462:1467;OBJ=1464:1467;SBJ=-52:1470;OBJ=1472:1470;SBJ=1478:1481;SBJ=-49:1492;SBJ=1497:1498;SBJ=1500:1503;CPL=1502:1503;SBJ=-49:1510;SBJ=-52:1530;SBJ=1538:1541;OBJ=1540:1541;SBJ=1544:1545;CPL=1547:1545;SBJ=1552:1551;SBJ=1556:1555;SBJ=1563:1564;SBJ=-49:1567;OBJ=1568:1567;SBJ=1570:1573;SBJ=1583:1584;SBJ=1587:1592;OBJ=1588:1592;SBJ=1594:1596;OBJ=1595:1596;OBJ=1597:1599;SBJ=1606:1607;OBJ=1606:1608;SBJ=1612:1616;OBJ=1613:1616;SBJ=-49:1618;SBJ=1623:1625;OBJ=1624:1625;APH=293:229;APH=636:623;APH=918:876;APH=1189:1140;APH=1208:1162;
#ERRORS#	gravity	pos	len	pos	lem	occ	syn	vir	abs	occcorr	lemcorr	poscorr	vircorr	syncorr
Wrong Entity Form	1	16	6	NOU		Würfel	100045089	False	2				 	
Wrong Disambiguation	1	97	5	VER	aufhelfen	hilft	500459	False	15				 	23464
Wrong Disambiguation	1	113	5	ADV	dafür	Dafür	130588	False	20				 	130318
Wrong Disambiguation	1	154	6	VER		wählen	120505	False	27				 	
Wrong Disambiguation	0	188	4	NPH	Ralf Mann	Mann	100215627	True	36			NOU	 	
Wrong Disambiguation	1	198	3	VER	sein	bin	172056	False	39				 	
Wrong Disambiguation	1	309	6	VER	stimmen	stimmt	120930	False	57				 	
Wrong Disambiguation	1	354	4	NOU		Volk	165625	False	65				 	
Wrong Disambiguation	0	408	8	NOU		Mehrheit	100095581	False	73				 	
Wrong Disambiguation	1	425	7	VER		stimmen	120930	False	76				 	
Wrong Entity Type	0	447	5	NPR	Siggi	Siggi	-1	False	81				 	
Wrong Disambiguation	1	506	9	ADJ	schlecht	schlechte	58160	False	88				 	
Wrong Recognition	1	516	10	NPR	Nachricht.	Nachricht.	-1	False	89			NOU	 	
Wrong Entity Type	1	573	4	NPH		CETA	100215627	True	100				 	
Wrong Disambiguation	1	578	5	VER	helfen	hilft	14056	False	101				 	
Wrong Disambiguation	1	617	6	NOU	Bauer	Bauern	26087	False	108				 	
Wrong Entity Form	1	778	6	GEO		Selcuk	10298496	False	133				 	
Missing Concept	0	857	6	ADJ	schade	schade	-1	False	150				 	
Wrong Disambiguation	1	899	5	VER	stehen	steht	32369	False	159				 	
Wrong Disambiguation	1	960	8	VER		verraten	134590	False	172				 	
Wrong Grammar	2	1031	3	VER	malen	mal	500931	False	183			ADV	 	
Wrong Disambiguation	1	1078	6	ADV		vorbei	106033	False	190				 	
Wrong Entity Form	1	1158	5	NOU		Kalle	114915751	False	200				 	
Wrong Grammar	1	1178	4	VER	enden	ende	15917	False	204			NOU	 	
Wrong Grammar	1	1187	4	VER	enden	ende	15917	False	206			NOU	 	
Wrong Recognition	1	1202	9	ADJ	ehemalig	ehemalige	35927	False	209				 	
Wrong Disambiguation	1	1370	5	VER	haben	hätte	125724	False	234				 	
Wrong Disambiguation	1	1546	4	VER	gehen	geht	14248	False	264				 	
Wrong Disambiguation	1	1656	8	VER	verlieren	verloren	164493	False	284				 	164497
Wrong Entity Form	0	1743	8	NOU		Tasskaff	143640	True	298				 	
Wrong Grammar	1	1775	4	ADJ	lied	lied	-1	False	304			NOU	 	
Wrong Disambiguation	1	1875	8	VER	gewinnen	gewonnen	32516	False	323				 	
Wrong Grammar	1	1893	6	PRE	gleich	gleich	-1	False	327			ADV	 	
Wrong Disambiguation	1	1924	5	NOU		Kreuz	100040843	False	333				 	
Wrong Grammar	0	1975	1	PRE	a	a	-1	False	344				 	
Wrong Disambiguation	0	1977	1	NOU		c	117758	False	345				 	
Wrong Disambiguation	0	1979	1	NOU		h	17674	False	346				 	
Wrong Disambiguation	1	1985	4	NOU		Wahl	119259	False	348				 	
Wrong Disambiguation	1	2090	7	VER		bleiben	129080	False	365				 	14281
Wrong Disambiguation	1	2111	13	VER	ausplaudern	ausgeplaudert	126611	False	369				 	134590
Wrong Entity Form	1	2147	4	NOU		Zahn	2489	False	374				 	
Wrong Disambiguation	1	2156	5	VER	wählen	wählt	13051	False	376				 	
Wrong Grammar	1	2167	6	ADJ		gleich	22392	False	378			ADV	 	
Wrong Disambiguation	1	2369	6	ADV		vorbei	106033	False	409				 	
Wrong Disambiguation	1	2400	4	ADV		voll	165665	False	414				 	
Wrong Grammar	1	2416	4	VER	gellen	Gell	87957	False	417				 	
Wrong Disambiguation	1	2485	6	VER	stimmen	Stimmt	14875	False	427				 	
Wrong Disambiguation	1	2521	3	VER	haben	hat	13090	False	433				 	
Wrong Entity Type	1	2574	4	NPH	CETA	Ceta	100215627	True	446				 	
Wrong Disambiguation	1	2579	10	VER	zustimmen	zugestimmt	14317	False	447				 	13896
Wrong Disambiguation	1	2598	8	NOU		Mehrheit	119461	False	451				 	
Wrong Disambiguation	1	2668	6	VER	sagen	gesagt	154795	False	463				 	
Wrong Disambiguation	1	2884	5	VER	finden	finde	14311	False	499				 	
Wrong Disambiguation	1	2890	4	ADV		eher	35935	False	500				 	
Wrong Entity Type	1	3067	4	NPH		CETA	100215627	True	537				 	
Wrong Disambiguation	1	3072	4	VER	sein	sind	172056	False	538				 	
Wrong Disambiguation	0	3078	6	VER		wählen	13051	False	540				 	
Wrong Disambiguation	1	3098	5	NOU		Grüne	7033	False	544				 	
Wrong Grammar	1	3117	5	ADJ	link	LINKE	28062	False	548			ORG	 	
Wrong Disambiguation	1	3191	3	VER	haben	hat	125724	False	564				 	
Wrong Recognition	1	3229	9	ADJ	wählbar	unwählbar	166327	False	570				 	
Wrong Disambiguation	1	3239	7	VER	machen	gemacht	16224	False	571				 	
Wrong Grammar	1	3248	6	NOU		Schade	116152	False	573			ADV	 	
Wrong Grammar	1	3264	4	ADJ		weiß	108331	False	577			VER	 	
Wrong Disambiguation	1	3274	4	ADV		echt	153491	False	579				 	82526
Wrong Entity Form	1	3312	7	NPR	Vörckel	Vörckel	-1	False	588				 	
Wrong Disambiguation	1	3402	4	VER	können	kann	12879	False	602				 	
Wrong Disambiguation	1	3427	4	NOU		Wahl	2865	False	606				 	2864
Wrong Disambiguation	1	3457	7	VER		kämpfen	16575	False	613				 	
Wrong Disambiguation	0	3495	6	NOU	Wille	Willen	563173	False	620				 	
Wrong Grammar	0	3531	4	ADJ	viel	mehr	173024	False	627			ADV	 	
Wrong Recognition	1	3536	12	NOU		Wert-Tschüss	19553	True	628				 	
Wrong Disambiguation	1	3673	9	VER	rechnen	gerechnet	14576	False	649				 	
Missing Concept	1	3746	10	NOU	Hochtour	Hochtouren	56212	False	661				 	
Missing Concept	0	3830	6	ADV	intern	intern	-1	False	676				 	
Wrong Disambiguation	1	3849	9	VER	rechnen	gerechnet	14576	False	680				 	
Wrong Grammar	0	3947	3	PRO	das	das	-1	False	696			CON	 	
Wrong Disambiguation	1	4028	5	VER	stehen	steht	124179	False	711				 	
Wrong Disambiguation	1	4038	5	NOU		Linke	566361	False	713				 	
Wrong Disambiguation	1	4101	8	NOU	Konvent	Konvents	101128397	False	725				 	
Wrong Disambiguation	1	4124	8	NOU		Mehrheit	119461	False	729				 	
Wrong Disambiguation	1	4197	7	NOU		Konvent	101128397	False	741				 	
Wrong Grammar	1	4217	9	VER		überlegen	54247	False	743			ADJ	 	
Wrong Disambiguation	1	4275	4	VER	leben	lebt	14637	False	752				 	
Missing Concept	0	4335	16	ADJ	genmanipuliertem	genmanipuliertem	-1	False	766				 	
Wrong Disambiguation	1	4375	6	VER	stimmen	stimmt	14875	False	772				 	
Wrong Disambiguation	1	4515	2	ADV		so	130436	False	796				 	
Missing Concept	1	4525	6	NOU		Rücken	4721	False	799				 	
Wrong Disambiguation	1	4532	6	VER		fallen	17179	False	800				 	
Wrong Disambiguation	1	4559	5	VER	stehen	steht	32369	False	806				 	
Wrong Disambiguation	1	4814	4	NOU		Wahl	2865	False	850				 	
Wrong Disambiguation	1	4852	5	VER	wählen	wählt	14875	False	857				 	
Wrong Disambiguation	1	4914	6	VER		dienen	131097	False	870				 	
Wrong Disambiguation	1	4925	9	ADJ	einfach	einfachen	56999	False	872				 	
Wrong Disambiguation	1	4955	8	VER		verraten	134590	False	878				 	164647
Wrong Disambiguation	1	4997	5	NOU		Linke	566361	False	886				 	
Missing Concept	0	5120	6	VER	hängen	hängen	-1	False	909				 	
Wrong Disambiguation	1	5127	6	VER	bleiben	bleibt	129080	False	910				 	
Wrong Disambiguation	1	5186	5	VER	stehen	steht	159252	False	917				 	
Wrong Grammar	1	5202	2	CON	um	um	-1	False	920			PRE	 	
Wrong Disambiguation	1	5277	3	ADV		gar	46001	False	932				 	
Wrong Disambiguation	1	5304	4	ADV		dazu	98967	False	938				 	
Wrong Disambiguation	1	5334	3	VER	geben	gab	13134	False	941				 	15231
Wrong Disambiguation	1	5363	4	VER	gehen	geht	14248	False	946				 	
Wrong Recognition	1	5384	4	ADJ		paar	47019	False	951				 	
Wrong Disambiguation	1	5483	10	ADV		eigentlich	36198	False	968				 	
Wrong Disambiguation	1	5494	4	VER		sein	172056	False	969				 	
Wrong Entity Form	1	5500	3	NPH		Tim	496594	False	971				 	
Wrong Grammar	0	5557	6	NPR	Tja...	Tja...	-1	False	981			ADV	 	
Wrong Recognition	1	5577	17	ADV	rückgängig machen	rückgängig machen	-1	False	985			VER	 	
Wrong Disambiguation	1	5568	4	VER	können	kann	145390	False	983				 	
Wrong Entity Type	1	5596	4	NPH	CETA	Ceta	100215627	True	987				 	
Wrong Disambiguation	1	5655	6	VER		drehen	54175	False	1000				 	
Wrong Grammar	1	5739	8	ADJ	wunderts	wunderts	-1	False	1016			VER	 	
Wrong Disambiguation	1	5786	10	VER	sprechen	gesprochen	12975	False	1025				 	
Wrong Recognition	2	5824	4	VER	weißen	weiß	108346	False	1030				 	
Wrong Disambiguation	1	5852	6	VER		stehen	32369	False	1036				 	
Wrong Disambiguation	1	5871	3	ADV		gut	596240	False	1041				 	
Wrong Disambiguation	0	5880	8	ADJ		schlecht	58160	False	1043				 	
Wrong Disambiguation	1	5924	3	VER	sein	ist	172056	False	1047				 	
Wrong Disambiguation	1	5978	2	ADV		so	130436	False	1060				 	
Wrong Disambiguation	1	5981	6	ADJ		haarig	139281	False	1061				 	
Wrong Disambiguation	1	6039	6	VER	angehen	angeht	13816	False	1071				 	
Wrong Disambiguation	1	6063	8	NOU	Belang	Belangen	2491	False	1076				 	
Wrong Disambiguation	1	6135	8	NOU		Eindruck	4441	False	1087				 	
Wrong Disambiguation	1	6243	8	VER	klammern	klammert	144603	False	1106				 	
Wrong Grammar	1	6284	9	ADJ	irgendwas	irgendwas	-1	False	1112			PRO	 	
Wrong Disambiguation	1	6366	4	VER	sein	sind	13136	False	1123				 	
Wrong Disambiguation	1	6426	8	VER		abfallen	16245	False	1135				 	
Wrong Entity Type	0	6443	5	NPR	Siggi	Siggi	-1	False	1138				 	
Wrong Disambiguation	0	6485	10	NOU		Geschichte	121178	False	1146				 	15270
Wrong Entity Form	0	6506	10	NPH		Jochen M L	100215627	True	1149				 	
Wrong Entity Form	1	6566	1	NOU	s	S	100009956	False	1161				 	
Wrong Disambiguation	1	6611	4	ADV		mehr	70026	False	1171				 	
Wrong Entity Type	0	6663	5	NPR	Siggi	Siggi	-1	False	1182				 	
Wrong Disambiguation	1	7072	4	ADV		mehr	70026	False	1247				 	
Wrong Disambiguation	1	7101	3	VER	üben	übt	161841	False	1252				 	161849
Wrong Entity Form	1	7265	6	NPR	Befeld	Befeld	-1	False	1280				 	
Wrong Grammar	2	7277	2	NOU		Na	100000658	False	1282			ADV	 	
Wrong Grammar	1	7285	6	NPR	Tschüß	Tschüß	-1	False	1284				 	
Missing Concept	0	7323	5	VER	fragen	fragt		True	1290				 	
Wrong Grammar	1	7329	8	VER	Schonabmalen	schonmal	18722	True	1291			ADV	 	
Wrong Grammar	1	7338	4	PRE		nach	562278	False	1292			ADV	 	
Wrong Recognition	1	7364	4	NOU	Hau	Haus	2711	False	1296				 	
Wrong Disambiguation	0	7379	2	ADV		so	130436	False	1299				 	
Wrong Disambiguation	1	7401	6	VER	bringen	bringt	14085	False	1302				 	
Wrong Grammar	1	7446	6	PRO	sein	seiner		True	1308			ADJ	 	
Wrong Disambiguation	1	7489	5	NOU		Dicke	33446	False	1313				 	
Wrong Grammar	1	7631	5	ADJ	link	LINKE	28062	False	1341			ORG	 	
Wrong Disambiguation	1	7637	7	VER		wandern	17104	False	1342				 	
Wrong Disambiguation	1	7675	15	DOC		Volksverstehern	103150005	True	1349				 	
Wrong Disambiguation	1	7708	8	VER		brauchen	14079	False	1354				 	
Wrong Disambiguation	1	7752	5	ADV		schon	87685	False	1361				 	
Wrong Disambiguation	1	7777	6	NOU	Markt	Märkte	113033698	False	1366				 	18856
Missing Concept	1	7805	5	NOU		Boden	100217164	False	1372				 	
Wrong Disambiguation	1	7811	5	VER	liegen	liegt	16342	False	1373				 	
Wrong Disambiguation	1	7840	8	VER		brauchen	14079	False	1379				 	12747
Wrong Disambiguation	1	7870	4	ADV		mehr	70026	False	1384				 	
Wrong Disambiguation	1	8002	8	VER	verlieren	verloren	164502	False	1406				 	
Wrong Grammar	1	8026	4	NOU		Weiß	100023444	False	1409			VER	 	
Wrong Entity Type	1	8068	4	NPH		CETA	100215627	True	1418				 	
Wrong Disambiguation	1	8095	3	VER	sein	ist	172056	False	1423				 	
Wrong Disambiguation	1	8171	8	NOU		Mehrheit	119461	False	1436				 	
Missing Concept	0	8202	6	VER	wissen	wissen	-1	False	1441				 	
Wrong Grammar	1	8236	4	ADJ		ganz	45972	False	1447			ADV	 	
Wrong Grammar	1	8293	7	CON	so weit	So weit		True	1454			ADV	 	
Missing Concept	0	8346	8	ADJ	gekommen	gekommen	-1	False	1461				 	
Wrong Grammar	1	8360	5	PRO	mein	meine		True	1464			VER	 	
Wrong Grammar	1	8470	5	PRO	mein	meine		True	1482			VER	 	
Wrong Disambiguation	1	8505	3	PRE		vor	596945	False	1488				 	
Wrong Recognition	1	8509	6	ADJ	laut	lauter	66515	False	1489				 	
Wrong Grammar	1	8619	5	CON	damit	damit	-1	False	1503			PRO	 	
Wrong Disambiguation	1	8653	5	NOU		Grund	1651	False	1507				 	
Wrong Disambiguation	1	8662	7	VER		liefern	117418	False	1509				 	
Wrong Disambiguation	0	8720	8	VER	vertreten	vertritt	13722	False	1520				 	
Wrong Entity Form	1	8881	3	PRO	wer	Wer		True	1550				 	
Wrong Disambiguation	1	8911	8	VER		verraten	134590	False	1558				 	
Wrong Disambiguation	1	8955	8	NOU		Quittung	100190581	False	1567				 	
Wrong Disambiguation	1	8981	4	NOU		Wahl	119259	False	1571				 	
Wrong Recognition	0	9073	9	ADV	schon mal	Schon mal	58986	False	1584				 	
Wrong Disambiguation	1	9106	8	VER	zugehören	zugehört	173276	False	1586				 	
Wrong Grammar	1	9157	3	PRO	der	dem		True	1593			ART	 	
Wrong Recognition	1	9161	7	NOU	Letzt	Letzten	16627	False	1594				 	
Wrong Entity Type	0	9189	3	NPR	sPD	sPD	-1	False	1600				 	
Wrong Disambiguation	1	9226	4	ADV		mehr	70026	False	1604				 	
Wrong Disambiguation	1	9231	3	VER	sein	ist	172056	False	1605				 	
Wrong Disambiguation	1	9279	4	ADV		noch	74484	False	1611				 	
Wrong Disambiguation	1	9295	8	VER	stoppen	gestoppt	29149	False	1615				 	
Wrong Grammar	1	9321	8	ADJ		wirklich	82526	False	1620			ADV	 	
Wrong Entity Type	0	9350	3	NPR	sPD	sPD	-1	False	1625				 	
Wrong Recognition	1	9394	10	ADV		zur Linken	67810	False	1635				 	
Wrong Entity Form	1	9429	5	NOU		Kreis	1915	False	1640				 	
Wrong Entity Form	1	9477	4	PRD		Siri	100582159	False	1649				 	
Wrong Disambiguation	0	9491	5	VER	fragen	frage	14345	False	1652				 	14351
Wrong Grammar	1	9552	3	ADJ	ihr	ihr	-1	False	1664			PRO	 	
Wrong Disambiguation	1	9583	9	VER	wandern	gewandert	132313	False	1671				 	
Wrong Disambiguation	1	9602	4	PRE		über	596948	False	1674				 	
Wrong Disambiguation	1	9618	3	NOU		See	100023397	False	1676				 	100000165
Missing Concept	0	9622	8	ADJ	gerudert	gerudert	-1	False	1677				 	
Wrong Grammar	1	9689	4	ADV	alle	Alle	123055	False	1691			PRO	 	
Wrong Recognition	0	9778	10	NPR	Bildschrim	Bildschrim	-1	False	1707				 	
Wrong Disambiguation	0	9807	4	ADV		dann	130436	False	1712				 	
Wrong Recognition	1	9835	6	ADJ	laut	lauter	66515	False	1719				 	
Missing Concept	1	9913	6	NOU		Rücken	4721	False	1735				 	
Wrong Disambiguation	1	9920	6	VER		fallen	17179	False	1736				 	
Wrong Grammar	1	9967	5	NOU	Habe	Haben	17334	False	1743			VER	 	
Wrong Grammar	0	10060	3	PRO	der	den		True	1759			ADV	 	
Wrong Disambiguation	1	10073	8	VER	passieren	passiere	500965	False	1762				 	
Wrong Grammar	1	10088	12	NPR	15 Millionen	15 Millionen	-1	False	1765			ADJ	 	
Wrong Disambiguation	1	10139	6	VER		machen	14422	False	1771				 	13039
Missing Concept	0	10285	5	NOU	Dank	Danke	32229	False	1797				 	
Wrong Disambiguation	1	10491	8	VER		schicken	15250	False	1829				 	13616
Wrong Grammar	1	10518	7	ADJ		langsam	47589	False	1835			ADV	 	
Wrong Recognition	1	10526	13	NOU	Sorgen machen	Sorgen machen	-1	False	1836				 	
Wrong Grammar	1	10540	2	CON	um	um	-1	False	1837			PRE	 	
Wrong Grammar	1	10590	4	ADJ	ganz	Ganz	137314	False	1843			ADV	 	137315
Wrong Grammar	1	10595	4	ADJ		ganz	137314	False	1844			ADV	 	
Wrong Grammar	0	10664	3	PRO	das	das	-1	False	1854			CON	 	
Wrong Disambiguation	1	10751	4	VER	gehen	geht	14248	False	1871				 	
Wrong Disambiguation	1	10905	5	VER		haben	14364	False	1897				 	
Wrong Grammar	1	11067	6	PRO	wer	Wessen		True	1921			ADJ	 	
Wrong Disambiguation	0	11085	8	VER	vertreten	vertritt	165184	False	1923				 	165183
Wrong Disambiguation	0	11119	6	ADJ		sozial	63087	False	1930				 	
Wrong Grammar	1	11126	4	ADV		noch	74484	False	1931			CON	 	
Wrong Disambiguation	1	11131	12	ADJ		demokratisch	118572	False	1932				 	
Wrong Grammar	1	11226	10	ADV	kanadisch	kanadische		True	1944			ADJ	 	
Missing Concept	0	11319	11	ADJ	entgangen	entgangenen		True	1956				 	
Wrong Disambiguation	1	11380	7	NOU	Umweltbestimmung	Umwelt-	33195	True	1966				 	
Wrong Disambiguation	1	11393	29	NOU	Verbraucherschutzbestimmung	Verbraucherschutzbestimmungen	128562	True	1968				 	
Wrong Disambiguation	1	11433	8	NOU		Geschäft	2967	False	1971				 	
Wrong Disambiguation	1	11458	5	VER		sagen	154792	False	1975				 	
Wrong Grammar	1	11482	3	PRO	die	die	-1	False	1980			ART	 	
Wrong Disambiguation	1	11693	13	ADJ		abgeschlossen	562508	False	2010				 	42300
Wrong Grammar	0	11736	19	NOU	Neo-Kapitalistische	Neo-Kapitalistische	-1	False	2019			ADJ	 	
Wrong Disambiguation	1	11803	4	PRE		nach	562278	False	2027				 	
Wrong Disambiguation	1	11936	9	VER	abhängen	abgehängt	16343	False	2050				 	
Wrong Recognition	1	11950	6	ADJ	weit	weiter	30148	False	2052		weiter	ADV	 	
Wrong Disambiguation	1	11983	8	VER	drängen	gedrängt	118719	False	2057				 	
Wrong Disambiguation	1	12008	4	ADV		noch	74484	False	2062				 	
Wrong Disambiguation	1	12065	4	ADV		noch	74484	False	2071				 	
Wrong Disambiguation	1	12107	5	VER		gehen	117714	False	2077				 	
Wrong Grammar	1	12119	3	PRO	die	die	-1	False	2079			ART	 	
Wrong Disambiguation	0	12151	6	NOU		Straße	100034442	False	2083				 	117896
Wrong Disambiguation	1	12231	10	NOU		Wirtschaft	14673	False	2101				 	
Wrong Disambiguation	0	12261	5	VER	fragen	frage	14345	False	2106				 	14351
Wrong Disambiguation	1	12294	8	ADJ	sozial	sozialen	63087	False	2113				 	91427
Wrong Disambiguation	1	12303	7	NOU	Friede	Frieden	3434	False	2114				 	
Wrong Grammar	0	12396	3	PRO	das	das	-1	False	2127			CON	 	
Wrong Disambiguation	1	12457	6	VER		machen	13039	False	2135				 	14553
Wrong Disambiguation	1	12505	5	VER	lassen	lässt	17365	False	2143				 	146722
Wrong Disambiguation	1	12548	6	ADV	sozial	Sozial	596400	False	2151				 	91427
Wrong Disambiguation	1	12560	4	VER	gehen	geht	14248	False	2154				 	
Wrong Disambiguation	1	12585	3	VER	sein	war	13136	False	2158				 	
