[GN=NOU:"Kommentare"."Kommentar".#101141067;]
[CL]
[CR]
[GP=PRE:"Am"."an";=DAT:"16. September 2016"."Sep-16-2016".$100205892;]
[GP=PRE:"um"."um".#-1;=HOU:"16:48".$100025235;]
[GP=PRE:"von"."von".#-1;=ADJ:"corigallo"."corigallo".#-1;]
[CL]
[CR]
[GN=ORG:"TTIP".$116334295;]
[GV=ADV:"schon".#156570;]
[CN=CON:"da"."da".#-1;]
[??=PNT:"?"."?".#-1;]
[CL]
[CR]
[GV=ADV:"also".#43901;]
[GN=ART:"ein"."ein".#-1;=GEO:"US"."Vereinigte Staaten".#16223392;=PNT:"-"."-".#-1;=NOU:"Unternehmer".#5327;]
[PV=VER:"zieht"."unterziehen".#126453;]
[GV=ADV:"so".#130436;]
[GP=PRE:"vor".#596943;=NOU:"Gericht".#1581;]
[CN=CON:"und"."und".#-1;]
[PV=VER:"gewinnt"."gewinnen".#138391;]
[??=PNT:"?"."?".#-1;]
[CL]
[PV=VER:"ist"."sein".#172056;]
[GN=ART:"das"."das".#-1;=ORG:"TTIP".$116334295;]
[GP=PRE:"durch"."durch".#-1;=ART:"die"."die".#-1;=NOU:"Hintertür".#100254569;]
[??=PNT:"?"."?".#-1;]
[CL]
[GN=PRO:"einer"."ein";]
[PV=VER:"erkläre"."erklären".#13475;]
[GP=PRO:"mir"."ich";]
[GN=PRO:"das"."das".#-1;]
[GV=ADV:"bitte".#169739;]
[??=PNT:".".".".#-1;]
[CL]
[GN=ART:"Der"."der";=NOU:"Kunde".#3878;]
[PN=VER:"ist"."sein".#12562;=NOU:"König".#7248;]
[??=PNT:"?"."?".#-1;]
[CL]
[CR]
[GP=PRE:"Am"."an";=DAT:"16. September 2016"."Sep-16-2016".$100205892;]
[GP=PRE:"um"."um".#-1;=HOU:"16:49".$100025235;]
[GP=PRE:"von"."von".#-1;=ADJ:"willi"."willi".#-1;=ADJ:"wupper"."wupper".#-1;=ADJ:"sen.".#89833;]
[CL]
[CR]
[PV=ADV:"vielleicht".#100886;=VER:"sollte"."sollen".#148995;]
[GN=PRO:"man"."man".#-1;]
[??=PNT:",".",".#-1;]
[CL]
[CR]
[GP=PRE:"über".#98894;=ART:"eine"."ein";=ADJ:"ablösung"."ablösung".#-1;]
[GN=PRO:"dieser"."dies";]
[GN=ADJ:"unfähign"."unfähign".#-1;=NOU:"ministerin"."Ministerin".#100083307;]
[PV=VER:"nachdenken".#12715;]
[??=PNT:".".".".#-1;]
[CL]
[GN=PRO:"es"."es".#-1;]
[PV=VER:"wird"."werden";]
[GN=PRO:"sich"."er";]
[GV=ADV:"sicher".#172999;]
[GN=ART:"ein"."ein".#-1;=ADJ:"anderer"."andere".#20987;=ADJ:"wichtiger"."wichtig".#109123;]
[PV=VER:"posten"."posten".#-1;=VER:"finden".#13881;]
[??=PNT:"/"."/".#-1;]
[PV=VER:"schaffen".#14986;=VER:"lassen"."lassen".#-1;]
[CL]
[CR]
[GP=PRE:"Am"."an";=DAT:"16. September 2016"."Sep-16-2016".$100205892;]
[GP=PRE:"um"."um".#-1;=HOU:"16:55".$100025235;]
[GP=PRE:"von"."von".#-1;=NPR:"kommentator77"."kommentator77".#-1;]
[CL]
[CR]
[GP=PRE:"von"."von".#-1;=ART:"der"."die";=PRD:"Leyen".$64;]
[PV=VER:"wandelt"."wandeln".#14551;]
[GP=PRE:"auf"."auf".#-1;]
[GP=NOU:"Merkels"."Merkels".#-1;]
[GP=NOU:"Spuren"."Spur".#4446;]
[CL]
[CR]
[GN=NOU:"Frau".#100000467;]
[GP=PRE:"von"."von".#-1;=ART:"der"."die";=PRD:"Leyen".$64;]
[PV=VER:"wandelt"."wandeln".#14551;]
[GV=ADV:"eigentlich".#36198;=ADV:"nur".#66818;]
[GP=PRE:"auf"."auf".#-1;]
[GP=NOU:"Merkels"."Merkel";]
[GP=NOU:"Spuren"."Spur".#4446;]
[??=PNT:".".".".#-1;]
[CL]
[GV=ADV:"Genau"."genau".#47735;]
[CN=CON:"wie"."wie".#-1;]
[GN=ADJ:"ihre"."ihr";=NOU:"Regierungschefin".#117439;]
[PV=VER:"setzt"."setzen".#157656;=PRO:"sich"."er";]
[GV=ADV:"auch".#23235;]
[GN=ART:"die"."die".#-1;=NOU:"Verteidigungsministerin".#100735015;]
[GN=ADJ:"irgendwelche";=NOU:"Dinge"."Ding".#33728;]
[GP=PRE:"in"."in".#-1;=ART:"den"."der";=NOU:"Kopf".#2614;]
[??=PNT:",".",".#-1;]
[GR=PRE:"auf"."auf".#-1;=PRO:"denen"."die";=PRO:"sie"."sie".#-1;]
[PV=ADV:"grundsätzlich".#79890;=ADV:"völlig".#588989;=ADJ:"stur".#52285;=VER:"beharrt"."beharren".#118717;]
[??=PNT:",".",".#-1;]
[PV=VER:"koste"."kosen".#15772;]
[GN=PRO:"es"."es".#-1;]
[??=PNT:",".",".#-1;]
[GR=PRO:"was"."was".#-1;]
[GN=PRO:"es"."es".#-1;]
[PV=VER:"wolle"."wollen".#14680;]
[??=PNT:".".".".#-1;]
[CL]
[CN=CON:"Und"."und";]
[GV=ADV:"dabei".#141135;]
[PV=VER:"geht"."gehen".#15379;=PRO:"es"."es".#-1;]
[GV=ADV:"nicht".#74226;=ADV:"nur".#66818;]
[GN=NOU:"Steuergeld".#93581;]
[??=PNT:".".".".#-1;]
[CL]
[GN=ART:"Das"."das";=NOU:"Wichtigste".#117104;]
[PV=VER:"ist"."sein".#13082;]
[??=PNT:",".",".#-1;]
[CN=CON:"dass"."dass".#-1;]
[GP=PRE:"auf"."auf".#-1;=ADV:"gar".#120405;=ADJ:"keinen"."kein";=NOU:"Fall".#16321;]
[GN=ART:"ein"."ein".#-1;=ADJ:"eigener"."eigen".#120216;=NOU:"Fehler".#2013;]
[PV=VER:"eingestanden"."eingestehen".#118902;=VER:"werden"."werden".#-1;=VER:"darf"."dürfen";]
[CN=CON:"und"."und".#-1;]
[GN=ART:"die"."die".#-1;=ADJ:"eigene"."eigen".#120216;=NOU:"Politik".#2388;]
[PV=VER:"folgt"."folgen".#17855;]
[GV=ADV:"auschließlich"."auschließlich".#-1;]
[GP=ART:"dem"."das";=NOU:"Motto".#100042470;]
[??=PNT:":".":".#-1;]
[GA=ADV:""";=ADJ:"Weiter"."weit".#30148;]
[GV=ADV:"so".#130436;=PNT:""".""".#-1;]
[??=PNT:".".".".#-1;]
[CL]
[GV=ADV:"Egal"."egal".#35860;]
[??=PNT:",".",".#-1;]
[CN=CON:"wie"."wie".#-1;]
[GN=ADJ:"viele"."viel".#173024;=NOU:"Bruchlandungen"."Bruchlandung".#3646;]
[PV=PRO:"es"."es".#-1;=VER:"gibt"."geben".#15231;]
[??=PNT:",".",".#-1;]
[GN=ART:"der"."der".#-1;=ADV:"einmal".#118174;=ADJ:"eingeschlagene"."eingeschlagen";=NOU:"Kurs".#4170;]
[PV=VER:"wird"."werden";]
[PV=ADJ:"stur".#52285;=VER:"beibehalten".#14219;]
[??=PNT:",".",".#-1;]
[GR=PRO:"selbst"."Kurs".#4170;]
[CN=CON:"wenn"."wenn".#-1;]
[GN=ART:"der"."der".#-1;=NOU:"Aufprall".#23642;]
[PN=ADV:"bereits".#156570;=ADV:"vollkommen".#588989;=ADJ:"absehbar".#18983;=VER:"ist"."sein".#12562;]
[??=PNT:".".".".#-1;]
[CL]
[CR]
[GP=PRE:"Am"."an";=DAT:"16. September 2016"."Sep-16-2016".$100205892;]
[GP=PRE:"um"."um".#-1;=HOU:"16:59".$100025235;]
[GP=PRE:"von"."von".#-1;=NPR:"Critical".$100034770;=PNT:"-"."-".#-1;=NOU:"X"."x".#110423;]
[CL]
[CR]
[??=PNT:":".":".#-1;=PNT:"-"."-".#-1;]
[??=PNT:")".")".#-1;]
[CL]
[CR]
[GN=NOU:"Na".#100000658;]
[GN=PRO:"sowas"."sowas".#-1;]
[??=PNT:"!"."!".#-1;]
[CL]
[GN=NOU:"Drohnen"."Drohn".#100650665;]
[GP=PRE:"aus"."aus".#-1;=GEO:"Israel".#10291909;]
[??=PNT:"..."."...".#-1;]
[CL]
[GN=NOU:"Hubschrauber".#1198;]
[GP=PRE:"aus"."aus".#-1;=GEO:"Österreich".#12768485;]
[??=PNT:"..."."...".#-1;]
[CL]
[GN=NOU:"Amerikaner".#8202;]
[??=PNT:",".",".#-1;]
[GR=PRO:"die"."der";]
[GN=PRO:"etwas"."etwas".#-1;]
[PV=ADV:"dagegen".#130327;=VER:"haben".#125724;]
[??=PNT:"..."."...".#-1;]
[??=PNT:"?"."?".#-1;]
[CL]
[GV=ADV:"Äh"."äh";]
[??=PNT:"?"."?".#-1;]
[??=PNT:"!"."!".#-1;]
[CL]
[GR=PRO:"Was"."was";]
[PV=VER:"bauen".#127512;]
[GN=PRO:"wir"."wir".#-1;]
[GV=ADV:"eigentlich".#36198;]
[??=PNT:"?"."?".#-1;]
[CL]
[CN=CON:"Oder"."oder";]
[PV=VER:"wollen"."wollen".#-1;]
[GN=PRO:"wir"."wir".#-1;]
[GV=ADV:"eher".#35935;]
[GN=NOU:"Waffen"."Waffe".#100000728;]
[GP=PRE:"mit"."mit".#-1;=ART:"den"."die";=NOU:"Israelis"."Israeli".#8336;]
[PV=PNT:""".""".#-1;=VER:"tauschen".#96108;=PNT:""".""".#-1;]
[??=PNT:"?"."?".#-1;]
[CL]
[CR]
[GN=ADJ:"Liebe"."lieb".#20346;=NOU:"Ministerin"."Minister".#100083307;]
[??=PNT:"..."."...".#-1;]
[CL]
[CN=CON:"wenn"."wenn".#-1;]
[GV=ADV:"so".#130436;]
[GN=ART:"ein"."ein".#-1;=NOU:"Ding".#100223557;]
[GV=ADV:"unbedingt".#100444;]
[PV=ADV:"hier".#54831;=VER:"gebraucht"."brauchen".#12747;=VER:"wird"."werden";]
[??=PNT:",".",".#-1;]
[PV=ADV:"dann".#130436;=VER:"kaufe"."kaufen".#14789;]
[GV=ADV:"eins".#36896;]
[GP=PRE:"im"."in";=NOU:"Blödmarkt".$113033698;]
[GA=ADJ:"um die Ecke".#45629;]
[??=PNT:".".".".#-1;]
[CL]
[PN=VER:"Ist"."sein".#12562;=ADJ:"billiger"."billig".#79704;]
[??=PNT:".".".".#-1;]
[CL]
[PV=ADV:"Dort"."dort".#34368;=VER:"gibt"."geben".#13134;]
[GN=PRO:"'s"."es";]
[PV=VER:"sicher"."sichern".#120275;]
[GV=ADV:"auch".#23235;]
[GN=NPR:"Hubis-"."Hubis-".#-1;]
[GV=ADV:"ganz".#24963;]
[GP=PRE:"ohne"."ohne".#-1;=NOU:"Personal".#821;]
[??=PNT:":".":".#-1;]
[??=PNT:")".")".#-1;]
[CN=CON:"Als"."als";]
[CN=CON:"ob"."ob".#-1;]
[GN=PRO:"wir"."wir".#-1;]
[GN=ADV:"derzeit".#33080;=ADJ:"keine"."kein";=ADJ:"anderen"."andere".#20987;=NOU:"Probleme"."Problem".#12402;]
[PV=VER:"haben".#13088;]
[GP=PRE:"als"."als".#-1;=ART:"eine"."ein";=ADV:"fast".#26795;=ADV:"nicht".#74226;=ADJ:"vorhandene"."vorhanden".#18832;=PNT:""".""".#-1;=NOU:"Truppe".#1469;=PNT:""".""".#-1;]
[PV=VER:"aufzurüsten"."aufrüsten".#154700;]
[??=PNT:".".".".#-1;]
[CL]
[CR]
[CN=CON:"Nun"."nun";]
[GV=ADV:"ja"."ja".#-1;]
[??=PNT:",".",".#-1;]
[PV=ADV:"mal".#118174;=VER:"sehen".#16457;]
[GN=ADJ:"welches"."welch";=NOU:"Amt".#14305;]
[GN=ART:"die"."die".#-1;=ADJ:"gute"."gut".#139254;=NOU:"Lady".#9695;]
[GP=PRE:"nach".#562278;=ART:"der"."die";=ADJ:"nächsten"."nah".#149622;=NOU:"Bundestagswahl".#30800;]
[PV=VER:"führen".#136980;=VER:"darf"."dürfen";]
[??=PNT:".".".".#-1;]
[CL]
[CR]
[GP=PRE:"Am"."an";=DAT:"16. September 2016"."Sep-16-2016".$100205892;]
[GP=PRE:"um"."um".#-1;=HOU:"17:00".$100025235;]
[GP=PRE:"von"."von".#-1;=NPR:"NeNeNe"."NeNeNe".#-1;]
[CL]
[CR]
[GV=ADV:"Unfassbar"."unfassbar";]
[??=PNT:"!"."!".#-1;]
[CL]
[CR]
[CN=CON:"Wenn"."wenn";]
[GN=PRO:"ich"."ich".#-1;]
[GN=PRO:"das"."das".#-1;]
[PV=VER:"lese"."lesen".#12844;]
[??=PNT:",".",".#-1;]
[PV=VER:"weiß"."weißen".#108346;]
[GN=PRO:"ich"."ich".#-1;]
[??=PNT:",".",".#-1;]
[CN=CON:"dass"."dass".#-1;]
[GN=PRO:"wir"."wir".#-1;]
[PN=ART:"ein"."ein".#-1;=NOU:"Spielball".#158425;]
[GP=ART:"der"."die";=NOU:"Konzerne"."Konzern".#104830453;]
[PN=VER:"sind"."sein".#12562;]
[??=PNT:".".".".#-1;]
[CL]
[GR=PRO:"Was"."was";]
[PV=VER:"wird"."werden";]
[PV=ADV:"erst".#112284;=VER:"werden".#167039;]
[??=PNT:",".",".#-1;]
[CN=CON:"wenn"."wenn".#-1;]
[GN=ORG:"TTIP".$116334295;]
[PV=VER:"aktiviert"."aktivieren".#14965;=VER:"wird"."werden";]
[??=PNT:".".".".#-1;]
[CL]
[GP=PRE:"Unter"."unter";=ART:"dem"."der";=NOU:"Deckmantel".#120298;]
[GP=ART:"der"."die";=NOU:"Sicherheit".#110566551;]
[PV=VER:"wird"."werden".#167036;]
[GN=PRO:"alles"."all";]
[GN=ADJ:"möglich".#40256;]
[??=PNT:".".".".#-1;]
[CL]
[GN=ART:"Der"."der";=NOU:"Bürger".#118955;]
[PV=VER:"wird"."werden".#167036;]
[GN=ADJ:"gläsern".#49134;]
[CN=CON:"und"."und".#-1;]
[GN=ART:"die"."die".#-1;=NOU:"Politiker".#100082955;]
[GV=ADV:"erpressbar"."erpressbar".#-1;]
[??=PNT:".".".".#-1;]
[CL]
[PV=VER:"Stimmt"."stimmen".#120929;]
[GV=ADV:"nicht".#74226;]
[??=PNT:"?"."?".#-1;]
[CL]
[GA=ADV:"Dann"."dann".#130436;=ADJ:"googeln"."googeln".#-1;]
[GN=PRO:"Sie"."Sie".#-1;]
[PV=VER:"mal"."malen".#147899;]
[??=PNT:".".".".#-1;]
[CL]
[CR]
[GP=PRE:"Am"."an";=DAT:"16. September 2016"."Sep-16-2016".$100205892;]
[GP=PRE:"um"."um".#-1;=HOU:"17:03".$100025235;]
[GP=PRE:"von"."von".#-1;=NPR:"Demokratiezukun"."Demokratiezukun".#-1;]
[??=PNT:"..."."...".#-1;]
[CL]
[CR]
[GV=ADV:"Warum"."warum".#107573;]
[PV=VER:"muss"."müssen";]
[GN=ADJ:"unsere"."unser";=NOU:"Bundeswehr".#117263;]
[PV=VER:"töten".#14066;=VER:"können"."können".#-1;]
[??=PNT:"?"."?".#-1;=PNT:"?"."?".#-1;]
[CL]
[CR]
[GV=ADV:"Also"."also".#43901;=ADV:"auch".#23235;]
[CN=CON:"wenn"."wenn".#-1;]
[PV=PRO:"es"."es".#-1;]
[GV=ADV:"hier".#54831;]
[GV=PNT:""".""".#-1;=ADV:"nur".#66818;=PNT:""".""".#-1;]
[GP=PRE:"um"."um".#-1;=ADJ:"wettbewerbsrechtliche"."Wettbewerbsrecht";=NOU:"Dinge"."Ding".#100223557;]
[PV=VER:"geht"."gehen".#14248;]
[??=PNT:",".",".#-1;]
[GV=ADV:"so".#130436;]
[PV=VER:"frage"."fragen".#14345;]
[GN=PRO:"ich"."ich".#-1;]
[GV=ADV:"trotzdem".#32971;]
[GV=ADV:"mal".#118174;]
[??=PNT:":".":".#-1;]
[GV=ADV:"warum".#107573;]
[PV=VER:"muss"."müssen";]
[GN=ADJ:"unsere"."unser";=NOU:"Bundeswehr".#117263;]
[GV=ADV:"unbedingt".#100444;]
[PV=VER:"töten".#14066;=VER:"können"."können".#-1;]
[GP=PRE:"mit"."mit".#-1;=ADJ:"solchen"."solch".#27540;=PRD:"Killerrohnen".$100012140;]
[GP=PRE:"wie"."wie".#-1;=NPR:"Predator"."Predator".#-1;]
[CN=CON:"und"."und".#-1;]
[GP=NOU:"Heron"."Heron".#-1;=NOU:"P"."p".#117198;]
[??=PNT:"?"."?".#-1;=PNT:"?"."?".#-1;]
[CL]
[GV=ADV:"Warum"."warum".#107573;]
[PV=VER:"muessen"."müssen";]
[GN=PRO:"wir"."wir".#-1;]
[GP=PRE:"als"."als".#-1;=GEO:"Deutschland".#12907079;]
[GP=PRE:"bei"."bei".#-1;=PRO:"solchen"."solch";]
[GN=ADJ:"völkerrechtswidrigen"."völkerrechtswidrig".#105610;=NOU:"Drohnenmorden"."Drohnenmord".$13224;]
[PV=VER:"mitmachen".#15665;]
[??=PNT:"?"."?".#-1;=PNT:"?"."?".#-1;]
[CL]
[GN=NOU:"Muss".#117302;]
[CN=CON:"dass"."dass".#-1;]
[PV=VER:"sein".#12562;]
[??=PNT:"?"."?".#-1;=PNT:"?"."?".#-1;]
[CL]
[GN=PRO:"Sowas"."sowas";]
[PV=VER:"ist"."sein".#172056;]
[CN=CON:"und"."und".#-1;]
[PV=VER:"bleibt"."bleiben".#14281;]
[GN=PRO:"eine"."ein";]
[GP=PRE:"nach".#562278;=NOU:"Artikel".#741;]
[GN=ADJ:"6"."6".#-1;=ORG:"UN"."Vereinte Nationen".#8583;=PNT:"-"."-".#-1;=NOU:"Zivilpakt".$1541;]
[GN=ADJ:"verbotene"."verboten".#563096;=ADJ:"illegale"."illegal".#57654;=NOU:"Vollstreckung".#40055;]
[GP=ART:"der"."die";=ADJ:"verbotenen"."verboten".#563097;=NOU:"Todesstrafe".#15697;]
[??=PNT:"!"."!".#-1;]
[CL]
[CR]
[GV=ADV:"Außerdem"."außerdem".#98967;]
[PV=VER:"wird"."werden";]
[GV=ADV:"dabei".#141135;=ADV:"auch".#23235;]
[GP=PRE:"gegen"."gegen".#-1;=NOU:"Artikel".#741;]
[GN=ADJ:"102"."102".#-1;=NOU:"GG".#15824;]
[PV=VER:"verstoßen".#112811;]
[GN=PRO:"der"."der".#-1;]
[CN=CON:"da"."da".#-1;]
[PV=VER:"heißt"."heißen".#13738;]
[??=PNT:":".":".#-1;]
[CL]
[CR]
[GN=WEB:"https://dejure.org/gesetze/GG/102.html".$100035127;]
[CL]
[CR]
[??=PNT:""".""".#-1;]
[GN=ART:"Die"."die";=NOU:"Todesstrafe".#15697;]
[PN=VER:"ist"."sein".#12562;=ADJ:"abgeschafft".#588719;]
[??=PNT:""".""".#-1;]
[??=PNT:".".".".#-1;]
[CL]
[CR]
[GV=ADV:"Deswegen"."deswegen".#33073;]
[??=PNT:":".":".#-1;]
[GN=ADJ:"unsere"."unser";=NOU:"Bundeswehr".#117263;]
[CN=CON:"und"."und".#-1;]
[GN=ART:"eine"."ein";=ADJ:"zukuenftige"."zukünftig".#65343;=ORG:"EU"."Europäische Union".#40262;=PNT:"-"."-".#-1;=NOU:"Armee".#100008473;]
[PV=VER:"duerfen"."dürfen";]
[GP=NOU:"NIEMALS"."NIEMALS".#-1;]
[GN=ADJ:"solche"."solch".#27540;=NOU:"Killerdrohnen"."Killerdrohn".$100484000;]
[GP=PRE:"in"."in".#-1;=ART:"die"."die".#-1;=NOU:"Hand".#100033767;]
[PV=VER:"bekommen".#18053;]
[CN=CON:"und"."und".#-1;]
[GN=ART:"den"."der";=GEO:"USA"."Vereinigte Staaten".#16223392;]
[PV=VER:"muss"."müssen";]
[GN=ART:"die"."die".#-1;=NOU:"Anwendung".#16061;]
[GP=ADJ:"solcher"."solch".#27540;=NOU:"Killerdrohnen"."Killerdrohn".$100484000;]
[GN=PRO:"ein"."ein".#-1;]
[GP=PRE:"fuer"."für";=ADV:"alle Male"."alle Mal".#20244;]
[PV=VER:"untersagt"."untersagen".#13776;=VER:"werden"."werden".#-1;]
[??=PNT:"!"."!".#-1;]
[CL]
[GN=PRO:"Sowas"."sowas";]
[PN=VER:"war"."sein".#12562;=NOU:"MORD"."Mord".#13224;]
[??=PNT:",".",".#-1;]
[PV=VER:"ist"."sein".#13136;]
[GN=NOU:"MORD"."Mord".#13224;]
[CN=CON:"und"."und".#-1;]
[PV=VER:"bleibt"."bleiben".#14281;]
[GN=NOU:"MORD"."Mord".#13224;]
[CN=CON:"und"."und".#-1;]
[GN=PRO:"diese"."dies";]
[PN=VER:"ist"."sein".#12562;=ADJ:"strafbar".#94100;]
[GP=PRE:"laut"."laut".#-1;=ADJ:"211"."211".#-1;=NOU:"StGB".#100019705;]
[??=PNT:"!"."!".#-1;]
[CL]
[CR]
[GV=ADV:"Darueber"."darüber".#141135;]
[GV=ADV:"hinaus".#55084;]
[??=PNT:":".":".#-1;]
[PV=VER:"hat"."haben";]
[GN=PRO:"unsere"."unser";]
[GN=ADJ:"werte"."wert".#118137;=NOU:"Bundesregierung".#30788;]
[GV=ADV:"eigentlich".#36198;=ADV:"mal".#118174;]
[GP=PRE:"an"."an".#-1;=ART:"die"."die".#-1;=ADJ:"10"."10".#-1;=NOU:"Gebote"."Gebot".#9315;]
[PV=VER:"gedacht"."denken".#13006;]
[??=PNT:"?"."?".#-1;=PNT:"?"."?".#-1;]
[CL]
[CR]
[GP=PRE:"Am"."an";=DAT:"16. September 2016"."Sep-16-2016".$100205892;]
[GP=PRE:"um"."um".#-1;=HOU:"17:06".$100025235;]
[GP=PRE:"von"."von".#-1;=NPR:"Demokratiezukun"."Demokratiezukun".#-1;]
[??=PNT:"..."."...".#-1;]
[CL]
[CR]
[GN=NPR:"Fage"."Fage".#-1;]
[GP=PRE:"an"."an".#-1;=ART:"die"."die".#-1;=ORG:"CDU"."Christlich-Demokratische Union".#7466;]
[??=PNT:":".":".#-1;]
[CN=CON:"wie"."wie".#-1;]
[PV=VER:"haltet"."halten".#13376;]
[GN=PRO:"ihr"."ihr".#-1;]
[GN=PRO:"es"."es".#-1;]
[GP=PRE:"mit"."mit".#-1;=ART:"dem"."das";=PNT:""".""".#-1;=NOU:"C"."c".#117757;=PNT:""".""".#-1;]
[GP=PRE:"im"."in";=NOU:"Parteinamen".$562229;]
[??=PNT:"?"."?".#-1;=PNT:"?"."?".#-1;]
[CL]
[CR]
[PV=ADV:"Weiterhin"."weiterhin".#98967;=VER:"frage"."fragen".#14345;]
[GN=PRO:"ich"."ich".#-1;]
[GP=PRE:"in"."in".#-1;=ADJ:"diesem"."dies";=NOU:"Kontext".#145508;]
[GV=ADV:"mal".#118174;]
[??=PNT:":".":".#-1;]
[CL]
[CR]
[CN=CON:"wie"."wie".#-1;]
[PV=VER:"hält"."halten".#14280;=PRO:"es"."es".#-1;]
[GV=ADV:"hier".#54831;]
[GN=ART:"die"."die".#-1;=ORG:"CDU"."Christlich-Demokratische Union".#7466;]
[GP=PRE:"mit"."mit".#-1;=ART:"dem"."das";=PNT:""".""".#-1;=NOU:"C"."c".#117757;=PNT:""".""".#-1;]
[GP=PRE:"im"."in";=NOU:"Parteinamen".$562229;]
[??=PNT:"?"."?".#-1;=PNT:"?"."?".#-1;]
[CL]
[CN=CON:"Denn"."denn";]
[??=PNT:":".":".#-1;]
[GP=ADJ:"solches"."solch".#27540;=NOU:"Töten"."Töten".#-1;]
[GP=PRE:"OHNE"."Ohne";=ADJ:"ordentliches"."ordentlich".#75894;=NOU:"Gerichtsverfahren".#1248;]
[??=PNT:",".",".#-1;]
[GP=PRE:"OHNE"."Ohne";=ADJ:"ordentliches"."ordentlich".#75894;=NOU:"Beweisaufnahme".#28252;]
[??=PNT:",".",".#-1;]
[GP=PRE:"OHNE"."Ohne";=ADJ:"ordentliches"."ordentlich".#75894;=NOU:"rechtliches Gehör".#498422;]
[GP=PRE:"fuer"."für";=PRO:"den"."der";]
[??=PNT:"/"."/".#-1;]
[GN=ART:"die"."die".#-1;=NOU:"Beschuldigte".#27635;]
[GP=PRE:"vor".#596943;=NOU:"Gericht".#1594;]
[PN=VER:"ist"."sein".#12562;]
[GN=PRO:"sowas"."sowas".#-1;]
[PN=ART:"ein"."ein".#-1;=ADJ:"klarer"."klar".#36338;=NOU:"Verstoß".#2713;]
[GP=PRE:"gegen"."gegen".#-1;=ADJ:"christliche"."christlich".#120903;=NOU:"Grundueberzeugungen"."Überzeugung".#105410500;]
[??=PNT:".".".".#-1;]
[CL]
[CR]
[GV=PRE:"Von"."von";]
[GV=ADV:"daher".#33073;]
[??=PNT:":".":".#-1;]
[GV=ADV:"auch".#23235;]
[GN=ART:"die"."die".#-1;=NOU:"us-Administration"."Us-Administration".$117436;]
[PV=VER:"sollte"."sollen";]
[GV=ADV:"mal".#118174;]
[PV=VER:"in sich gehen".#117695;]
[CN=CON:"und"."und".#-1;]
[GN=PRO:"sich"."er";]
[GA=ADV:"mal".#118174;=ADJ:"ernsthaft".#39622;]
[PV=VER:"fragen".#14345;]
[??=PNT:",".",".#-1;]
[CN=CON:"wie"."wie".#-1;]
[GN=PRO:"sie"."sie".#-1;]
[PV=PRO:"es"."es".#-1;]
[GP=PRE:"mit"."mit".#-1;=ART:"den"."die";=NOU:"Menschenrechten"."Menschenrecht".#100008458;]
[PV=VER:"hält"."halten".#117679;]
[??=PNT:",".",".#-1;]
[GR=PRO:"die"."die".#-1;]
[GN=PRO:"sie"."sie".#-1;]
[GV=ADV:"tagtäglich".#589018;]
[GP=PRE:"mit"."mit".#-1;=NOU:"Fueßen"."Fuß".#100015807;]
[PV=VER:"tritt"."treten".#16092;]
[??=PNT:",".",".#-1;]
[GV=ADV:"genauso".#23235;]
[GP=PRE:"wie"."wie".#-1;=ART:"die"."die".#-1;=ORG:"EU-Kommission".#100008880;]
[??=PNT:".".".".#-1;]
[CL]
[CR]
[GP=PRE:"Am"."an";=DAT:"16. September 2016"."Sep-16-2016".$100205892;]
[GP=PRE:"um"."um".#-1;=HOU:"17:12".$100025235;]
[GP=PRE:"von"."von".#-1;=ADJ:"karwandler"."karwandler".#-1;]
[CL]
[CR]
[GN=NOU:"re".#100023690;]
[GV=ADV:"corigallo"."corigallo".#-1;]
[CL]
[CR]
[??=PNT:""".""".#-1;]
[GV=ADV:"also".#43901;]
[GN=ART:"ein"."ein".#-1;=GEO:"US"."Vereinigte Staaten".#16223392;=PNT:"-"."-".#-1;=NOU:"Unternehmer".#5327;]
[PV=VER:"zieht"."unterziehen".#126453;]
[GV=ADV:"so".#130436;]
[GP=PRE:"vor".#596943;=NOU:"Gericht".#1581;]
[CN=CON:"und"."und".#-1;]
[PV=VER:"gewinnt"."gewinnen".#138391;]
[??=PNT:"?"."?".#-1;]
[CL]
[PV=VER:"ist"."sein".#172056;]
[GN=ART:"das"."das".#-1;=ORG:"TTIP".$116334295;]
[GP=PRE:"durch"."durch".#-1;=ART:"die"."die".#-1;=NOU:"Hintertür".#100254569;]
[??=PNT:"?"."?".#-1;]
[??=PNT:""".""".#-1;]
[CL]
[CR]
[CN=CON:"Weder"."weder";]
[GP=PRE:"mit"."mit".#-1;=GEO:"US"."Vereinigte Staaten".#16223392;]
[GV=ADV:"noch".#74484;]
[GP=PRE:"mit"."mit".#-1;=ORG:"TTIP".$116334295;]
[PV=VER:"hat"."haben".#125724;]
[GN=PRO:"das"."das".#-1;]
[GR=PRO:"was"."was".#-1;]
[PV=CON:"zu".#565251;=VER:"tun".#13039;]
[??=PNT:".".".".#-1;]
[CL]
[CR]
[GP=PRE:"Bei"."bei";=ART:"der"."die";=NOU:"Ausschreibung".#102432075;=PNT:"/"."/".#-1;=NOU:"Vergabe".#4173;]
[GP=ADJ:"öffentlicher"."öffentlich".#80681;=NOU:"Aufträge"."Auftrag".#563190;]
[PV=VER:"sind"."sein".#12562;]
[GN=ADJ:"bestimmte"."bestimmt".#27831;=NOU:"Regularien".#580892;]
[PV=VER:"einzuhalten"."einhalten".#14204;]
[??=PNT:".".".".#-1;]
[CL]
[PV=VER:"Wird"."werden".#14301;]
[GV=ADV:"dagegen".#130327;]
[PV=VER:"verstoßen".#112811;=VER:"kann"."können";]
[GN=ART:"ein"."ein".#-1;=ADJ:"unterlegener"."unterlegen".#101698;=NOU:"Anbieter".#67689;=NOU:"Rechtsmittel".#21130;]
[PV=VER:"einlegen".#14099;]
[??=PNT:".".".".#-1;]
[CL]
[CR]
[GN=PRO:"Etwas"."etwas";]
[GN=ADJ:"ganz".#45972;=NOU:"Normales"."Normale".#74626;]
[??=PNT:".".".".#-1;]
[CL]
[CR]
[GP=PRE:"Am"."an";=DAT:"16. September 2016"."Sep-16-2016".$100205892;]
[GP=PRE:"um"."um".#-1;=HOU:"17:13".$100025235;]
[GP=PRE:"von"."von".#-1;=NPR:"Demokratiezukun"."Demokratiezukun".#-1;]
[??=PNT:"..."."...".#-1;]
[CL]
[CR]
[GN=ADJ:"Diese"."dies";=NOU:"Hubschrauber-Drohne".$100484000;]
[PN=VER:"ist"."sein".#172056;]
[GV=ADV:"ebenfalls".#23235;]
[PN=ART:"ein"."ein".#-1;=NOU:"Spionage-Tool".$97347;]
[CL]
[CR]
[CN=CON:"Und"."und";]
[GR=PRO:"was"."was".#-1;]
[GN=ADJ:"diese"."dies";=NOU:"Drohnenhubschrauber".$1198;]
[PV=VER:"angeht"."angehen".#14184;]
[??=PNT:":".":".#-1;]
[CL]
[CR]
[GP=PRE:"Aus"."aus";=NOU:"Industriekreisen"."Industriekreis".$596148;]
[PV=VER:"ist"."sein".#13140;]
[PV=CON:"zu".#565251;=VER:"hören".#12839;]
[??=PNT:",".",".#-1;]
[CN=CON:"dass"."dass".#-1;]
[GN=ART:"das"."das".#-1;=ADJ:"zuständige"."zuständig".#112739;=NOU:"Beschaffungsamt".$14305;]
[GN=ART:"eine"."ein";=ADV:"komplett".#588989;=ADJ:"neue"."neu".#149884;=NOU:"Zulassung".#117597;]
[GP=ART:"der"."die";=NOU:"Fluggeräte"."Fluggerät".#100011436;]
[PV=VER:"verlange"."verlangen".#12648;]
[??=PNT:",".",".#-1;]
[CN=CON:"obwohl"."obwohl".#-1;]
[GV=ADV:"lediglich".#66818;]
[GN=ART:"der"."der".#-1;=NPR:"Benzin-"."Benzin-".#-1;]
[GP=PRE:"gegen"."gegen".#-1;=ART:"einen"."ein";=NOU:"Dieselmotor".#100174174;]
[PV=VER:"ausgetauscht"."austauschen".#121113;=VER:"werden"."werden".#-1;=VER:"soll"."sollen";]
[??=PNT:".".".".#-1;]
[CL]
[CR]
[PV=ADV:"wieso".#107573;=ADV:"bitte".#169739;=VER:"muessen"."müssen".#149311;]
[GN=PRO:"die"."der";]
[GV=ADV:"unbedingt".#100444;]
[GP=PRE:"mit"."mit".#-1;=NOU:"fossilen Brennstoffen"."fossiler Brennstoff".#100012748;]
[PV=VER:"fliegen".#136213;]
[??=PNT:"?"."?".#-1;=PNT:"?"."?".#-1;]
[CL]
[CR]
[CN=CON:"Und"."und";]
[PV=ADV:"warum".#107573;=ADV:"bitte".#169739;=VER:"werden".#14301;]
[GN=ADJ:"dadmit"."dadmit".#-1;=ADJ:"alle"."all";=NOU:"Buerger"."Bürger".#118955;]
[GV=ADV:"nicht".#74226;=ADV:"nur".#66818;]
[GP=PRE:"in"."in".#-1;=ART:"der"."die";=GEO:"Ukraine".#10686660;]
[PV=VER:"sondern".#15850;]
[GV=ADV:"weltweit".#588931;]
[PV=ADV:"ebenfalls".#23235;=ADJ:"schamlos".#155236;=VER:"ausspioniert"."ausspionieren".#25004;]
[??=PNT:"?"."?".#-1;=PNT:"?"."?".#-1;]
[CL]
[CR]
[CN=CON:"Denn"."denn";]
[GV=ADV:"damit".#32147;]
[PV=VER:"können"."können".#-1;]
[GV=ADV:"nämlich".#73349;=ADV:"genauso".#23235;]
[GN=NOU:"Internet-Kommunikationen"."Internet-Kommunikation".#100796573;]
[PV=VER:"abgefangen"."abfangen".#17891;=VER:"werden"."werden".#-1;]
[CN=CON:"wie"."wie".#-1;]
[GP=PRE:"mit"."mit".#-1;=ADJ:"diesen"."dies";=ADJ:"anderen"."andere".#20987;=NOU:"Drohnen"."Drohn".#100650665;]
[??=PNT:":".":".#-1;]
[CL]
[CR]
[GN=WEB:"https://tinyurl.com/q5p42qk".$100035127;]
[CL]
[CR]
[GN=WEB:"netzpolitik.org".$100035127;]
[??=PNT:":".":".#-1;]
[GR=PRO:"Das"."das";]
[GP=PRE:"von"."von".#-1;=NPR:"EADS"."EADS".#-1;]
[GV=ADV:"gebaute"."gebaut";]
[CN=CON:"und"."und".#-1;]
[GP=PRE:"für"."für".#-1;=ART:"den"."der";=PNT:""".""".#-1;=NPR:"Euro Hawk"."Euro Hawk".#-1;=PNT:""".""".#-1;]
[GN=ADJ:"konzipierte"."konzipiert".#577701;=NOU:"Spionagesystem".$100058778;=ORG:"ISIS"."Islamischer Staat".#102429253;]
[PV=VER:"fliegt"."durchfliegen".#131991;]
[GV=ADV:"bald".#119293;]
[GV=ADV:"wieder".#74486;]
[??=PNT:"("."(".#-1;]
[GN=DAT:"31. Januar 2014"."Jan-31-2014".$100205892;]
[??=PNT:",".",".#-1;]
[GN=HOU:"10:44".$100025235;]
[??=PNT:")".")".#-1;]
[CL]
[CR]
[GN=ADJ:"Diese"."dies";=ADJ:"globale"."global".#108744;=NOU:"TOTALUEBERWACHUNG"."Totalüberwachung".#582763;]
[PV=VER:"wird"."werden".#167036;]
[GN=ADV:"immer".#57736;=ADJ:"schlimmer"."schlimm".#46733;]
[GP=PRE:"statt"."statt".#-1;=ADJ:"weniger"."wenig".#118578;]
[??=PNT:"!"."!".#-1;]
[CL]
[GV=ADV:"Wann"."wann".#107382;]
[PV=VER:"ist"."sein".#13136;]
[GP=PRE:"mit"."mit".#-1;=ADJ:"dieser"."dies";=NOU:"Ausspionierung"."Ausspionierung".#-1;]
[GP=PRE:"von"."von".#-1;=ADJ:"allen"."all";=NOU:"Menschen"."Mensch".#70284;]
[GV=ADV:"weltweit".#588931;=ADV:"endlich".#38186;]
[GN=NOU:"Schluss".#606;]
[??=PNT:"?"."?".#-1;=PNT:"?"."?".#-1;]
[CL]
[CR]
[GP=PRE:"Am"."an";=DAT:"16. September 2016"."Sep-16-2016".$100205892;]
[GP=PRE:"um"."um".#-1;=HOU:"17:13".$100025235;]
[GP=PRE:"von"."von".#-1;=NPR:"DerMarktschreier"."DerMarktschreier".#-1;]
[CL]
[CR]
[PV=ADV:"Hoffentlich"."hoffentlich".#56313;=VER:"bleiben".#129080;]
[GN=ART:"die"."die".#-1;=NPR:"Predators"."Predator";]
[GP=ADV:"trotzdem".#32971;=ADV:"draußen".#34549;]
[??=PNT:"..."."...".#-1;]
[CL]
[CR]
[PV=PRO:"Es"."es";=VER:"hat"."haben".#12561;]
[GP=PRE:"in"."in".#-1;=ADJ:"diesem"."dies";=NOU:"Fall".#114944328;]
[GV=ADV:"schon".#156570;]
[GN=ART:"einen"."ein";=NOU:"Grund".#1651;]
[??=PNT:",".",".#-1;]
[CN=CON:"warum"."warum".#-1;]
[GN=ART:"die"."die".#-1;=NOU:"Heron"."Heron".#-1;=NOU:"TP".#100131862;]
[PV=VER:"bevorzugt"."bevorzugen".#13053;=VER:"wurde"."werden";]
[??=PNT:".".".".#-1;]
[CL]
[GV=ADV:"Zum einen"."zum einen".#36377;]
[PV=VER:"hat"."haben".#13076;]
[GN=ART:"die"."die".#-1;=NOU:"Bundeswehr".#117263;]
[GN=ADV:"damit".#32147;=ADV:"immerhin".#57742;=ADV:"schon".#156570;=ADJ:"einige".#118578;=NOU:"Erfahrung".#119549;]
[??=PNT:",".",".#-1;]
[GV=ADV:"zum anderen".#20983;]
[??=PNT:"-"."-".#-1;]
[GN=ART:"DAS"."das";=NOU:"IST"."Ist".#59160;=NOU:"VIEL"."Viel".#582305;]
[GV=ADV:"INTERESSANTER"."interessant".#596356;]
[??=PNT:"-"."-".#-1;]
[PV=VER:"legt"."offenlegen".#75290;]
[GN=NPR:"IAI"."IAI".#-1;]
[??=PNT:"("."(".#-1;]
[GN=ART:"der"."der".#-1;=ADJ:"israelische"."israelisch".#59154;=NOU:"Hersteller".#5175;]
[GN=ART:"der"."der".#-1;=NOU:"Heron"."Heron".#-1;=NOU:"TP".#100131862;]
[??=PNT:")".")".#-1;]
[GV=ADV:"deutlich".#596230;=ADV:"mehr".#70026;]
[GP=ART:"der"."die";=ADJ:"technischen"."technisch".#52034;=NOU:"Details"."Detail".#659;]
[GP=PRE:"für"."für".#-1;=ART:"die"."die".#-1;=NOU:"Bundeswehr".#117263;]
[GV=ADV:"offen"."offenlegen";]
[??=PNT:".".".".#-1;]
[CL]
[CR]
[GN=NOU:"General".#100083460;=NPR:"Atomics"."Atomic".$100083460;]
[PN=VER:"ist"."sein".#12562;=ADV:"diesbezüglich".#588886;=ADJ:"ziemlich".#21884;=ADJ:"restriktiv".#83381;]
[??=PNT:",".",".#-1;]
[CN=CON:"und"."und".#-1;]
[PV=PRO:"es"."es".#-1;=VER:"kann"."können";]
[GV=ADV:"definitiv".#172999;=ADV:"nicht".#74226;]
[GP=PRE:"in"."in".#-1;=ADJ:"unserem"."unser";=NOU:"Interesse".#100616314;]
[PV=VER:"sein".#13136;]
[??=PNT:",".",".#-1;]
[CN=CON:"dass"."dass".#-1;]
[GN=ART:"die"."die".#-1;=NOU:"Bundeswehr".#117263;=NOU:"Blackbox-Systeme"."Blackbox-System".$2786;]
[PV=VER:"einsetzt"."dareinsetzen".#32272;]
[??=PNT:",".",".#-1;]
[GR=PRE:"bei"."bei".#-1;=PRO:"denen"."die";=PRO:"sie"."sie".#-1;]
[GV=ADV:"nicht".#74226;]
[GN=ART:"die"."die".#-1;=NOU:"Möglichkeit".#119815;]
[PV=VER:"hat"."haben".#12561;]
[PV=CON:"zu".#565251;=VER:"erkennen".#134460;]
[??=PNT:",".",".#-1;]
[GR=PRO:"was"."was".#-1;]
[GN=PRO:"diese"."dies";]
[GP=PRE:"außer"."außer".#-1;=ADJ:"ihrem"."ihr";=ADJ:"eigentlichen"."eigentlich".#36197;=NOU:"Auftrag".#563190;]
[GV=ADV:"noch".#74484;=ADV:"so".#130436;]
[PV=VER:"treiben".#17270;]
[??=PNT:"!"."!".#-1;]
[CL]
[GV=ADV:"Außerdem"."außerdem".#98967;]
[PV=VER:"macht"."machen".#13039;]
[GN=ART:"das"."das".#-1;=ADJ:"nachträgliche"."nachträglich".#41627;=NOU:"Änderungen"."Änderung".#2785;]
[GV=ADV:"aufwendiger"."aufwendig".#596410;]
[CN=CON:"und"."und".#-1;]
[GV=ADV:"vor allem".#58485;]
[GV=ADV:"teurer"."teuer";]
[??=PNT:"!"."!".#-1;]
[CL]
[CR]
[GP=PRE:"Am"."an";=DAT:"16. September 2016"."Sep-16-2016".$100205892;]
[GP=PRE:"um"."um".#-1;=HOU:"17:15".$100025235;]
[GP=PRE:"von"."von".#-1;=NPR:"BlackEyed"."BlackEyed".#-1;]
[CL]
[CR]
[CN=CON:"Soviel"."soviel";]
[GP=PRE:"zum"."zu";=NOU:"Thema".#1385;]
[??=PNT:",".",".#-1;]
[CN=CON:"dass"."dass".#-1;]
[GN=PRO:"wir"."wir".#-1;]
[PN=ART:"ein"."ein".#-1;=ADJ:"souveränes"."souverän".#119591;=NOU:"Land".#1570;=VER:"sind"."sein".#12562;]
[??=PNT:".".".".#-1;=PNT:".".".".#-1;=PNT:"..."."...".#-1;]
[CL]
[CR]
[GP=PRE:"Am"."an";=DAT:"16. September 2016"."Sep-16-2016".$100205892;]
[GP=PRE:"um"."um".#-1;=HOU:"17:18".$100025235;]
[GP=PRE:"von"."von".#-1;=NPR:"Demokratiezukun"."Demokratiezukun".#-1;]
[??=PNT:"..."."...".#-1;]
[CL]
[CR]
[GN=ADV:"Auch"."auch".#23235;=ADJ:"dieser"."dies";=NOU:"Begriff".#100008171;=NOU:"Kluengel"."Klüngel".#62409;]
[PN=VER:"ist"."sein".#12562;=ADV:"absolut".#122389;=ADJ:"zutreffend".#19897;]
[CL]
[CR]
[CN=CON:"Und"."und";]
[GN=ART:"der"."der".#-1;=NOU:"Begriff".#100008171;]
[GN=PNT:""".""".#-1;=NOU:"Kluengel"."Klüngel".#62409;=PNT:""".""".#-1;]
[GP=PRE:"aus"."aus".#-1;=ADJ:"diesem"."dies";=NOU:"Absatz".#103380760;]
[??=PNT:":".":".#-1;]
[CL]
[CR]
[GP=PRE:"Für"."für";=NPR:"Hunko"."Hunko".#-1;]
[PN=VER:"ist"."sein".#12562;]
[GN=PRO:"das"."das".#-1;]
[PN=ART:"ein"."ein".#-1;=NOU:"Ausdruck".#100008171;]
[GP=ART:"eines"."ein";=PNT:""".""".#-1;]
[GP=NOU:"Drohnen-Klüngels"."Drohnen-Klüngel".$62409;]
[??=PNT:",".",".#-1;]
[GP=PRE:"zu"."zu".#-1;=PRO:"dem"."der";]
[GV=ADV:"auch".#23235;]
[GN=ART:"die"."die".#-1;=NOU:"Firma".#104830453;=COM:"Airbus".$104830453;]
[CN=CON:"und"."und".#-1;]
[GN=ART:"das"."das".#-1;=ORG:"Bundesamt für Ausrüstung".$30730;]
[??=PNT:",".",".#-1;]
[GN=NOU:"Informationstechnik".#100011661;]
[CN=CON:"und"."und".#-1;]
[GN=NOU:"Nutzung".#119787;]
[GP=ART:"der"."die";=NOU:"Bundeswehr".#117263;]
[GP=PRE:"in"."in".#-1;=GEO:"Manching".#12860088;]
[PV=VER:"gehören".#17653;]
[??=PNT:""".""".#-1;]
[??=PNT:".".".".#-1;]
[CL]
[CR]
[PN=VER:"ist"."sein".#12562;=ADV:"absolut".#122389;=ADJ:"zutreffend".#19897;]
[??=PNT:".".".".#-1;]
[CL]
[CN=CON:"Denn"."denn";]
[GN=COM:"Airbus".$104830453;]
[PV=VER:"ist"."sein";]
[GP=PRE:"von"."von".#-1;=ART:"der"."die";=ORG:"EU-Kommission".#100008880;]
[CN=CON:"und"."und".#-1;]
[GP=ART:"der"."der".#-1;=ORG:"Bundesregeierung".$100178706;]
[GN=ADV:"dazu".#98967;=ADJ:"geködert"."geködert".#-1;]
[PV=VER:"worden"."werden".#14301;]
[??=PNT:",".",".#-1;]
[GN=PRO:"uns"."wir";]
[GN=NOU:"Menschen"."Mensch".#100215627;]
[PV=VER:"auszuspionieren"."ausspionieren".#25004;]
[??=PNT:".".".".#-1;]
[CL]
[CN=CON:"Und"."und";]
[GN=GEO:"Manching".#12860088;]
[PN=VER:"ist"."sein".#12562;]
[GV=ADV:"nämlich".#73349;=ADV:"genau".#47735;]
[PN=ART:"der"."der".#-1;=NOU:"Ort".#6;]
[??=PNT:",".",".#-1;]
[GP=PRE:"an"."an".#-1;=PRO:"dem"."der";]
[GN=ADV:"auch".#23235;=ADJ:"diese"."dies";=NPR:"Euro-Hawk"."Euro Hawk";]
[PV=VER:"rumsteht"."Rumstehen".$32369;]
[??=PNT:".".".".#-1;]
[CL]
[GN=NPR:"Tja..."."Tja...".#-1;]
[CL]
[GN=ART:"Eine"."ein";=NOU:"Hand".#100033767;]
[PV=VER:"wäscht"."waschen".#166558;]
[GR=PRO:"die"."die".#-1;]
[GV=ADV:"andere"."andere".#-1;]
[??=PNT:".".".".#-1;]
[CL]
[GP=PRE:"Fuer"."für";=ADJ:"solche"."solch".#27540;=NOU:"Drohnen"."Drohn".#100650665;]
[PN=VER:"ist"."sein".#12562;=ADV:"plötzlich".#596229;=ADV:"immer".#57736;=ADJ:"verdammt".#62981;=ADJ:"viel".#173024;=NOU:"Geld".#100001368;]
[GV=ADV:"da".#173213;]
[??=PNT:".".".".#-1;]
[CL]
[CR]
[CN=CON:"Aber"."aber";]
[??=PNT:"wehe"."wehe".#-1;]
[GN=ART:"der"."der".#-1;=NOU:"Buerger"."Bürger".#118955;]
[PV=VER:"will"."wollen".#14680;]
[GV=ADV:"mal".#118174;]
[GN=NOU:"Geld".#100001368;]
[GV=ADV:"zum Beispiel".#26861;]
[GP=PRE:"fuer"."für";=ART:"die"."die".#-1;=NOU:"Integration".#143155;]
[GP=PRE:"von"."von".#-1;=NOU:"Fluechtlingen"."Flüchtling".#117247;]
[??=PNT:",".",".#-1;]
[GP=PRE:"fuer"."für";=NOU:"Straßen"."Straße".#117896;]
[??=PNT:",".",".#-1;]
[GP=PRE:"fuer"."für";=ADJ:"bessere"."gut".#29675;=NOU:"Schulen"."Schule".#172998;]
[??=PNT:",".",".#-1;]
[GP=PRE:"fuer"."für";=NOU:"Internetausbau".$24042;]
[??=PNT:",".",".#-1;]
[GP=PRE:"fuer"."für";=ADJ:"besseres"."gut".#29675;=NOU:"Free-Wifi"."Free-Wifi".#-1;]
[CN=CON:"und"."und".#-1;]
[GP=PRO:"sowas"."sowas".#-1;]
[??=PNT:",".",".#-1;]
[PV=ADV:"dann".#130436;=VER:"heißt"."heißen".#13738;]
[GN=PRO:"es"."es".#-1;]
[GV=ADV:"immer wieder".#588646;]
[??=PNT:":".":".#-1;]
[GN=ADJ:"kein"."kein".#-1;=NOU:"Geld".#100001368;]
[CN=CON:"da"."da".#-1;]
[CN=CON:"und"."und".#-1;]
[PV=ADV:"dann".#130436;=VER:"fallen".#17179;]
[GN=PRO:"solche"."solch";]
[GN=ADJ:"entsrpechenden"."entsrpechenden".#-1;=NOU:"Urteile"."Urteil".#100327000;]
[CN=CON:"wie"."wie".#-1;]
[GV=ADV:"gestern".#37101;]
[GP=PRE:"vom"."von";=ORG:"EuGH"."Europäische Gerichtshof".#497672;]
[??=PNT:".".".".#-1;]
[CL]
[GN=PRO:"Mich"."ich";]
[PV=VER:"wundert"."wundern".#165374;]
[GV=ADV:"gar".#120405;]
[GN=PRO:"nichts"."nichts".#-1;]
[GV=ADV:"mehr".#70026;]
[??=PNT:".".".".#-1;]
[CL]
[CR]
[GP=PRE:"Am"."an";=DAT:"16. September 2016"."Sep-16-2016".$100205892;]
[GP=PRE:"um"."um".#-1;=HOU:"17:18".$100025235;]
[GP=PRE:"von"."von".#-1;=NPR:"Tralafit"."Tralafit".#-1;]
[CL]
[CR]
[GR=PRO:"Wer"."wer";]
[PV=VER:"klagt"."klagen".#144582;]
[??=PNT:",".",".#-1;]
[PV=VER:"fliegt"."durchfliegen".#131991;]
[??=PNT:"?"."?".#-1;]
[CL]
[CR]
[GN=PRO:"Ich"."ich";]
[PV=VER:"finde"."finden".#13881;]
[GN=PRO:"es"."es".#-1;]
[GA=ADV:"durchaus".#117911;=ADJ:"krass".#18499;]
[??=PNT:",".",".#-1;]
[CN=CON:"dass"."dass".#-1;]
[GN=ADJ:"amerikanische"."amerikanisch".#20700;=NOU:"Unternehmen".#104830453;]
[GN=ADJ:"deutsche"."deutsch".#33218;=COM:"Rüstungsentscheidungen".$104830453;]
[GP=PRE:"vor".#596943;=NOU:"Gericht".#1581;]
[PV=VER:"blockieren".#129155;=VER:"können"."können".#-1;]
[??=PNT:".".".".#-1;]
[CL]
[GP=PRE:"In"."in";=ART:"den"."der";=GEO:"USA"."Vereinigte Staaten".#16223392;]
[GN=PRO:"selbst"."selbst".#-1;]
[PV=VER:"gilt"."gelten".#137907;]
[GN=ART:"die"."die".#-1;=NOU:"Buy"."Buy".#-1;=GEO:"America"."Vereinigte Staaten".#16223392;]
[GN=NOU:"Klausel".#5937;]
[??=PNT:",".",".#-1;]
[PV=ADV:"da".#54831;=VER:"könnten"."können";]
[GN=PRO:"sich"."er";]
[GN=NOU:"Unternehmen".#104830453;]
[GV=ADV:"so".#130436;]
[GN=PRO:"etwas"."etwas".#-1;]
[PV=ADV:"nicht".#74226;=ADV:"raus".#55084;=VER:"nehmen".#12944;]
[??=PNT:".".".".#-1;]
[CL]
[GN=PRO:"Ich"."ich";]
[PV=VER:"würde"."werden";=VER:"sagen".#154795;]
[??=PNT:":".":".#-1;]
[GR=PRO:"Wer"."wer";]
[PV=VER:"klagt"."klagen".#144582;]
[??=PNT:",".",".#-1;]
[PV=VER:"fliegt"."durchfliegen".#131991;]
[??=PNT:".".".".#-1;]
[CL]
[GA=ADJ:"Schön"."schön".#74002;=ADJ:"doppeldeutig".#34226;]
[??=PNT:".".".".#-1;]
[CL]
[CR]
[GP=PRE:"Am"."an";=DAT:"16. September 2016"."Sep-16-2016".$100205892;]
[GP=PRE:"um"."um".#-1;=HOU:"17:20".$100025235;]
[GP=PRE:"von"."von".#-1;=ADJ:"karwandler"."karwandler".#-1;]
[CL]
[CR]
[GN=NOU:"re".#100023690;=NOU:"demokratiezukunft"."Demokratiezukunft".$2593;]
[CL]
[CR]
[GV=PNT:""".""".#-1;=ADV:"Also"."also".#43901;=ADV:"auch".#23235;]
[CN=CON:"wenn"."wenn".#-1;]
[PV=PRO:"es"."es".#-1;]
[GV=ADV:"hier".#54831;=PNT:""".""".#-1;]
[GV=ADV:"nur".#66818;]
[??=PNT:""".""".#-1;]
[GP=PRE:"um"."um".#-1;=ADJ:"wettbewerbsrechtliche"."Wettbewerbsrecht";=NOU:"Dinge"."Ding".#100223557;]
[PV=VER:"geht"."gehen".#14248;]
[??=PNT:",".",".#-1;]
[GV=ADV:"so".#130436;]
[PV=VER:"frage"."fragen".#14345;]
[GN=PRO:"ich"."ich".#-1;]
[GV=ADV:"trotzdem".#32971;]
[GV=ADV:"mal".#118174;]
[??=PNT:":".":".#-1;]
[GV=ADV:"warum".#107573;]
[PV=VER:"muss"."müssen";]
[GN=ADJ:"unsere"."unser";=NOU:"Bundeswehr".#117263;]
[GV=ADV:"unbedingt".#100444;]
[PV=VER:"töten".#14066;=VER:"können"."können".#-1;]
[GP=PRE:"mit"."mit".#-1;=ADJ:"solchen"."solch".#27540;=PRD:"Killerrohnen".$100012140;]
[GP=PRE:"wie"."wie".#-1;=NPR:"Predator"."Predator".#-1;]
[CN=CON:"und"."und".#-1;]
[GP=NOU:"Heron"."Heron".#-1;=NOU:"P"."p".#117198;]
[??=PNT:"?"."?".#-1;=PNT:"?"."?".#-1;]
[CL]
[GV=ADV:"Warum"."warum".#107573;]
[PV=VER:"muessen"."müssen";]
[GN=PRO:"wir"."wir".#-1;]
[GP=PRE:"als"."als".#-1;=GEO:"Deutschland".#12907079;]
[GP=PRE:"bei"."bei".#-1;=PRO:"solchen"."solch";]
[GN=ADJ:"völkerrechtswidrigen"."völkerrechtswidrig".#105610;=NOU:"Drohnenmorden"."Drohnenmord".$13224;]
[PV=VER:"mitmachen".#15665;]
[??=PNT:"?"."?".#-1;=PNT:"?"."?".#-1;]
[??=PNT:""".""".#-1;]
[CL]
[CR]
[GN=NOU:"Können".#63503;]
[GN=PRO:"Sie"."Sie".#-1;]
[GN=PRO:"sich"."er";]
[??=PNT:",".",".#-1;]
[GV=ADV:"auch".#23235;]
[CN=CON:"wenn"."wenn".#-1;]
[GN=PRO:"'s"."es";]
[PV=VER:"schwerfällt"."schwerfallen".#14830;]
[??=PNT:",".",".#-1;]
[GV=ADV:"einfach".#565253;]
[PV=ADV:"mal".#118174;=VER:"vorstellen".#13007;]
[??=PNT:",".",".#-1;]
[CN=CON:"dass"."dass".#-1;]
[GN=ART:"eine"."ein";=NOU:"Armee".#100008473;]
[GN=ADJ:"solche"."solch".#27540;=NOU:"Fluggeräte"."Fluggerät".#100011436;]
[GP=PRE:"für"."für".#-1;=ADJ:"militärische"."militärisch".#70820;=NOU:"Zwecke"."Zweck".#4116;]
[PV=VER:"einsetzt"."dareinsetzen".#32272;]
[CN=CON:"und"."und".#-1;]
[CN=CON:"und"."und".#-1;]
[GV=ADV:"dabei".#141135;]
[GP=PRE:"mit"."mit".#-1;=NOU:"Killer".#100619851;]
[CN=CON:"und"."und".#-1;]
[GP=NOU:"Mord".#13224;]
[GV=ADV:"gar".#120405;]
[GN=PRO:"nichts"."nichts".#-1;]
[PV=VER:"vorkommt"."vorkommen".#13128;]
[??=PNT:"?"."?".#-1;]
[CL]
[CR]
[GP=PRE:"Am"."an";=DAT:"16. September 2016"."Sep-16-2016".$100205892;]
[GP=PRE:"um"."um".#-1;=HOU:"17:21".$100025235;]
[GP=PRE:"von"."von".#-1;=ADJ:"willi"."willi".#-1;=ADJ:"wupper"."wupper".#-1;=ADJ:"sen.".#89833;]
[CL]
[CR]
[??=PNT:"@"."@".#-1;]
[GV=ADV:"resi"."resi".#-1;]
[CL]
[CR]
[GN=PRO:"unsere"."unser";]
[PV=VER:"bundeswehr"."Bundesabwehren".$13785;=VER:"muss"."müssen";]
[GV=ADV:"schon".#156570;]
[GP=PRE:"in"."in".#-1;=ART:"der"."der".#-1;=ADJ:"lage"."lage".#-1;]
[PV=VER:"sein".#172056;]
[??=PNT:",".",".#-1;]
[PV=VER:"angreifer"."Angreaneifern".$15441;]
[PV=CON:"zu".#565251;=VER:"eliminieren".#17075;]
[??=PNT:".".".".#-1;]
[CL]
[GV=ADV:"dafür".#130588;]
[PV=VER:"sollte"."sollen";]
[GN=ART:"die"."die".#-1;=ADJ:"truppe"."truppe".#-1;]
[PV=VER:"üben".#161840;]
[CN=CON:"und"."und".#-1;]
[GA=ADJ:"gewappnet".#170607;]
[PV=VER:"sein".#12562;]
[??=PNT:".".".".#-1;]
[CL]
[GN=PRO:"ich"."ich".#-1;]
[PV=VER:"fürchte"."fürchten".#25737;]
[GV=ADV:"aber".#74486;=ADV:"eher".#35935;]
[??=PNT:",".",".#-1;]
[CN=CON:"daß"."daß".#-1;]
[GN=PRO:"unsere"."unser";]
[GA=ADV:"jungs"."jungs".#-1;=PNT:"/"."/".#-1;=ADJ:"mädels"."mädels".#-1;]
[GV=PRE:"im"."in";]
[PV=VER:"ernstfall"."Ernstabfallen".$15225;]
[GP=PRE:"von"."von".#-1;=ADJ:"seelsorgern"."Seelsorger";]
[PV=VER:"betreut"."betreuen".#13356;=VER:"werden"."werden".#-1;=VER:"müssten"."müssen";]
[??=PNT:".".".".#-1;]
[CL]
[CR]
[PN=ADJ:"schön".#74002;=VER:"wäre"."sein".#12562;]
[GN=PRO:"es"."es".#-1;]
[GV=ADV:"natürlich".#89692;]
[??=PNT:",".",".#-1;]
[CN=CON:"wenn"."wenn".#-1;]
[PV=VER:"deutschland"."Deutschanlanden".$17314;]
[GP=PRE:"als"."als".#-1;=ADJ:"insel"."insel".#-1;]
[GP=ART:"der"."die";=NOU:"glückseeligen"."Glückseeliga".$7196;]
[GN=PRO:"keine"."kein";]
[GA=ADJ:"feinde"."feind".#41871;]
[PV=VER:"hätte"."haben".#125724;]
[CL]
[CR]
[GP=PRE:"Am"."an";=DAT:"16. September 2016"."Sep-16-2016".$100205892;]
[GP=PRE:"um"."um".#-1;=HOU:"17:22".$100025235;]
[GV=PRE:"von"."von".#-1;]
[PV=VER:"denk-mal"."denk-abmalen".$18722;]
[CL]
[CR]
[PV=ADV:"Vorerst"."vorerst".#106209;=VER:"gebremst"."bremsen".#117653;]
[??=PNT:".".".".#-1;]
[CL]
[GV=ADV:"Vorerst"."vorerst".#106209;]
[??=PNT:".".".".#-1;]
[CL]
[CR]
[PV=PRO:"Es"."es";=VER:"sieht"."aussehen".#17348;]
[GV=ADV:"so".#130436;]
[GV=ADV:"aus"."aussehen";]
[??=PNT:",".",".#-1;]
[CN=CON:"als"."als".#-1;]
[PN=VER:"sei"."sein";]
[GN=PRO:"dies"."dies".#-1;]
[PN=ART:"ein"."ein".#-1;=NOU:"Testlauf".#80007;=VER:"gewesen"."sein".#12562;]
[??=PNT:".".".".#-1;]
[CL]
[GV=ADV:"Vermutlich"."vermutlich".#155359;]
[PV=VER:"müssen".#149311;]
[GN=PRO:"wir"."wir".#-1;]
[GN=PRO:"uns"."wir";]
[GV=ADV:"noch".#74484;]
[GV=PRE:"auf"."auf".#-1;]
[PV=ADV:"allerhand".#169415;=VER:"gefasst"."fassen";=VER:"machen".#13039;]
[??=PNT:".".".".#-1;]
[CL]
[CN=CON:"Und"."und";]
[GN=PRO:"wir"."wir".#-1;]
[PV=VER:"haben".#12561;]
[GN=ADJ:"keine"."kein";=ADJ:"ernsthafte"."ernsthaft".#46733;=ADJ:"politische"."politisch".#78882;=NOU:"Kraft".#596143;]
[??=PNT:",".",".#-1;]
[GR=PRO:"die"."Kraft".#596143;]
[GP=ADJ:"diesem"."dies";=NOU:"Rüstungs-"."Rüstungssinn".$2495;]
[CN=CON:"und"."und".#-1;]
[GP=NOU:"Wachstumswahnsinn".$2495;]
[GN=PRO:"etwas"."etwas".#-1;]
[PV=VER:"entgegensetzt"."entgegensetzen".#16939;]
[??=PNT:".".".".#-1;]
[CL]
[CR]
[GP=PRE:"Am"."an";=DAT:"16. September 2016"."Sep-16-2016".$100205892;]
[GP=PRE:"um"."um".#-1;=HOU:"17:23".$100025235;]
[GP=PRE:"von"."von".#-1;=NPR:"schiebaer45"."schiebaer45".#-1;]
[CL]
[CR]
[GN=PRO:"Ich"."ich";]
[PV=VER:"verstehe"."verstehen".#12860;]
[GN=PRO:"es"."es".#-1;]
[GA=ADV:"nicht".#74226;=ADJ:"ganz".#45972;]
[CL]
[CR]
[GV=ADV:"Wieso"."wieso".#107573;]
[PV=VER:"kann"."können";]
[GN=ART:"ein"."ein".#-1;=NOU:"Verkäufer".#13075;]
[GP=PRE:"vor".#596943;=NOU:"Gericht".#1581;]
[PV=VER:"ziehen".#14561;]
[CN=CON:"und"."und".#-1;]
[GP=PRE:"gegen"."gegen".#-1;=ART:"den"."der";=NOU:"Käufer".#61059;]
[PV=VER:"klagen".#144584;]
[CN=CON:"wenn"."wenn".#-1;]
[GN=PRO:"er"."er".#-1;]
[GN=ART:"die"."die".#-1;=ADJ:"angebotene"."angeboten";=NOU:"Ware".#741;]
[PV=ADV:"doch".#173057;=ADV:"nicht".#74226;=VER:"kaufen".#14789;=VER:"will"."wollen";]
[??=PNT:"?"."?".#-1;]
[CL]
[CR]
[GP=PRE:"Am"."an";=DAT:"16. September 2016"."Sep-16-2016".$100205892;]
[GP=PRE:"um"."um".#-1;=HOU:"17:23".$100025235;]
[GP=PRE:"von"."von".#-1;=NPR:"Boris.1945"."Boris.1945".#-1;]
[CL]
[CR]
[GN=HOU:"17:15".$100025235;]
[GP=PRE:"von"."von".#-1;=NPR:"BlackEyed"."BlackEyed".#-1;]
[CL]
[CR]
[CN=CON:"Soviel"."soviel";]
[GP=PRE:"zum"."zu";=NOU:"Thema".#1385;]
[??=PNT:",".",".#-1;]
[CN=CON:"dass"."dass".#-1;]
[GN=PRO:"wir"."wir".#-1;]
[PN=ART:"ein"."ein".#-1;=ADJ:"souveränes"."souverän".#119591;=NOU:"Land".#1570;=VER:"sind"."sein".#12562;]
[??=PNT:".".".".#-1;=PNT:".".".".#-1;=PNT:"..."."...".#-1;]
[CL]
[CR]
[??=PNT:"/"."/".#-1;=PNT:"/"."/".#-1;=PNT:"/"."/".#-1;]
[CL]
[CR]
[??=PNT:"*"."*".#-1;]
[CL]
[CR]
[??=PNT:"*"."*".#-1;]
[CL]
[CR]
[GN=NOU:"Souveränität".#1534;]
[PV=VER:"glaubt"."glauben".#13006;]
[GN=PRO:"der"."der".#-1;]
[GV=ADV:"zur Zeit".#59489;]
[GP=PRE:"in"."in".#-1;=GEO:"Deutschland".#12907079;]
[GN=ADJ:"relevante"."relevant".#26378;=NOU:"Mainstream".#147864;]
[PN=VER:"ist"."sein".#12562;]
[GV=ADV:"auch".#23235;]
[PN=ART:"das"."das".#-1;=NOU:"Recht".#119499;]
[GP=PRE:"von"."von".#-1;=ADJ:"internationalen"."international".#58786;=NOU:"Ausschreibungen"."Ausschreibung".#102432075;]
[GA=ADJ:"richtungsgenehm".$26632;=ADJ:"zu".#111967;]
[PV=VER:"vorzuschreiben"."vorschreiben".#166054;]
[??=PNT:"?"."?".#-1;]

SBJ=20:19;SBJ=23:24;OBJ=26:24;SBJ=29:30;SBJ=38:37;SBJ=42:44;OBJ=43:44;SBJ=65:67;SBJ=75:76;SBJ=75:83;SBJ=86:85;APH=88:86;SBJ=-49:90;OBJ=89:90;SBJ=96:94;SBJ=98:99;SBJ=98:104;SBJ=106:107;SBJ=117:118;APH=124:120;SBJ=120:122;OBJ=120:122;SBJ=126:127;SBJ=148:150;OBJ=149:150;SBJ=-52:157;OBJ=158:157;SBJ=-52:167;OBJ=165:167;OBJ=174:176;SBJ=186:187;OBJ=189:187;SBJ=-52:198;OBJ=197:198;SBJ=-52:200;SBJ=207:210;OBJ=208:210;SBJ=-49:223;OBJ=222:223;SBJ=-49:225;SBJ=-52:232;OBJ=239:240;SBJ=245:244;CPL=246:244;SBJ=248:249;CPL=250:249;CPL=252:249;SBJ=259:260;SBJ=270:271;SBJ=-49:283;SBJ=290:292;SBJ=-52:304;OBJ=303:304;SBJ=310:311;SBJ=314:313;CPL=316:313;CPL=317:313;SBJ=327:326;OBJ=325:326;SBJ=327:329;SBJ=335:336;SBJ=344:349;OBJ=347:349;OBJ=353:357;SBJ=359:360;SBJ=363:362;SBJ=363:365;SBJ=368:369;SBJ=377:381;OBJ=351:381;SBJ=-53:393;SBJ=-49:400;SBJ=409:407;SBJ=426:427;SBJ=435:438;SBJ=435:442;OBJ=440:442;CPL=441:442;APH=450:445;SBJ=445:448;SBJ=445:454;OBJ=451:454;SBJ=477:476;SBJ=487:489;OBJ=488:489;OBJ=495:496;SBJ=514:517;SBJ=520:522;OBJ=521:522;SBJ=530:533;OBJ=531:533;OBJ=551:554;OBJ=563:564;SBJ=578:579;SBJ=588:589;CPL=590:589;SBJ=598:594;OBJ=613:610;OBJ=616:617;SBJ=621:620;OBJ=622:620;SBJ=630:629;OBJ=626:629;SBJ=641:642;SBJ=641:648;SBJ=651:652;SBJ=654:657;OBJ=656:657;SBJ=654:658;SBJ=-52:664;OBJ=661:664;SBJ=-52:684;SBJ=692:693;CPL=710:702;SBJ=703:704;SBJ=714:719;SBJ=716:719;SBJ=726:732;CPL=731:732;SBJ=630:736;OBJ=734:736;SBJ=739:742;SBJ=745:746;SBJ=751:750;OBJ=749:750;SBJ=761:762;OBJ=764:762;SBJ=780:779;SBJ=787:786;SBJ=796:794;OBJ=793:794;SBJ=804:805;SBJ=-49:811;OBJ=812:811;CPL=813:811;SBJ=816:819;OBJ=817:819;SBJ=824:823;OBJ=825:823;SBJ=831:832;OBJ=817:832;SBJ=-49:835;SBJ=837:838;SBJ=-49:861;SBJ=868:870;SBJ=-52:882;OBJ=881:882;SBJ=892:893;SBJ=899:902;OBJ=900:902;SBJ=910:911;SBJ=921:922;SBJ=-49:927;SBJ=-49:928;SBJ=-49:939;SBJ=-49:946;SBJ=947:948;SBJ=952:951;SBJ=-49:956;SBJ=959:961;SBJ=-49:966;SBJ=979:980;SBJ=-52:983;SBJ=984:988;OBJ=985:988;SBJ=-52:992;OBJ=993:992;APH=995:993;SBJ=993:1000;OBJ=999:1000;SBJ=-49:1008;OBJ=1009:1008;CPL=1010:1008;SBJ=1014:1016;SBJ=1014:1019;SBJ=1021:1023;OBJ=1022:1023;SBJ=-52:1038;SBJ=1047:1048;SBJ=1047:1053;CPL=1052:1053;SBJ=1049:1055;APH=378:351;APH=735:630;APH=818:791;APH=829:817;
#ERRORS#	gravity	pos	len	pos	lem	occ	syn	vir	abs	occcorr	lemcorr	poscorr	vircorr	syncorr
Wrong Grammar	1	46	9	ADJ	corigallo	corigallo	-1	False	7				 	
Wrong Entity Type	1	56	4	ORG		TTIP	116334295	True	8				 	
Wrong Recognition	1	95	5	VER	unterziehen	zieht	126453	False	17				 	
Wrong Disambiguation	1	104	3	PRE		vor	596943	False	19				 	
Wrong Disambiguation	1	129	3	VER	sein	ist	172056	False	24				 	
Wrong Entity Type	1	137	4	ORG		TTIP	116334295	True	26				 	
Wrong Disambiguation	1	152	9	NOU		Hintertür	100254569	False	29				 	
Wrong Disambiguation	1	206	5	NOU		König	7248	False	40				 	
Wrong Entity Form	1	248	5	ADJ	willi	willi	-1	False	47				 	
Wrong Disambiguation	0	266	10	ADV		vielleicht	100886	False	50				 	
Wrong Disambiguation	1	289	4	PRE		über	98894	False	54				 	
Wrong Grammar	1	299	8	ADJ	ablösung	ablösung	-1	False	56				 	
Wrong Grammar	1	308	6	PRO	dies	dieser		True	57				 	
Wrong Grammar	1	389	6	VER	posten	posten	-1	False	69				 	
Wrong Entity Form	1	476	5	PRD		Leyen	64	True	82				 	
Wrong Disambiguation	1	482	7	VER	wandeln	wandelt	14551	False	83				 	
Missing Entity	1	494	7	NOU	Merkels	Merkels	-1	False	85				 	
Wrong Disambiguation	1	502	6	NOU	Spur	Spuren	4446	False	86				 	
Wrong Disambiguation	0	509	4	NOU		Frau	100000467	False	87				 	121126
Wrong Entity Type	1	522	5	PRD		Leyen	64	True	90				 	
Wrong Disambiguation	1	528	7	VER	wandeln	wandelt	14551	False	91				 	
Missing Entity	1	555	7	NOU	Merkel	Merkels		True	95				 	
Wrong Disambiguation	1	563	6	NOU	Spur	Spuren	4446	False	96				 	
Wrong Disambiguation	1	603	5	VER	setzen	setzt	157656	False	102				 	
Wrong Disambiguation	2	660	5	NOU	Ding	Dinge	33728	False	108				 	
Wrong Recognition	1	728	5	VER	kosen	koste	15772	False	121				 	
Wrong Disambiguation	1	762	4	VER	gehen	geht	15379	False	130				 	
Wrong Disambiguation	1	807	3	VER	sein	ist	13082	False	138				 	
Wrong Grammar	1	935	1	ADV		"		True	160				 	
Wrong Recognition	1	936	6	ADJ	weit	Weiter	30148	False	161				 	
Missing Concept	0	999	14	ADJ	eingeschlagen	eingeschlagene		True	175				 	
Wrong Disambiguation	1	1014	4	NOU		Kurs	4170	False	176				 	
Wrong Entity Form	1	1135	8	NPR		Critical	100034770	True	195				 	
Wrong Grammar	2	1150	2	NOU		Na	100000658	False	201				 	
Missing Concept	1	1160	7	NOU	Drohn	Drohnen	100650665	False	204				 	
Wrong Disambiguation	0	1243	5	VER		haben	125724	False	217				 	
Wrong Disambiguation	1	1300	4	ADV		eher	35935	False	231				 	
Wrong Disambiguation	1	1366	2	ADV		so	130436	False	244				 	
Wrong Grammar	1	1420	4	ADV		eins	36896	False	254				 	
Wrong Disambiguation	0	1428	9	NOU		Blödmarkt	113033698	True	256				 	
Wrong Disambiguation	1	1470	4	VER	geben	gibt	13134	False	263				 	
Wrong Grammar	1	1477	6	VER	sichern	sicher	120275	False	265				 	
Wrong Disambiguation	1	1630	5	VER		sehen	16457	False	295				 	
Wrong Disambiguation	1	1662	4	PRE		nach	562278	False	301				 	
Wrong Disambiguation	1	1695	6	VER		führen	136980	False	305				 	
Wrong Disambiguation	1	1780	4	VER	weißen	weiß	108346	False	321				 	
Wrong Entity Type	1	1859	4	ORG		TTIP	116334295	True	338				 	
Wrong Disambiguation	1	1952	7	ADJ		gläsern	49134	False	354				 	49135
Missing Concept	0	1978	10	ADV	erpressbar	erpressbar	-1	False	358				 	
Wrong Grammar	1	2009	7	ADJ	googeln	googeln	-1	False	364				 	
Wrong Grammar	1	2021	3	VER	malen	mal	147899	False	366				 	
Missing Concept	0	2156	21	ADJ	Wettbewerbsrecht	wettbewerbsrechtliche		True	392				 	
Wrong Disambiguation	1	2184	4	VER	gehen	geht	14248	False	394				 	
Wrong Disambiguation	1	2281	12	PRD		Killerrohnen	100012140	True	411				 	
Wrong Entity Form	1	2311	5	NOU	Heron	Heron	-1	False	415				 	
Wrong Grammar	1	2359	7	PRO	solch	solchen		True	425				 	
Wrong Disambiguation	1	2402	9	VER		mitmachen	15665	False	428				 	
Wrong Disambiguation	1	2437	3	VER	sein	ist	172056	False	437				 	
Wrong Grammar	1	2452	4	PRO	ein	eine		True	440				 	
Wrong Disambiguation	1	2457	4	PRE		nach	562278	False	441				 	
Wrong Disambiguation	1	2462	7	NOU		Artikel	741	False	442				 	
Wrong Disambiguation	1	2577	7	NOU		Artikel	741	False	459				 	
Wrong Grammar	1	2756	7	NOU	NIEMALS	NIEMALS	-1	False	486				 	
Missing Concept	1	2792	4	NOU		Hand	100033767	False	491				 	
Wrong Grammar	1	2859	3	PRO	ein	ein	-1	False	501				 	
Wrong Disambiguation	1	2912	3	VER	sein	ist	13136	False	511				 	
Wrong Grammar	1	2996	6	PRO	unser	unsere		True	528				 	
Wrong Disambiguation	1	3057	7	VER	denken	gedacht	13006	False	537				 	
Wrong Disambiguation	0	3121	4	NPR	Fage	Fage	-1	False	547				 	
Wrong Disambiguation	1	3142	6	VER	halten	haltet	13376	False	553				 	
Wrong Disambiguation	1	3232	4	VER	halten	hält	14280	False	574				 	
Wrong Disambiguation	1	3307	12	ADJ	ordentlich	ordentliches	75894	False	593				 	
Wrong Disambiguation	1	3344	12	ADJ	ordentlich	ordentliches	75894	False	597				 	
Wrong Disambiguation	1	3378	12	ADJ	ordentlich	ordentliches	75894	False	601				 	
Wrong Grammar	1	3414	3	PRO	der	den		True	604				 	
Wrong Disambiguation	1	3439	7	NOU		Gericht	1594	False	609				 	
Wrong Disambiguation	1	3644	4	VER	halten	hält	117679	False	640				 	
Missing Concept	1	3673	6	NOU	Fuß	Fueßen	100015807	False	646				 	
Wrong Grammar	0	3753	10	ADJ	karwandler	karwandler	-1	False	659				 	
Missing Concept	0	3764	2	NOU		re	100023690	False	660				 	
Wrong Grammar	0	3767	9	ADV	corigallo	corigallo	-1	False	661				 	
Wrong Recognition	1	3802	5	VER	unterziehen	zieht	126453	False	668				 	
Wrong Disambiguation	1	3836	3	VER	sein	ist	172056	False	675				 	
Wrong Entity Type	1	3844	4	ORG		TTIP	116334295	True	677				 	
Missing Concept	0	3859	9	NOU		Hintertür	100254569	False	680				 	
Wrong Entity Type	1	3893	4	ORG		TTIP	116334295	True	688				 	
Wrong Disambiguation	1	3898	3	VER	haben	hat	125724	False	689				 	
Missing Concept	0	3913	3	VER		tun	13039	False	693				 	
Wrong Disambiguation	0	3948	12	ADJ	öffentlich	öffentlicher	80681	False	700				 	
Wrong Disambiguation	1	3970	4	VER	sein	sind	12562	False	702				 	13140
Wrong Disambiguation	1	3996	11	VER	einhalten	einzuhalten	14204	False	705				 	
Wrong Disambiguation	1	4097	8	NOU	Normale	Normales	74626	False	719				 	
Wrong Disambiguation	1	4187	3	VER	sein	ist	172056	False	730				 	
Missing Concept	0	4205	13	NOU		Spionage-Tool	97347	True	733				 	
Wrong Disambiguation	1	4253	6	VER	angehen	angeht	14184	False	738				 	
Wrong Disambiguation	1	4265	16	NOU	Industriekreis	Industriekreisen	596148	True	741				 	
Wrong Recognition	1	4407	7	NPR	Benzin-	Benzin-	-1	False	761				 	
Wrong Disambiguation	1	4439	12	VER	austauschen	ausgetauscht	121113	False	765				 	
Wrong Grammar	0	4558	6	ADJ	dadmit	dadmit	-1	False	783				 	
Wrong Grammar	1	4603	7	VER		sondern	15850	False	791				 	
Wrong Disambiguation	1	4754	7	NOU	Drohn	Drohnen	100650665	False	810				 	
Wrong Entity Type	1	4816	4	NPR	EADS	EADS	-1	False	817				 	
Wrong Grammar	1	4821	7	ADV	gebaut	gebaute		True	818				 	
Wrong Entity Type	1	4880	4	ORG	Islamischer Staat	ISIS	102429253	False	827				 	
Wrong Recognition	1	4885	6	VER	durchfliegen	fliegt	131991	False	828				 	
Wrong Disambiguation	1	5002	3	VER	sein	ist	13136	False	846				 	
Missing Concept	0	5017	14	NOU	Ausspionierung	Ausspionierung	-1	False	849				 	
Wrong Disambiguation	1	5068	7	NOU		Schluss	606	False	855				 	
Wrong Disambiguation	1	5218	5	NOU		Grund	1651	False	878				 	
Wrong Entity Form	0	5235	5	NOU	Heron	Heron	-1	False	882				 	
Wrong Grammar	1	5347	3	NOU	Ist	IST	59160	False	900				 	
Missing Concept	1	5351	4	NOU	Viel	VIEL	582305	False	901				 	
Wrong Entity Form	0	5413	5	NOU	Heron	Heron	-1	False	911				 	
Wrong Entity Form	1	5487	7	NOU		General	100083460	False	924				 	
Wrong Disambiguation	1	5581	9	NOU		Interesse	100616314	False	938				 	
Wrong Disambiguation	1	5591	4	VER		sein	13136	False	939				 	
Wrong Recognition	1	5634	8	VER	dareinsetzen	einsetzt	32272	False	945				 	
Wrong Disambiguation	1	5748	7	VER		treiben	17270	False	965				 	
Missing Concept	0	5827	6	ADV	teuer	teurer		True	975				 	
Wrong Disambiguation	0	5911	10	ADJ	souverän	souveränes	119591	False	990				 	
Wrong Disambiguation	1	6081	6	NOU		Absatz	103380760	False	1018				 	
Wrong Entity Form	1	6182	24	ORG		Bundesamt für Ausrüstung	30730	True	1038				 	
Wrong Disambiguation	0	6364	4	ADV		dazu	98967	False	1063				 	
Missing Concept	0	6369	8	ADJ	geködert	geködert	-1	False	1064				 	
Wrong Disambiguation	1	6378	6	VER	werden	worden	14301	False	1065				 	
Wrong Grammar	0	6494	6	NPR	Tja...	Tja...	-1	False	1086				 	
Wrong Disambiguation	1	6542	7	NOU	Drohn	Drohnen	100650665	False	1095				 	
Wrong Disambiguation	1	6584	4	NOU		Geld	100001368	False	1101				 	
Wrong Disambiguation	1	6550	3	VER	sein	ist	12562	False	1096				 	
Wrong Disambiguation	1	6624	4	NOU		Geld	100001368	False	1110				 	
Wrong Disambiguation	1	6687	7	NOU	Straße	Straßen	117896	False	1119				 	
Wrong Disambiguation	1	6709	7	NOU	Schule	Schulen	172998	False	1123				 	
Missing Concept	0	6753	9	NOU	Free-Wifi	Free-Wifi	-1	False	1130				 	
Wrong Disambiguation	1	6779	5	VER	heißen	heißt	13738	False	1135				 	
Wrong Disambiguation	1	6807	4	NOU		Geld	100001368	False	1140				 	
Wrong Disambiguation	1	6824	6	VER		fallen	17179	False	1144				 	
Wrong Disambiguation	1	6907	4	ADV		mehr	70026	False	1157				 	
Wrong Disambiguation	1	6980	5	VER	finden	finde	13881	False	1171				 	
Wrong Disambiguation	1	6998	5	ADJ		krass	18499	False	1174				 	
Wrong Disambiguation	1	7045	22	COM		Rüstungsentscheidungen	104830453	True	1180				 	
Wrong Grammar	1	7110	6	PRO	selbst	selbst	-1	False	1189				 	
Wrong Disambiguation	1	7117	4	VER	gelten	gilt	137907	False	1190				 	
Wrong Entity Form	0	7126	3	NOU	Buy	Buy	-1	False	1192				 	
Wrong Recognition	1	7190	4	ADV		raus	55084	False	1203				 	
Wrong Disambiguation	0	7213	5	VER		sagen	154795	False	1208				 	
Wrong Disambiguation	1	7224	5	VER	klagen	klagt	144582	False	1211				 	
Missing Entity	0	7294	10	ADJ	karwandler	karwandler	-1	False	1223				 	
Missing Concept	0	7305	2	NOU		re	100023690	False	1224				 	
Missing Entity	0	7308	17	NOU	Demokratiezukunft	demokratiezukunft	2593	True	1225				 	
Wrong Disambiguation	0	7332	4	ADV		auch	23235	False	1228				 	
Missing Concept	0	7359	21	ADJ	Wettbewerbsrecht	wettbewerbsrechtliche		True	1236				 	
Wrong Disambiguation	1	7387	4	VER	gehen	geht	14248	False	1238				 	
Wrong Entity Form	0	7514	5	NOU	Heron	Heron	-1	False	1259				 	
Wrong Disambiguation	1	7605	9	VER		mitmachen	15665	False	1272				 	
Wrong Grammar	1	7618	6	NOU		Können	63503	False	1276				 	
Wrong Recognition	1	7742	8	VER	dareinsetzen	einsetzt	32272	False	1297				 	
Wrong Entity Form	0	7841	5	ADJ	willi	willi	-1	False	1314				 	
Wrong Grammar	1	7872	10	VER	Bundesabwehren	bundeswehr	13785	True	1320				 	
Wrong Grammar	1	7901	4	ADJ	lage	lage	-1	False	1325				 	
Wrong Disambiguation	1	7906	4	VER		sein	172056	False	1326				 	
Wrong Grammar	1	7912	9	VER	Angreaneifern	angreifer	15441	True	1328				 	
Wrong Grammar	1	7955	6	ADJ	truppe	truppe	-1	False	1335				 	
Wrong Disambiguation	0	8004	4	ADV		eher	35935	False	1344				 	
Wrong Grammar	1	8014	6	PRO	unser	unsere		True	1347				 	
Wrong Grammar	1	8021	5	ADV	jungs	jungs	-1	False	1348				 	
Wrong Grammar	1	8027	6	ADJ	mädels	mädels	-1	False	1350				 	
Wrong Grammar	1	8037	9	VER	Ernstabfallen	ernstfall	15225	True	1352				 	
Wrong Grammar	1	8051	11	ADJ	Seelsorger	seelsorgern		True	1354				 	
Wrong Grammar	1	8117	11	VER	Deutschanlanden	deutschland	17314	True	1365				 	
Wrong Grammar	1	8133	5	ADJ	insel	insel	-1	False	1367				 	
Wrong Disambiguation	0	8143	13	NOU	Glückseeliga	glückseeligen	7196	True	1369				 	
Wrong Grammar	1	8157	5	PRO	kein	keine		True	1370				 	
Wrong Grammar	1	8163	6	ADJ	feind	feinde	41871	False	1371				 	
Missing Entity	0	8211	8	VER	denk-abmalen	denk-mal	18722	True	1378				 	
Wrong Disambiguation	1	8325	4	ADV		noch	74484	False	1400				 	
Missing Concept	0	8344	7	VER	fassen	gefasst		True	1403				 	
Wrong Disambiguation	1	8352	6	VER		machen	13039	False	1404				 	
Wrong Disambiguation	1	8402	5	NOU		Kraft	596143	False	1412				 	
Wrong Recognition	1	8420	9	NOU	Rüstungssinn	Rüstungs-	2495	True	1416				 	
Wrong Recognition	1	8434	17	NOU		Wachstumswahnsinn	2495	True	1418				 	
Wrong Disambiguation	1	8584	6	VER		ziehen	14561	False	1439				 	
Wrong Disambiguation	1	8612	6	VER		klagen	144584	False	1444				 	
Missing Concept	0	8631	10	ADJ	angeboten	angebotene		True	1448				 	
Wrong Disambiguation	1	8768	10	ADJ	souverän	souveränes	119591	False	1471				 	
Wrong Disambiguation	1	8802	12	NOU		Souveränität	1534	False	1482				 	
