[GN=ADJ:"Große"."groß".#139011;=NOU:"Momente"."Moment".#784;]
[PV=VER:"beginnen".#14161;]
[GP=PRE:"mit"."mit".#-1;=ART:"der"."die";=ADJ:"richtigen"."richtig".#83676;=NOU:"Optik".#100014620;]
[CL]
[CR]
[GP=PRE:"In"."in";=ART:"der"."die";=NOU:"Natur".#7445;]
[PV=VER:"gibt"."geben".#13134;=PRO:"es"."es".#-1;]
[GN=ADJ:"keinen"."kein";=NOU:"Stillstand".#159573;]
[??=PNT:".".".".#-1;]
[CL]
[GV=ADV:"Ebenso"."ebenso".#23235;=ADV:"wenig".#108777;]
[CN=CON:"wie"."wie".#-1;]
[GP=PRE:"bei"."bei".#-1;=PRD:"ZEISS"."ZEISS CONQUEST DL".$59;]
[??=PNT:".".".".#-1;]
[CL]
[GA=ADV:"Besonders"."besonders".#58485;=ADJ:"deutlich".#39516;]
[PV=VER:"wird"."werden".#167036;]
[GN=PRO:"dies"."dies".#-1;]
[GP=PRE:"in"."in".#-1;=ART:"der"."die";=PRD:"CONQUEST®".$102424752;]
[GN=NOU:"Linie".#641;]
[GP=PRE:"von"."von".#-1;=PRD:"ZEISS"."ZEISS CONQUEST DL".$59;]
[??=PNT:".".".".#-1;]
[CL]
[GV=ADV:"Kompromisslos"."kompromisslos";]
[GP=PRE:"in"."in".#-1;=NOU:"Design".#38918;]
[??=PNT:",".",".#-1;]
[GP=NOU:"Ergonomie".#101750812;]
[CN=CON:"und"."und".#-1;]
[GP=NOU:"Optik".#100014620;]
[GP=PRE:"zu"."zu".#-1;=ART:"einem"."ein";=ADJ:"hervorragenden"."hervorragend".#134924;=NOU:"Preis-Leistungsverhältnis".$575794;]
[??=PNT:".".".".#-1;]
[CL]
[PV=ADV:"Nie"."nie".#74288;=VER:"wurde"."werden";]
[GP=PRE:"in"."in".#-1;=ADJ:"dieser"."dies";=NOU:"Preisklasse".#79659;]
[GN=ADJ:"mehr"."viel".#173024;=NOU:"Performance".#77381;]
[PV=VER:"geboten"."bieten".#13273;]
[CN=CON:"als"."als".#-1;]
[GP=PRE:"durch"."durch".#-1;=PRO:"die"."die".#-1;]
[GP=PRD:"ZEISS CONQUEST DL".$59;]
[GV=ADJ:"Zielfernrohe".$83997;]
[CN=CON:"und"."und".#-1;]
[GN=COM:"HD".#497128;]
[GN=NOU:"Ferngläser"."Fernglas".#2146;]
[??=PNT:".".".".#-1;]
[CL]
[GN=ART:"Die"."die";=ADJ:"perfekten"."perfekt".#77364;=NOU:"Allrounder".#499198;]
[GN=PNT:""".""".#-1;=NPR:"Made in Germany"."Made in Germany".#-1;=PNT:""".""".#-1;]
[PV=VER:"verbinden".#13260;]
[GN=ART:"die"."die".#-1;=ADJ:"traditionelle"."traditionell".#102236;=PRD:"ZEISS"."ZEISS CONQUEST DL".$59;=NOU:"Qualität".#133;]
[GP=PRE:"mit"."mit".#-1;=ADJ:"modernster"."modern".#58456;=NOU:"Technik".#3325;]
[??=PNT:".".".".#-1;]
[CL]
[GN=ART:"Die"."die";=PRD:"ZEISS CONQUEST"."ZEISS CONQUEST DL".$59;=NOU:"Produkte"."Produkt".#741;]
[PN=VER:"sind"."sein".#12562;=ADJ:"Ihr"."Ihr".#-1;=NOU:"Einstieg".#133402;]
[GP=PRE:"in"."in".#-1;=ART:"die"."die".#-1;=NOU:"Premiumklasse".#576582;]
[GP=PRE:"von"."von".#-1;=PRD:"ZEISS"."ZEISS CONQUEST DL".$59;]
[??=PNT:".".".".#-1;]
[CL]
[GN=ART:"Die"."die";=ADJ:"CONQUEST DL"."CONQUEST DL".#-1;]
[GN=NOU:"Zielfernrohre"."Zielfernrohr".#100198982;]
[GP=PRE:"von"."von".#-1;=PRD:"ZEISS"."ZEISS CONQUEST DL".$59;]
[PN=VER:"sind"."sein".#12562;]
[GN=ART:"die"."die".#-1;=ADJ:"konsequente"."konsequent".#47963;=NOU:"Fortsetzung".#101128903;]
[GP=ART:"des"."der";=ADJ:"bewährten"."bewährt".#28202;=PRD:"ZEISS"."ZEISS CONQUEST DL".$59;=NPR:"Duralyt"."Duralyt".#-1;=NOU:"Konzepts"."Konzept".#120748;]
[CN=CON:"und"."und".#-1;]
[PV=VER:"bieten".#13297;]
[GP=PRO:"Ihnen"."Sie";]
[GN=NOU:"Qualität".#133;=CON:"und"."und".#-1;=NOU:"Performance".#77381;]
[??=PNT:".".".".#-1;]
[CL]
[GN=PRO:"Sie"."sie";]
[PV=VER:"stehen".#32369;]
[GP=PRE:"für"."für".#-1;=NOU:"Zuverlässigkeit".#173514;]
[GP=PRE:"in"."in".#-1;=ADJ:"jedem"."jede";=NOU:"Detail".#659;]
[??=PNT:":".":".#-1;]
[GN=ADJ:"optimale"."optimal".#27842;=NOU:"Bildqualität".#28654;]
[CN=CON:"und"."und".#-1;]
[GN=NOU:"Zielauflösung".$18864;]
[GP=PRE:"dank"."dank".#-1;=ADJ:"moderner"."modern".#58456;=NOU:"Mehrschichtvergütungen"."Mehrschichtvergütung".$500211;]
[??=PNT:",".",".#-1;]
[GN=ADJ:"feines"."fein".#120540;=NOU:"Absehen"."Absehen".#-1;]
[GP=PRE:"in"."in".#-1;=ART:"der"."die";=ADJ:"zweiten"."zweite".#117172;=NOU:"Bildebene".#28589;]
[GP=PRE:"für"."für".#-1;=ADJ:"minimale"."minimal".#100425;=NOU:"Zielabdeckungen"."Zielabdeckung".$121638;]
[CN=CON:"sowie"."sowie".#-1;]
[PV=VER:"eine"."einen".#14874;]
[GN=ADJ:"robuste"."robust".#33046;=NOU:"Bauweise".#127582;=CON:"und"."und".#-1;=ADJ:"hervorragende"."hervorragend".#134924;=NOU:"Mechanik".#100041217;]
[??=PNT:".".".".#-1;]
[CL]
[CR]
[GV=ADV:"Robust"."robust";]
[CN=CON:"und"."und".#-1;]
[GV=ADV:"zuverlässig".#596281;]
[CL]
[CR]
[GN=ART:"Das"."das";=PRD:"CONQUEST DL".$59;]
[PV=VER:"bietet"."bieten".#13297;]
[GN=ADJ:"kompromisslose"."kompromisslos".#63252;=NOU:"Qualität".#133;]
[GN=PNT:""".""".#-1;=NPR:"Made in Germany"."Made in Germany".#-1;=PNT:""".""".#-1;]
[??=PNT:".".".".#-1;]
[CL]
[GP=PRE:"Mit"."mit";=ADJ:"unserer"."unser";=NOU:"Optik".#1756;]
[CN=CON:"und"."und".#-1;]
[GP=NOU:"Technik".#1284;]
[PV=VER:"erfüllen".#134360;]
[GN=PRO:"wir"."wir".#-1;]
[GN=ADV:"stets".#93570;=ADJ:"höchste"."hoch".#39296;=NOU:"Anforderungen"."Anforderung".#100774228;]
[CN=CON:"und"."und".#-1;]
[PV=VER:"definieren".#17408;]
[GN=NOU:"Maßstäbe"."Maßstab".#17079;]
[GA=ADV:"immer wieder".#588646;=ADJ:"neu".#30000;]
[??=PNT:".".".".#-1;]
[CL]
[GN=NOU:"Präzision".#501383;]
[GV=ADV:"auch".#23235;]
[CN=CON:"wenn"."wenn".#-1;]
[GN=PRO:"es"."es".#-1;]
[PV=ADV:"drauf".#130455;=VER:"ankommt"."ankommen".#16343;]
[??=PNT:"-"."-".#-1;]
[GV=ADV:"dafür".#130588;]
[PV=VER:"sorgen".#119414;]
[GN=PRO:"eine"."ein";]
[GN=ADV:"extrem".#24963;=ADJ:"robuste"."robust".#33046;=NOU:"Bauweise".#127582;]
[CN=CON:"sowie"."sowie".#-1;]
[GN=PRO:"die"."die".#-1;]
[GN=ADJ:"gewohnt".#48864;=ADJ:"zuverlässige"."zuverlässig".#157630;=NOU:"Mechanik".#100041217;]
[??=PNT:".".".".#-1;]
[CL]
[GN=ART:"Die"."die";=ADJ:"sichere"."sicher".#90152;=NOU:"Funktion".#5241;]
[PN=VER:"ist"."sein".#12562;]
[GV=ADV:"auch".#23235;]
[GP=PRE:"unter"."unter".#-1;=NOU:"Bedingungen"."Bedingung".#125241;]
[GV=PRE:"von"."von".#-1;]
[GA=ADV:"-";=ADJ:"25"."25".#-1;]
[CN=CON:"bis"."bis".#-1;]
[??=PNT:"+"."+".#-1;]
[GN=MEA:"50 Grad Celsius".$100025267;]
[PN=ADJ:"gewährleistet"."gewährleistet".#-1;]
[??=PNT:".".".".#-1;]
[CL]
[GN=ART:"Das"."das";=NOU:"Design".#38918;]
[PV=VER:"besticht"."bestechen".#14411;]
[GA=ADV:"also".#43901;=ADV:"nicht".#74226;=ADV:"nur".#66818;=ADJ:"optisch".#150617;]
[??=PNT:",".",".#-1;]
[CN=CON:"sondern"."sondern".#-1;]
[PV=VER:"gewährleistet"."gewährleisten".#48642;]
[GN=ADV:"auch".#23235;=ADJ:"größtmögliche"."größtmöglich".#50586;=NOU:"Funktionalität".#45427;]
[??=PNT:":".":".#-1;]
[GN=ART:"Die"."die";=ADJ:"tiefschwarz".#145126;=ADJ:"gummierten"."gummiert";=NOU:"Bedienelemente"."Bedienelement".#26399;]
[PV=VER:"sichern".#120277;]
[GV=ADV:"auch".#23235;]
[GN=ART:"eine"."ein";=ADJ:"souveräne"."souverän".#54060;=NOU:"Handhabung".#16059;]
[GP=ADJ:"aller"."all";=NOU:"Funktionen"."Funktion".#5241;]
[CN=CON:"und"."und".#-1;]
[GP=PRO:"der"."der".#-1;]
[GN=ADJ:"schwarz".#157042;=ADJ:"eloxierte"."eloxiert";=NOU:"Körper".#15050;]
[GP=ART:"des"."das";=NOU:"Zielfernrohrs"."Zielfernrohr".#100198982;]
[PN=VER:"ist"."sein".#12562;]
[GP=PRE:"aus"."aus".#-1;=ADJ:"massivem"."massiv".#69620;=NOU:"Aluminium".#100000663;]
[PN=ADJ:"gefertigt"."gefertigt".#-1;]
[??=PNT:".".".".#-1;]
[CL]
[CR]
[GV=ADV:"Präzise"."präzis";]
[CN=CON:"und"."und".#-1;]
[PV=VER:"sicher"."sichern".#48642;]
[GV=ADV:"bedienbar"."bedienbar".#-1;]
[CL]
[CR]
[GN=PRO:"Das"."das";]
[GN=PRD:"ZEISS CONQUEST DL".$59;]
[PV=VER:"wird"."werden".#14301;]
[GP=PRE:"durch"."durch".#-1;=ART:"die"."die".#-1;=NOU:"Absehenschnellverstellung".$148157;]
[GN=ADJ:"präziser"."präzis".#79603;]
[GP=PRE:"auf"."auf".#-1;=ADJ:"weite"."weit".#66152;=NOU:"Distanzen"."Distanz".#2317;]
[??=PNT:".".".".#-1;]
[CL]
[GN=ART:"Die"."die";=NPR:"ASV".$100223557;]
[PV=VER:"ermöglicht"."ermöglichen".#39598;]
[GN=NOU:"Fleck".#1449;]
[PV=VER:"halten".#13376;]
[GP=PRE:"für"."für".#-1;=ADJ:"maximale"."maximal".#52730;=ADJ:"jagdliche"."jagdlich".#59233;=NOU:"Einsatzreichweiten"."Einsatzreichweite".$100490568;]
[??=PNT:".".".".#-1;]
[CL]
[GN=ART:"Die"."die";=NPR:"ASV DL".$32724;]
[PN=VER:"ist"."sein".#12562;]
[GP=PRE:"für"."für".#-1;=ART:"die"."die".#-1;=NOU:"Modelle"."Modell".#16275;]
[PN=ADJ:"2"."2".#-1;=PNT:"-"."-".#-1;=NOU:"8x42"."8x42".#-1;]
[CN=CON:"und"."und".#-1;]
[GN=ADJ:"3"."3".#-1;=PNT:"-"."-".#-1;=NOU:"12x50"."12x50".#-1;]
[GA=ADV:"optional"."optional".#-1;=ADJ:"erhältlich".#39441;]
[??=PNT:".".".".#-1;]
[CL]
[GP=PRE:"Dank"."dank";=PRO:"seiner"."sein";]
[GN=ADJ:"herausragenden"."herausragend".#24948;=ADJ:"ergonomischen"."ergonomisch".#39425;=NOU:"Form".#17106;]
[PV=VER:"ermöglicht"."ermöglichen".#39598;]
[GN=PRO:"das"."das".#-1;]
[GN=PRD:"ZEISS CONQUEST DL".$59;]
[GN=ADV:"zudem".#98967;=ADJ:"leichte"."leicht".#63207;=NOU:"Bedienbarkeit".#26394;]
[GP=ART:"des"."der";=NOU:"Leuchtpunkts"."Leuchtpunkt".$1328;]
[CN=CON:"und"."und".#-1;]
[GP=ART:"des"."der";=NOU:"Vergrößerungswechslers"."Vergrößerungswechsler".$107890;]
[??=PNT:"-"."-".#-1;]
[GR=PRO:"selbst"."Vergrößerungswechsler".$107890;]
[GV=ADV:"dann".#130455;]
[??=PNT:",".",".#-1;]
[CN=CON:"wenn"."wenn".#-1;]
[GN=PRO:"man"."man".#-1;]
[GN=NOU:"Handschuhe"."Handschuh".#100169031;]
[PV=VER:"trägt"."tragen".#99879;]
[??=PNT:".".".".#-1;]
[CL]
[CN=CON:"So"."so";]
[PV=VER:"können".#12879;]
[GN=PRO:"Sie"."Sie".#-1;]
[GP=PRE:"über".#596948;=ADJ:"zwei".#173625;=ADJ:"griffige"."griffig".#50299;=ADJ:"gummierte"."gummiert";=NOU:"Tipptasten"."Tipptaste".$4961;]
[??=PNT:"-"."-".#-1;]
[GN=NOU:"Plus".#102105346;]
[CN=CON:"und"."und".#-1;]
[GN=NOU:"Minus".#100444600;]
[??=PNT:"-"."-".#-1;]
[GN=ART:"die"."die".#-1;=NOU:"Helligkeit".#6873;]
[GV=ADV:"sicher".#172999;]
[CN=CON:"und"."und".#-1;]
[GV=ADV:"stufenlos"."stufenlos".#-1;]
[PV=VER:"regulieren".#16023;]
[??=PNT:".".".".#-1;]
[CL]
[CR]
[GN=ADJ:"Minimale"."minimal".#100425;=NOU:"Zielabdeckung".$121638;]
[CL]
[CR]
[GV=ADV:"CONQUEST DL"."CONQUEST DL".#-1;]
[GN=NOU:"Zielfernrohre"."Zielfernrohr".#100198982;]
[PN=VER:"sind"."sein".#12562;]
[GP=PRE:"mit"."mit".#-1;=ART:"dem"."der";=ADJ:"unbeleuchteten"."unbeleuchtet".#100498;=NOU:"Absehen"."Absehen".#-1;]
[PN=ADJ:"6"."6".#-1;]
[CN=CON:"und"."und".#-1;]
[GP=ART:"dem"."der";=ADJ:"tageslichttauglichen"."Tageslicht";]
[PV=VER:"Leuchtabsehen".$122330;]
[GA=ADJ:"60"."60".#-1;=ADJ:"verfügbar".#18832;]
[??=PNT:".".".".#-1;]
[CL]
[GV=ADV:"Beide"."beide";]
[PV=VER:"bestechen".#27796;]
[GP=PRE:"mit"."mit".#-1;=ADJ:"minimaler"."minimal".#100425;=NOU:"Zielabdeckung".$121638;]
[??=PNT:"-"."-".#-1;]
[GN=PRO:"das"."das".#-1;]
[PV=VER:"Leuchtabsehen".$122330;]
[GA=ADJ:"60"."60".#-1;]
[GV=ADV:"darüber hinaus".#98967;]
[GP=PRE:"mit"."mit".#-1;=ADJ:"bester"."gut".#51056;=NOU:"Sichtbarkeit".#90199;]
[??=PNT:",".",".#-1;]
[PV=VER:"dank"."danken".#15051;]
[GP=ART:"einem"."ein";=ADJ:"feinen"."fein".#120540;]
[CN=CON:"und"."und".#-1;]
[GP=ADJ:"hellen"."hell".#53442;=NOU:"Leuchtpunkt".$1328;]
[GP=PRE:"in"."in".#-1;=ART:"der"."der".#-1;=ADJ:"2."."2.".#-1;=NOU:"Bildebene".#28589;]
[??=PNT:".".".".#-1;]
[CL]
[GV=ADV:"Dadurch"."dadurch".#130315;]
[PV=VER:"können"."können".#-1;]
[GN=PRO:"Sie"."Sie".#-1;]
[GN=PRO:"sich"."er";]
[GP=PRE:"im"."in";=ADJ:"gesamten"."gesamt".#48115;=NOU:"Vergrößerungsbereich".$100082794;]
[GP=PRE:"auf"."auf".#-1;=PRO:"ein"."ein".#-1;]
[GN=ADJ:"konstant".#27777;=ADJ:"feines"."fein".#120540;=NOU:"Absehen"."Absehen".#-1;]
[PV=VER:"verlassen".#17849;]
[CN=CON:"und"."und".#-1;]
[GN=ART:"die"."die".#-1;=NOU:"Vergrößerung".#103301;]
[GA=ADV:"jederzeit".#117634;=ADJ:"beliebig".#27089;]
[PV=VER:"wechseln".#121117;]
[??=PNT:".".".".#-1;]
[CL]
[CR]
[GN=ADJ:"Klare"."klar".#35518;=NOU:"Sicht".#16569;=CON:"und"."und".#-1;=ADJ:"scharfe"."scharf".#85972;=NOU:"Sinne"."Sinn".#2099;]
[CL]
[CR]
[PV=VER:"Genießen"."genießen".#118591;]
[GN=PRO:"Sie"."Sie".#-1;]
[GN=ART:"die"."die".#-1;=ADJ:"leichte"."leicht".#90523;=NOU:"Reinigung".#82801;]
[CN=CON:"und"."und".#-1;]
[GN=ADJ:"klare"."klar".#35518;=NOU:"Sicht".#16569;]
[GP=PRE:"bei"."bei".#-1;=ADJ:"jedem"."jede";=NOU:"Wetter".#100011663;]
[??=PNT:".".".".#-1;]
[CL]
[GN=ART:"Die"."die";=NPR:"LotuTec"."LotuTec".#-1;=PNT:"®"."®".#-1;=PNT:"-"."-".#-1;=NOU:"Beschichtung".#123936;]
[PV=VER:"sorgt"."sorgen".#119588;]
[GV=ADV:"dafür".#130588;]
[??=PNT:",".",".#-1;]
[CN=CON:"dass"."dass".#-1;]
[GN=NOU:"Wasser".#100000283;]
[GP=PRE:"an"."an".#-1;=ART:"der"."die";=NOU:"Linse".#108101343;]
[PV=ADV:"sofort".#114722;=VER:"abperlt"."abperlen".#18778;]
[CN=CON:"und"."und".#-1;]
[GN=NOU:"Schmutz".#131621;]
[GV=ADV:"rückstandslos"."Rückstand";]
[??=PNT:",".",".#-1;]
[GV=ADV:"schonend"."schonend".#-1;]
[CN=CON:"und"."und".#-1;]
[GV=ADV:"einfach".#565253;]
[PV=VER:"entfernt"."entfernen".#15105;=VER:"werden"."werden".#-1;=VER:"kann"."können";]
[??=PNT:".".".".#-1;]
[CL]
[GN=ADJ:"Moderne"."modern".#58456;=NOU:"Mehrschichtvergütungen"."Mehrschichtvergütung".$500211;]
[PV=VER:"sorgen".#119589;]
[GP=PRE:"mit"."mit".#-1;=PCT:"90 Prozent"."90%".$100011229;]
[GN=NOU:"Lichttransmission".$101427863;]
[GP=PRE:"für"."für".#-1;=ART:"eine"."ein";=ADJ:"optimale"."optimal".#27842;=NOU:"Bildhelligkeit".$6873;]
[CN=CON:"und"."und".#-1;]
[GP=NOU:"Zielauflösung".$18864;]
[??=PNT:".".".".#-1;]
[CL]
[CR]
[GN=NOU:"Modelle"."Modell".#16288;]
[CL]
[CR]
[GN=PRD:"CONQUEST DL".$59;]
[GN=ADJ:"1.2"."1.2".#-1;=PNT:"-"."-".#-1;=NOU:"5x36"."5x36".#-1;]
[CL]
[CR]
[GN=ART:"Die"."die";=ADJ:"Kompakten"."kompakt".#63144;]
[CL]
[CR]
[GP=PRE:"Mit"."mit";=ADJ:"geringem"."gering".#100425;=NOU:"Gewicht".#138372;]
[CN=CON:"und"."und".#-1;]
[GP=ADJ:"weitem"."weit".#40690;=NOU:"Sehfeld".#48446;]
[PV=VER:"sichert"."sichern".#120275;]
[GN=ART:"das"."das".#-1;=PRD:"CONQUEST DL".$59;]
[GN=ADJ:"1.2"."1.2".#-1;=PNT:"-"."-".#-1;=NOU:"5x36"."5x36".#-1;]
[GN=ART:"eine"."ein";=ADJ:"rasche"."rasch".#81737;=CON:"und"."und".#-1;=ADJ:"sichere"."sicher".#157630;=NOU:"Zielerfassung".$117955;]
[GP=PRE:"im"."in";=NOU:"Nahbereich".#34587;]
[??=PNT:".".".".#-1;]
[CL]
[PV=ADV:"Darüber hinaus"."darüber hinaus".#98967;=VER:"lässt"."lassen".#17365;]
[GN=PRO:"es"."es".#-1;]
[GN=PRO:"sich"."er";]
[GP=PRE:"mit"."mit".#-1;=PRO:"seiner"."sein";]
[PV=PRE:"bis zu".#599983;=ADJ:"5"."5".#-1;=PNT:"-"."-".#-1;=VER:"fachen".#15450;]
[GN=NOU:"Vergrößerung".#103301;]
[GV=ADV:"nicht".#74226;=ADV:"nur".#66818;]
[GP=PRE:"bei"."bei".#-1;=ART:"der"."die";=NOU:"Bewegungs-"."Bewegungsjagd".$100036963;]
[CN=CON:"und"."und".#-1;]
[GP=NOU:"Tagesjagd".$100036963;]
[GV=ADV:"hervorragend"."hervorragend".#-1;]
[PV=VER:"einsetzen"."dareinsetzen".#32272;]
[??=PNT:".".".".#-1;]
[CL]
[CR]
[GN=PRD:"CONQUEST DL".$59;]
[GN=ADJ:"1.2"."1.2".#-1;=PNT:"-"."-".#-1;=NOU:"5x36"."5x36".#-1;]
[??=PNT:"("."(".#-1;]
[GV=ADV:"illuminated"."illuminated".#-1;]
[??=PNT:")".")".#-1;]
[CL]
[CR]
[GN=ART:"Die"."die";=ADJ:"Kompakten"."kompakt".#63144;]
[CL]
[CR]
[GP=PRE:"Mit"."mit";=ADJ:"geringem"."gering".#100425;=NOU:"Gewicht".#138372;]
[CN=CON:"und"."und".#-1;]
[GP=ADJ:"weitem"."weit".#40690;=NOU:"Sehfeld".#48446;]
[PV=VER:"sichert"."sichern".#120275;]
[GN=PRO:"das"."das".#-1;]
[GP=PRD:"ZEISS CONQUEST DL".$59;]
[GN=ADJ:"1.2"."1.2".#-1;=PNT:"-"."-".#-1;=NOU:"5x36"."5x36".#-1;]
[GP=PRE:"mit"."mit".#-1;=NOU:"Beleuchtung".#499536;]
[GN=ART:"eine"."ein";=ADJ:"rasche"."rasch".#81737;=CON:"und"."und".#-1;=ADJ:"sichere"."sicher".#157630;=NOU:"Zielerfassung".$117955;]
[GP=PRE:"im"."in";=NOU:"Nahbereich".#34587;]
[??=PNT:".".".".#-1;]
[CL]
[PV=ADV:"Darüber hinaus"."darüber hinaus".#98967;=VER:"lässt"."lassen".#146725;]
[GN=PRO:"es"."es".#-1;]
[GN=PRO:"sich"."er";]
[GP=PRE:"mit"."mit".#-1;=ADJ:"seiner"."sein";]
[GP=PRE:"bis zu".#599983;=ADJ:"fünffachen"."fünffach".#170406;]
[GP=NOU:"Vergrößerung".#103301;]
[GV=ADV:"ideal"."ideal".#-1;]
[GP=PRE:"bei"."bei".#-1;=ART:"der"."die";=NOU:"Bewegungs-"."Bewegungsjagd".$100036963;]
[CN=CON:"und"."und".#-1;]
[GP=NOU:"Tagesjagd".$100036963;]
[GV=ADV:"hervorragend"."hervorragend".#-1;]
[PV=VER:"einsetzen"."dareinsetzen".#32272;]
[??=PNT:".".".".#-1;]
[CL]
[GN=ART:"Der"."der";=NOU:"Leuchtpunkt".$1328;]
[PN=VER:"ist"."sein".#12562;=ADJ:"einfach".#86934;]
[CN=CON:"und"."und".#-1;]
[GA=ADV:"sicher".#172999;=ADJ:"bedienbar".#26393;]
[??=PNT:",".",".#-1;]
[GR=PRO:"selbst"."Leuchtpunkt".$1328;]
[GP=PRE:"mit"."mit".#-1;=NOU:"Handschuhen"."Handschuh".#100169031;]
[??=PNT:".".".".#-1;]
[CL]
[CR]
[GN=PRD:"CONQUEST DL".$59;]
[GN=ADJ:"2"."2".#-1;=PNT:"-"."-".#-1;=NOU:"8x42"."8x42".#-1;]
[CL]
[CR]
[GN=ART:"Die"."die";=NOU:"Allrounder".#96135;]
[CL]
[CR]
[GV=ADV:"Schlank"."schlank";]
[??=PNT:",".",".#-1;]
[GV=ADV:"kompakt".#605760;]
[CN=CON:"und"."und".#-1;]
[GV=ADV:"vielseitig".#30149;]
[??=PNT:",".",".#-1;]
[PV=VER:"eignet"."eignen".#15415;=PRO:"sich"."er";]
[GN=PRO:"das"."das".#-1;]
[GP=PRD:"ZEISS CONQUEST DL".$59;]
[GN=ADJ:"2"."2".#-1;=PNT:"-"."-".#-1;=NOU:"8x42"."8x42".#-1;]
[GV=ADV:"optimal".#596330;]
[GP=PRE:"für"."für".#-1;=ART:"den"."der";=ADJ:"präzisen"."präzis".#79603;=NOU:"Schuss".#102252077;]
[GP=PRE:"im"."in";=NOU:"Revier".#78914;]
[CN=CON:"und"."und".#-1;]
[GP=PRE:"auf"."auf".#-1;=ART:"dem"."der";=NOU:"Schießstand".#100521839;]
[??=PNT:".".".".#-1;]
[CL]
[GP=PRE:"Für"."für";=ART:"das"."das".#-1;=ADJ:"2"."2".#-1;=PNT:"-"."-".#-1;=NOU:"8x42"."8x42".#-1;]
[PN=VER:"ist"."sein".#12562;]
[GN=ART:"die"."die".#-1;=NPR:"ASV DL".$32724;]
[PN=ADJ:"optional".#75808;=ADJ:"erhältlich".#39441;]
[??=PNT:".".".".#-1;]
[CL]
[GP=PRE:"Mit"."mit";=ADJ:"seinem"."sein";=ADJ:"mittleren"."mittlere".#118035;=NOU:"Vergrößerungsbereich".$100082794;]
[PN=VER:"ist"."sein".#172056;]
[GN=PRO:"es"."es".#-1;]
[GN=PRO:"ein"."ein".#-1;]
[PN=ADV:"vielseitig".#30149;=ADJ:"einsetzbares"."einsetzbar".#37042;=NOU:"Zielfernrohr".#100198982;]
[??=PNT:",".",".#-1;]
[GV=ADV:"zum Beispiel".#26861;]
[GP=PRE:"auf"."auf".#-1;=ART:"der"."die";=NOU:"Pirsch".#121352;]
[CN=CON:"und"."und".#-1;]
[GP=PRE:"im"."in";=ADJ:"unübersichtlichen"."unübersichtlich".#101959;=NOU:"Gelände".#114524493;]
[??=PNT:".".".".#-1;]
[CL]
[CR]
[GN=PRD:"CONQUEST DL".$59;]
[GN=ADJ:"2"."2".#-1;=PNT:"-"."-".#-1;=NOU:"8x42"."8x42".#-1;]
[??=PNT:"("."(".#-1;]
[GV=ADV:"illuminated"."illuminated".#-1;]
[??=PNT:")".")".#-1;]
[CL]
[CR]
[GN=ART:"Die"."die";=NOU:"Allrounder".#96135;]
[CL]
[CR]
[GV=ADV:"Schlank"."schlank";]
[??=PNT:",".",".#-1;]
[GV=ADV:"kompakt".#605760;]
[CN=CON:"und"."und".#-1;]
[GV=ADV:"vielseitig".#30149;]
[??=PNT:",".",".#-1;]
[PV=VER:"eignet"."eignen".#15415;=PRO:"sich"."er";]
[GN=PRO:"das"."das".#-1;]
[GP=PRD:"ZEISS CONQUEST DL".$59;]
[GN=ADJ:"2"."2".#-1;=PNT:"-"."-".#-1;=NOU:"8x42"."8x42".#-1;]
[GP=PRE:"mit"."mit".#-1;=NOU:"Beleuchtung".#499536;]
[GV=ADV:"optimal".#596330;]
[GP=PRE:"für"."für".#-1;=ART:"den"."der";=ADJ:"präzisen"."präzis".#79603;=NOU:"Schuss".#102252077;]
[GP=PRE:"im"."in";=NOU:"Revier".#78914;]
[CN=CON:"und"."und".#-1;]
[GP=PRE:"auf"."auf".#-1;=ART:"dem"."der";=NOU:"Schießstand".#100521839;]
[??=PNT:".".".".#-1;]
[CL]
[GP=PRE:"Für"."für";=ART:"das"."das".#-1;=ADJ:"2"."2".#-1;=PNT:"-"."-".#-1;=NOU:"8x42"."8x42".#-1;]
[PN=VER:"ist"."sein".#12562;]
[GN=ART:"die"."die".#-1;=NPR:"ASV DL".$32724;]
[PN=ADJ:"optional".#75808;=ADJ:"erhältlich".#39441;]
[??=PNT:".".".".#-1;]
[CL]
[GP=PRE:"Mit"."mit";=ADJ:"seinem"."sein";=ADJ:"mittleren"."mittlere".#118035;=NOU:"Vergrößerungsbereich".$100082794;]
[PN=VER:"ist"."sein".#172056;]
[GN=PRO:"es"."es".#-1;]
[GN=PRO:"ein"."ein".#-1;]
[PN=ADV:"vielseitig".#30149;=ADJ:"einsetzbares"."einsetzbar".#37042;=NOU:"Zielfernrohr".#100198982;]
[??=PNT:",".",".#-1;]
[GV=ADV:"zum Beispiel".#26861;]
[GP=PRE:"auf"."auf".#-1;=ART:"der"."die";=NOU:"Pirsch".#121352;]
[CN=CON:"und"."und".#-1;]
[GP=PRE:"im"."in";=ADJ:"unübersichtlichen"."unübersichtlich".#101959;=NOU:"Gelände".#114524493;]
[??=PNT:".".".".#-1;]
[CL]
[GN=ART:"Der"."der";=NOU:"Leuchtpunkt".$1328;]
[PN=VER:"ist"."sein".#12562;=ADJ:"einfach".#86934;]
[CN=CON:"und"."und".#-1;]
[GA=ADV:"sicher".#172999;=ADJ:"bedienbar".#26393;]
[??=PNT:",".",".#-1;]
[GR=PRO:"selbst"."Leuchtpunkt".$1328;]
[GP=PRE:"mit"."mit".#-1;=NOU:"Handschuhen"."Handschuh".#100169031;]
[??=PNT:".".".".#-1;]
[CL]
[CR]
[GN=PRD:"CONQUEST DL".$59;]
[GN=ADJ:"3"."3".#-1;=PNT:"-"."-".#-1;=NOU:"12x50"."12x50".#-1;]
[CL]
[CR]
[GN=ART:"Die"."die";=NOU:"Spezialisten"."Spezialist".#1237;]
[CL]
[CR]
[GP=PRE:"Mit"."mit";=ADJ:"lichtstarker"."lichtstark".#67590;=NOU:"Optik".#874;]
[CN=CON:"und"."und".#-1;]
[GP=ART:"dem"."der";=ADJ:"hohen"."hoch".#88257;=NOU:"Vergrößerungsbereich".$100082794;]
[PN=VER:"ist"."sein".#172056;]
[GN=PRO:"das"."das".#-1;]
[GP=PRD:"ZEISS CONQUEST DL".$59;]
[GN=ADJ:"3"."3".#-1;=PNT:"-"."-".#-1;=NOU:"12x50"."12x50".#-1;]
[PN=ADJ:"prädestiniert".#580691;]
[GP=PRE:"für"."für".#-1;=NOU:"Schüsse"."Schuss".#102252077;]
[GP=PRE:"auf"."auf".#-1;=ADJ:"mittlere".#118035;]
[CN=CON:"und"."und".#-1;]
[GP=ADJ:"weite"."weit".#66152;=NOU:"Distanzen"."Distanz".#131341;]
[??=PNT:".".".".#-1;]
[CL]
[GP=PRE:"Beim"."bei";=NOU:"Ansitz".#14801;]
[GP=PRE:"am"."an";=NOU:"Tag".#105019497;]
[CN=CON:"oder"."oder".#-1;]
[GP=PRE:"in"."in".#-1;=ART:"der"."die";=NOU:"Dämmerung".#32194;]
[PN=VER:"ist"."sein".#12562;]
[GN=PRO:"es"."es".#-1;]
[GP=ADJ:"jeden"."jede";=NOU:"Anforderungen"."Anforderung".#100774228;]
[PN=ADJ:"gewachsen".#36490;]
[??=PNT:".".".".#-1;]
[CL]
[GP=PRE:"Als"."als";=NOU:"Highlight".#141183;]
[PV=VER:"kann"."können".#12879;]
[GN=ART:"die"."die".#-1;=NOU:"Absehenschnellverstellung".$148157;]
[GP=PRE:"für"."für".#-1;=PRO:"die"."die".#-1;]
[GP=PRD:"ZEISS"."ZEISS CONQUEST DL".$59;=ADJ:"CONQUEST DL"."CONQUEST DL".#-1;]
[GN=NOU:"Modelle"."Modell".#16275;]
[??=PNT:"("."(".#-1;]
[GN=NPR:"ASV DL".$32724;]
[??=PNT:")".")".#-1;]
[PV=ADJ:"optional".#75808;=VER:"erworben"."erwerben".#16206;=VER:"werden"."werden".#-1;]
[??=PNT:".".".".#-1;]
[CL]
[GN=PRO:"Sie"."sie";]
[PV=VER:"macht"."machen".#14553;]
[GP=PRE:"aus"."aus".#-1;=PRO:"dem"."der";]
[GP=ADJ:"großen"."groß".#50456;=PRD:"ZEISS CONQUEST DL".$59;]
[GN=ART:"einen"."ein";=NOU:"Weitschussexperten"."Weitschussexperte".$1237;]
[??=PNT:".".".".#-1;]
[CL]
[CR]
[GN=PRD:"CONQUEST DL".$59;]
[GN=ADJ:"3"."3".#-1;=PNT:"-"."-".#-1;=NOU:"12x50"."12x50".#-1;]
[??=PNT:"("."(".#-1;]
[GV=ADV:"illuminated"."illuminated".#-1;]
[??=PNT:")".")".#-1;]
[CL]
[CR]
[GN=ART:"Die"."die";=NOU:"Spezialisten"."Spezialist".#1237;]
[CL]
[CR]
[GP=PRE:"Mit"."mit";=ADJ:"lichtstarker"."lichtstark".#67590;=NOU:"Optik".#874;]
[CN=CON:"und"."und".#-1;]
[GP=ART:"dem"."der";=ADJ:"hohen"."hoch".#88257;=NOU:"Vergrößerungsbereich".$100082794;]
[PN=VER:"ist"."sein".#172056;]
[GN=PRO:"das"."das".#-1;]
[GP=PRD:"ZEISS CONQUEST DL".$59;]
[GN=ADJ:"3"."3".#-1;=PNT:"-"."-".#-1;=NOU:"12x50"."12x50".#-1;]
[PN=ADJ:"prädestiniert".#580691;]
[GP=PRE:"für"."für".#-1;=NOU:"Schüsse"."Schuss".#102252077;]
[GP=PRE:"auf"."auf".#-1;=ADJ:"mittlere".#118035;]
[CN=CON:"und"."und".#-1;]
[GP=ADJ:"weite"."weit".#66152;=NOU:"Distanzen"."Distanz".#131341;]
[??=PNT:".".".".#-1;]
[CL]
[GP=PRE:"Beim"."bei";=NOU:"Ansitz".#14801;]
[GP=PRE:"am"."an";=NOU:"Tag".#105019497;]
[CN=CON:"oder"."oder".#-1;]
[GP=PRE:"in"."in".#-1;=ART:"der"."die";=NOU:"Dämmerung".#32194;]
[PN=VER:"ist"."sein".#12562;]
[GN=PRO:"es"."es".#-1;]
[GP=ADJ:"jeden"."jede";=NOU:"Anforderungen"."Anforderung".#100774228;]
[PN=ADJ:"gewachsen".#36490;]
[??=PNT:".".".".#-1;]
[CL]
[GP=PRE:"Als"."als";=NOU:"Highlight".#141183;]
[PV=VER:"kann"."können".#12879;]
[GN=ART:"die"."die".#-1;=NOU:"Absehenschnellverstellung".$148157;]
[GP=PRE:"für"."für".#-1;=PRO:"die"."die".#-1;]
[GP=PRD:"ZEISS"."ZEISS CONQUEST DL".$59;=ADJ:"CONQUEST DL"."CONQUEST DL".#-1;]
[GN=NOU:"Modelle"."Modell".#16275;]
[??=PNT:"("."(".#-1;]
[GN=NPR:"ASV DL".$32724;]
[??=PNT:")".")".#-1;]
[PV=ADJ:"optional".#75808;=VER:"erworben"."erwerben".#16206;=VER:"werden"."werden".#-1;]
[??=PNT:".".".".#-1;]
[CL]
[GN=PRO:"Sie"."sie";]
[PV=VER:"macht"."machen".#14553;]
[GP=PRE:"aus"."aus".#-1;=PRO:"dem"."der";]
[GP=ADJ:"großen"."groß".#50456;=PRD:"ZEISS CONQUEST DL".$59;]
[GN=ART:"einen"."ein";=NOU:"Weitschussexperten"."Weitschussexperte".$1237;]
[??=PNT:".".".".#-1;]
[CL]
[CR]
[PV=VER:"Absehen"."absehen".#122330;]
[CL]
[CR]
[GN=ADJ:"Feine"."fein".#120540;=NOU:"Absehen"."Absehen".#-1;]
[GP=PRE:"in"."in".#-1;=ART:"der"."der".#-1;=ADJ:"2."."2.".#-1;=NOU:"Bildebene".#28589;]
[CL]
[CR]
[GV=ADV:"CONQUEST DL"."CONQUEST DL".#-1;]
[GN=NOU:"Zielfernrohre"."Zielfernrohr".#100198982;]
[PN=VER:"sind"."sein".#12562;]
[GP=PRE:"mit"."mit".#-1;=ART:"dem"."der";=ADJ:"unbeleuchteten"."unbeleuchtet".#100498;=NOU:"Absehen"."Absehen".#-1;]
[PN=ADJ:"6"."6".#-1;]
[CN=CON:"und"."und".#-1;]
[GP=ART:"dem"."der";=ADJ:"tageslichtauglichen".$30064;]
[PV=VER:"Leuchtabsehen".$122330;]
[GA=ADJ:"60"."60".#-1;=ADJ:"verfügbar".#18832;]
[??=PNT:".".".".#-1;]
[CL]
[GP=PRE:"Bei"."bei";=ADJ:"beiden"."beide".#169688;=NOU:"Versionen"."Version".#104438;]
[PV=VER:"liegt"."liegen".#16318;]
[GN=ART:"das"."das".#-1;=NOU:"Absehen"."Absehen".#-1;]
[GP=PRE:"in"."in".#-1;=ART:"der"."der".#-1;=ADJ:"2."."2.".#-1;=NOU:"Bildebene".#28589;]
[??=PNT:".".".".#-1;]
[CL]
[GV=ADV:"Dadurch"."dadurch".#130315;]
[PV=VER:"können"."können".#-1;]
[GN=PRO:"Sie"."Sie".#-1;]
[GN=PRO:"sich"."er";]
[GP=PRE:"im"."in";=ADJ:"gesamten"."gesamt".#48115;=NOU:"Vergrößerungsbereich".$100082794;]
[GP=PRE:"auf"."auf".#-1;=PRO:"ein"."ein".#-1;]
[GN=ADJ:"konstant".#27777;=ADJ:"feines"."fein".#120540;=NOU:"Absehen"."Absehen".#-1;]
[PV=VER:"verlassen".#17849;]
[CN=CON:"und"."und".#-1;]
[GN=ART:"die"."die".#-1;=NOU:"Vergrößerung".#103301;]
[GA=ADV:"jederzeit".#117634;=ADJ:"beliebig".#27089;]
[PV=VER:"wechseln".#121117;]
[??=PNT:".".".".#-1;]
[CL]
[CR]
[PV=VER:"Absehen"."absehen".#122330;]
[GA=ADJ:"60"."60".#-1;]
[GP=PRE:"für"."für".#-1;=PRD:"CONQUEST DL".$59;]
[CL]
[CR]
[PV=VER:"beleuchtet"."beleuchten".#128132;]
[CL]
[CR]
[GN=ART:"Der"."der";=ADJ:"feine"."fein".#135522;=PNT:",".",".#-1;=ADJ:"tageslichttaugliche"."Tageslicht";=NOU:"Leuchtpunkt".$1328;]
[PN=VER:"ist"."sein".#12562;]
[GP=PRE:"auf"."auf".#-1;=NOU:"Wunsch".#100241625;]
[GV=ADV:"zuschaltbar"."zuschaltbar".#-1;]
[CN=CON:"und"."und".#-1;]
[PN=ADJ:"überzeugt".#562504;]
[GP=PRE:"mit"."mit".#-1;=ADJ:"hoher"."hoch".#88257;=NOU:"Leuchtintensität".$16754;]
[??=PNT:".".".".#-1;]
[CL]
[GN=PRO:"Er"."er";]
[PN=VER:"ist"."sein".#12562;=ADJ:"fein".#120540;=ADJ:"dimmbar"."dimmen";]
[CN=CON:"und"."und".#-1;]
[GV=ADV:"so".#90954;]
[GP=PRE:"für"."für".#-1;=ADJ:"jede"."jede".#-1;=NOU:"Jagdsituation".$354;]
[PN=ADJ:"geeignet".#30064;]
[??=PNT:".".".".#-1;]
[CL]
[GP=PRE:"Durch"."durch";=ART:"die"."die".#-1;=NOU:"Lage".#130;]
[GP=PRE:"in"."in".#-1;=ART:"der"."der".#-1;=ADJ:"2."."2.".#-1;=NOU:"Bildebene".#28589;]
[PV=VER:"gewährleistet"."gewährleisten".#48642;]
[GN=PRO:"er"."er".#-1;]
[GN=ADJ:"minimale"."minimal".#100425;=NOU:"Zielabdeckung".$121638;]
[??=PNT:"-"."-".#-1;]
[GP=PRE:"bei"."bei".#-1;=ADJ:"12"."12".#-1;=PNT:"-"."-".#-1;=ADJ:"facher"."facher".#-1;=NOU:"Vergrößerung".#103301;]
[GN=ADV:"nur".#66818;=MEA:"0,8 cm"."0,8 Zentimeter".$100174728;]
[GP=PRE:"auf"."auf".#-1;=MEA:"100 m"."100 Meter".$11710;]
[??=PNT:".".".".#-1;]
[CL]
[CR]
[PV=VER:"Absehen"."absehen".#122330;]
[GA=ADJ:"6"."6".#-1;]
[CL]
[CR]
[GV=ADV:"unbeleuchtet"."unbeleuchtet".#-1;]
[CL]
[CR]
[GN=ART:"Das"."das";=ADJ:"unbeleuchtete"."unbeleuchtet".#100498;=NOU:"Absehen"."Absehen".#-1;]
[GA=ADJ:"6"."6".#-1;]
[PV=VER:"liegt"."liegen".#16318;]
[GP=PRE:"in"."in".#-1;=ART:"der"."der".#-1;=ADJ:"2."."2.".#-1;=NOU:"Bildebene".#28589;]
[??=PNT:",".",".#-1;]
[PV=VER:"bleibt"."bleiben".#14281;]
[GP=PRE:"beim"."bei";=NOU:"Vergrößerungswechsel".$19147;]
[GN=ADJ:"konstant".#27777;]
[CN=CON:"und"."und".#-1;]
[PN=VER:"ist"."sein".#12562;=ADV:"universell".#610947;=ADJ:"einsetzbar".#37042;]
[??=PNT:":".":".#-1;]
[GP=PRE:"Beim"."bei";=NOU:"Flüchtigschießen".$8713;]
[GP=PRE:"mit"."mit".#-1;=ADJ:"geringer"."gering".#100425;=NOU:"Vergrößerung".#103301;]
[PN=VER:"ist"."sein".#172056;]
[GN=ART:"das"."das".#-1;=NOU:"Absehen"."Absehen".#-1;]
[PN=ADV:"immer".#57736;=ADV:"deutlich".#596230;=ADJ:"sichtbar".#21830;]
[??=PNT:",".",".#-1;]
[GP=PRE:"bei"."bei".#-1;=ADJ:"hoher"."hoch".#39296;=NOU:"Vergrößerung".#103301;]
[PV=VER:"bleibt"."bleiben".#129080;]
[GN=PRO:"es"."es".#-1;]
[PV=ADV:"sehr".#46001;=VER:"fein"."feien".#41837;]
[CN=CON:"und"."und".#-1;]
[PV=VER:"verdeckt"."verdecken".#119504;]
[GN=ART:"das"."das".#-1;=NOU:"Ziel".#4116;]
[GA=ADV:"nur".#66818;=ADJ:"minimal".#100425;]
[??=PNT:".".".".#-1;]
[CL]
[CR]
[GN=NPR:"Fragen & Antworten"."Fragen & Antworten".#-1;]
[CL]
[CR]
[GV=ADV:"Warum"."warum".#107573;]
[PN=VER:"sind"."sein".#12562;]
[GN=ART:"die"."die".#-1;=ADJ:"CONQUEST DL"."CONQUEST DL".#-1;]
[GN=NOU:"Modelle"."Modell".#16275;]
[GP=PRE:"gegenüber"."gegenüber".#-1;=ART:"den"."der";=DOC:"VICTORY".$103150005;=NOU:"Modellen"."Modell".#16275;]
[PN=ADV:"so".#90954;=ADJ:"günstig".#43958;]
[??=PNT:"?"."?".#-1;]
[CL]
[CR]
[GN=ART:"Die"."die";=ADJ:"CONQUEST DL"."CONQUEST DL".#-1;=NOU:"Geräte"."Gerät".#59;]
[PV=VER:"wurden"."werden";=NOU:"kostenoptimiert"."kostenoptimiert".#-1;=VER:"entwickelt"."entwickeln".#14720;]
[??=PNT:".".".".#-1;]
[CL]
[GV=ADV:"Speziell"."speziell".#58485;]
[GN=ART:"die"."die".#-1;=NOU:"Montagezeiten"."Montagezeit".$2112;]
[GP=PRE:"im"."in";=GEO:"Wetzlarer"."Wetzlar".#12796077;=NOU:"Werk".#14258;]
[PV=VER:"konnten"."können";]
[PV=ADV:"so".#90954;=ADV:"deutlich".#596230;=VER:"reduziert"."reduzieren".#14554;=VER:"werden"."werden".#-1;]
[??=PNT:".".".".#-1;]
[CL]
[GN=ART:"Die"."die";=NOU:"Geräte"."Gerät".#59;]
[PN=VER:"sind"."sein".#12562;=ADV:"somit".#43901;=ADJ:"einfacher"."einfach".#56999;=ADJ:"aufgebaut".#596895;]
[GP=PRE:"als"."als".#-1;=ADJ:"unsere"."unser";=ADJ:"teureren"."teuer".#64317;=NOU:"Produktlinien"."Produktlinie".#80090;]
[??=PNT:".".".".#-1;]
[CL]
[GV=ADV:"Auch"."auch".#23235;]
[GN=ART:"die"."die".#-1;=NOU:"Auswahl".#24205;]
[GP=PRE:"an"."an".#-1;=NOU:"Ausstattung".#62;]
[CN=CON:"und"."und".#-1;]
[GP=NOU:"Absehentypen"."Absehentyp".$100834884;]
[PN=VER:"ist"."sein".#172056;]
[GP=PRE:"auf"."auf".#-1;=ART:"ein"."ein".#-1;=NOU:"Minimum".#70918;]
[PN=ADJ:"reduziert".#578112;]
[??=PNT:":".":".#-1;]
[GN=ADJ:"zwei".#173625;=NOU:"Absehen"."Absehen".#-1;]
[PV=VER:"stehen".#32369;]
[GP=PRE:"zur"."zu";=NOU:"Auswahl".#24205;]
[??=PNT:",".",".#-1;]
[GN=ADJ:"keine"."kein";=NOU:"Schiene".#37457;=CON:"und"."und".#-1;=ART:"eine"."ein";=ADJ:"vereinfachte"."vereinfacht";=NPR:"ASV".$100223557;]
[??=PNT:".".".".#-1;]
[CL]
[GP=PRE:"Hinsichtlich"."hinsichtlich";=NOU:"Präzision".#501383;]
[CN=CON:"und"."und".#-1;]
[GP=NOU:"Zuverlässigkeit".#173514;]
[PV=VER:"werden"."werden".#-1;]
[GN=ADV:"jedoch".#20252;=ADJ:"keinerlei".#74853;=NOU:"Abstriche"."Abstrich".#119271;]
[PV=VER:"gemacht"."machen".#14422;]
[??=PNT:".".".".#-1;]
[CL]
[CR]
[GN=NOU:"Können".#63503;]
[GN=ART:"die"."die".#-1;=PRD:"CONQUEST DL".$59;]
[GV=ADV:"nachträglich".#596440;]
[GP=PRE:"mit"."mit".#-1;=NPR:"ASV".$100223557;]
[PV=VER:"ausgerüstet"."ausrüsten".#15199;=VER:"werden"."werden".#-1;]
[??=PNT:"?"."?".#-1;]
[CL]
[CR]
[GN=NOU:"Ja".#59192;]
[??=PNT:".".".".#-1;]
[CL]
[GN=ART:"eine"."ein";=ADJ:"nachträgliche"."nachträglich".#41627;=NOU:"Ausrüstung".#118483;]
[GN=ART:"der"."der".#-1;=ADJ:"CONQUEST DL"."CONQUEST DL".#-1;]
[GN=NOU:"Zielfernrohre"."Zielfernrohr".#100198982;]
[GP=PRE:"mit"."mit".#-1;=NPR:"ASV".$100223557;]
[PN=VER:"ist"."sein".#12562;=ADJ:"möglich".#40256;]
[??=PNT:".".".".#-1;]
[CL]
[CR]
[GN=PRO:"Ich"."ich";]
[PV=VER:"möchte"."mögen".#17995;]
[GV=ADV:"gerne".#48078;]
[GN=ART:"die"."die".#-1;=NPR:"ASV".$100223557;]
[??=PNT:"+"."+".#-1;]
[CN=CON:"bzw."."bzw.".#-1;]
[GN=PRD:"ZEISS"."ZEISS CONQUEST DL".$59;=NOU:"Innenschiene"."Schiene".#37457;]
[PV=VER:"haben".#12561;]
[??=PNT:".".".".#-1;]
[CL]
[PN=VER:"Ist"."sein".#12562;]
[GN=PRO:"das"."das".#-1;]
[GP=PRE:"beim"."bei";=PRD:"CONQUEST DL".$59;]
[PN=ADJ:"möglich".#40256;]
[??=PNT:"?"."?".#-1;]
[CL]
[CR]
[GN=ART:"Die"."die";=ADJ:"CONQUEST DL"."CONQUEST DL".#-1;=NOU:"Zielfernrohre"."Zielfernrohr".#100198982;]
[PV=VER:"wurden"."werden";]
[GP=PRE:"auf"."auf".#-1;=ART:"das"."das".#-1;=NOU:"Wesentliche".#167098;]
[PV=VER:"reduziert"."reduzieren".#15617;]
[??=PNT:":".":".#-1;]
[GN=NOU:"Funktionalität".#45427;=CON:"und"."und".#-1;=NOU:"Robustheit".#83947;]
[??=PNT:".".".".#-1;]
[CL]
[CR]
[CN=CON:"Wenn"."wenn";]
[GN=PRO:"Sie"."Sie".#-1;]
[GN=ADJ:"innovative"."innovativ".#58456;=NOU:"Lösungen"."Lösung".#121241;]
[CN=CON:"wie"."wie".#-1;]
[GV=ADV:"z.B.".#26861;]
[GN=NPR:"ASV".$100223557;]
[??=PNT:"+"."+".#-1;]
[??=PNT:"("."(".#-1;]
[GN=ADJ:"verbesserte"."verbessert".#562318;=PNT:"/"."/".#-1;=ADJ:"erweiterte"."erweitert".#602858;=NOU:"Absehenschnellverstellung".$148157;]
[??=PNT:")".")".#-1;]
[??=PNT:",".",".#-1;]
[GN=NOU:"Illumination".#499536;=NOU:"Control".#100423813;]
[CN=CON:"oder"."oder".#-1;]
[GA=ADV:"auch".#23235;=ADJ:"spezielle"."speziell".#40768;]
[PV=VER:"Weitschussabsehen".$122330;=VER:"haben"."haben".#-1;=VER:"möchten"."mögen";]
[??=PNT:",".",".#-1;]
[PV=VER:"empfehlen".#15095;]
[GN=PRO:"wir"."wir".#-1;]
[GP=PRO:"Ihnen"."Sie";]
[GN=ART:"die"."die".#-1;=NOU:"Zielfernrohre"."Zielfernrohr".#100198982;]
[GP=PRE:"aus"."aus".#-1;=ART:"der"."die";=DOC:"VICTORY".$103150005;=PNT:"-"."-".#-1;=NOU:"Linie".#4179;]
[??=PNT:".".".".#-1;]
[CL]
[CR]
[GP=PRE:"Bei"."bei";=ADV:"so".#90954;=ART:"einem"."ein";=ADJ:"guten"."gut".#51058;=NOU:"Preis-Leistungs-Verhältnis".#79665;]
[PV=VER:"werden"."werden".#-1;]
[GN=ART:"die"."die".#-1;=ADJ:"CONQUEST DL"."CONQUEST DL".#-1;]
[GN=NOU:"Zielfernrohre"."Zielfernrohr".#100198982;]
[GP=ADV:"doch".#173057;=ADV:"sicherlich".#172999;]
[GP=PRE:"in"."in".#-1;=GEO:"Fernost"."Ferner Osten".#100027231;]
[PV=VER:"hergestellt"."herstellen".#498562;]
[??=PNT:"?"."?".#-1;]
[CL]
[CR]
[GN=ART:"Die"."die";=ADJ:"CONQUEST DL"."CONQUEST DL".#-1;=NOU:"Zielfernrohre"."Zielfernrohr".#100198982;]
[PV=VER:"werden"."werden".#-1;]
[GP=PRE:"bei"."bei".#-1;=PRD:"ZEISS"."ZEISS CONQUEST DL".$59;]
[GP=PRE:"in"."in".#-1;=GEO:"Wetzlar".#12796077;]
[PV=VER:"gefertigt"."fertigen".#13619;]
[??=PNT:",".",".#-1;]
[PV=VER:"sind"."sein".#13082;]
[GV=ADV:"also".#43901;]
[GN=PNT:""".""".#-1;=NPR:"Made in Germany"."Made in Germany".#-1;=PNT:""".""".#-1;]
[??=PNT:".".".".#-1;]
[CL]
[CR]
[CN=CON:"Warum"."warum";]
[GN=NOU:"Tipptastensteuerung".$79640;]
[??=PNT:"?"."?".#-1;]
[CL]
[CR]
[GN=ART:"Die"."die";=NOU:"Tipptastensteuerung".$79640;]
[PV=VER:"wurde"."werden".#140981;]
[GP=PRE:"aus"."aus".#-1;=NOU:"Kostenoptimierungsgründen"."Kostenoptimierungsgrund".$1651;]
[CN=CON:"sowie"."sowie".#-1;]
[GP=ART:"der"."die";=ADJ:"besonderen"."besondere".#24948;=NOU:"Einfachheit".#132708;]
[GP=ART:"des"."das";=NOU:"Konzepts"."Konzept".#120748;]
[PV=VER:"gewählt"."wählen".#13051;]
[??=PNT:".".".".#-1;]
[CL]
[GP=PRE:"Unter"."unter";=NOU:"Ergonomiegesichtspunkten"."Ergonomiegesichtspunkt".$1756;]
[PV=VER:"bleibt"."bleiben".#14281;]
[GN=ART:"die"."die".#-1;=ADJ:"aufwändigere"."aufwändig".#23895;=NOU:"Zug-Drehknopflösung".$121241;]
[GP=ART:"der"."die";=NOU:"Victory-Linien"."Victory-Linie".$525;]
[GN=ADV:"nach wie vor".#149375;=ADJ:"unübertroffen".#101964;]
[??=PNT:".".".".#-1;]
[CL]
[GN=PRO:"Diese"."dies";]
[PV=VER:"bietet"."bieten".#13273;]
[GN=ART:"einen"."ein";=ADJ:"überlegenen"."überlegen".#37624;=NOU:"Bedienkomfort".#571334;]
[GP=PRE:"im Vergleich zu".#121138;=NOU:"Tipptasten"."Tipptaste".$4961;]
[??=PNT:",".",".#-1;]
[PV=VER:"erfordert"."erfordern".#12745;]
[GV=ADV:"jedoch".#20252;]
[GP=PRE:"vom"."von";=NOU:"Kunden"."Kunde".#3878;]
[??=PNT:",".",".#-1;]
[GN=PRO:"sich"."er";]
[GP=PRE:"mit"."mit".#-1;=ART:"dem"."das";=NOU:"Grundprinzip".#100211364;]
[PV=VER:"vertraut zu machen"."vertraut machen".#26677;]
[??=PNT:".".".".#-1;]
[CL]
[CR]
[GN=ADJ:"Welche"."welch";=NOU:"Bedeutung".#101570700;]
[PV=VER:"haben".#13088;]
[GN=ART:"die"."die".#-1;=NOU:"Abkürzungen"."Abkürzung".#9555;]
[??=PNT:"?"."?".#-1;]
[CL]
[CR]
[GN=NOU:"Bedeutung".#120039;]
[GP=ART:"der"."die";=NOU:"Abkürzungen"."Abkürzung".#121968;]
[CL]
[CR]
[GN=NOU:"FL"."Fl".#100001302;]
[CL]
[CR]
[GN=NOU:"Ferngläser"."Fernglas".#2146;]
[CN=CON:"und"."und".#-1;]
[GN=PRD:"Spektive".$59;]
[GP=PRE:"mit"."mit".#-1;=ADJ:"fluoridhaltigen"."Fluorid";]
[??=PNT:"("."(".#-1;]
[GN=NOU:"FL"."Fl".#100001302;=PNT:"-"."-".#-1;]
[??=PNT:")".")".#-1;]
[GP=NOU:"Gläsern"."Glas".#2143;]
[GP=PRE:"für"."für".#-1;=ADJ:"kontrastreichere"."kontrastreich".#63775;]
[??=PNT:",".",".#-1;]
[GN=ADJ:"schärfere"."scharf".#85974;=NOU:"Bilder"."Bild".#874;]
[GP=PRE:"mit"."mit".#-1;=ADV:"deutlich".#596230;=ADJ:"reduzierten"."reduziert".#578112;=NOU:"Farbsäumen"."Farbsaum".$115069182;]
[??=PNT:";".";".#-1;]
[CL]
[GN=ADJ:"Fluoridhaltige"."Fluorid";=NOU:"Gläser"."Glas".#2143;]
[??=PNT:",".",".#-1;]
[GN=ART:"eine"."ein";=ADJ:"spezielle"."speziell".#40768;]
[CN=CON:"aber"."aber".#-1;]
[GN=ADV:"sehr".#46001;=ADJ:"gute"."gut".#29675;=NOU:"Untergruppe".#101632;]
[GP=ART:"der"."die";=FDD:"ED".$249;=PNT:"-"."-".#-1;=NOU:"Gläser"."Glas".#2144;]
[CL]
[CR]
[GN=NOU:"GA"."Ga".#100000861;]
[CL]
[CR]
[GN=ADJ:"Frühere"."früh".#45046;=NOU:"Bezeichnung".#562229;]
[GP=PRE:"bei"."bei".#-1;=PRD:"Dialyt".$2146;=NOU:"Ferngläser"."Fernglas".#2146;]
[GP=PRE:"für"."für".#-1;=PNT:""".""".#-1;=NOU:"Gummiarmierung".$22777;=PNT:""".""".#-1;]
[CL]
[CR]
[GN=NOU:"T"."t".#100009813;]
[??=PNT:"*"."*".#-1;]
[CL]
[CR]
[GN=PRD:"ZEISS"."ZEISS CONQUEST DL".$59;=NOU:"T"."t".#100009813;]
[GN=PNT:"*"."*".#-1;=PNT:"-"."-".#-1;=NOU:"Mehrschichtvergütung".$500211;]
[GP=PRE:"für"."für".#-1;=ADV:"extrem".#24963;=ADJ:"hohe"."hoch".#88257;=NOU:"Transmission".#97799;]
[CN=CON:"und"."und".#-1;]
[GP=ADJ:"niedrige"."niedrig".#120703;=NOU:"Reflexanfälligkeit".$21103;]
[CL]
[CR]
[GN=NOU:"MC".#12301;]
[CL]
[CR]
[GN=PRD:"ZEISS"."ZEISS CONQUEST DL".$59;=NOU:"Mehrschichtvergütung".$500211;]
[??=PNT:"("."(".#-1;]
[GN=NOU:"Multi".#72233;=COM:"Coating".$72233;]
[??=PNT:")".")".#-1;]
[CL]
[CR]
[GN=NOU:"P"."p".#1390;=PNT:"/"."/".#-1;=NOU:"P"."p".#1390;]
[??=PNT:"*"."*".#-1;]
[CL]
[CR]
[GN=NOU:"Phasenkorrekturbelag".$12919;]
[GP=PRE:"auf"."auf".#-1;=ART:"den"."die";=NOU:"Dachkantprismen"."Dachkant";]
[??=PNT:",".",".#-1;]
[GR=PRO:"der"."Phasenkorrekturbelag".$12919;]
[GP=PRE:"für"."für".#-1;=ART:"eine"."ein";=ADJ:"höhere"."hoch".#39296;=NOU:"Auflösung".#121241;]
[GP=PRE:"von"."von".#-1;=ADJ:"feinsten"."fein".#120540;=NOU:"Detailstrukturen"."Detailstruktur".$101851710;]
[PV=VER:"sorgt"."sorgen".#119588;]
[??=PNT:".".".".#-1;]
[CL]
[GN=PRO:"Alle"."all";]
[GN=PRD:"ZEISS"."ZEISS CONQUEST DL".$59;=NOU:"Ferngläser"."Fernglas".#2146;]
[GP=PRE:"mit"."mit".#-1;=NOU:"Dachkantprismen"."Dachkant";]
[PV=VER:"besitzen".#12561;]
[GN=ADJ:"diesen"."dies";=NOU:"Belag".#128070;]
[CL]
[CR]
[GN=NOU:"B"."b".#100115276;]
[CL]
[CR]
[GN=ADJ:"Frühere"."früh".#45046;=NOU:"Bezeichnung".#562229;]
[GP=PRE:"für"."für".#-1;=ADJ:"brillenträgertaugliche"."Brillenträger";=NOU:"Ferngläser"."Fernglas".#2146;]
[CL]
[CR]
[PN=ADV:"Heute"."heute".#54750;=VER:"sind"."sein".#12562;]
[GN=PRO:"alle"."all";]
[GN=PRD:"ZEISS"."ZEISS CONQUEST DL".$59;=NOU:"Ferngläser"."Fernglas".#2146;]
[CN=CON:"und"."und".#-1;]
[GN=NOU:"Spektiv-Okulare"."Spektiv-Okular".$100193516;]
[GP=PRE:"für"."für".#-1;=NOU:"Brillenträger".#30295;]
[GA=ADJ:"geeignet".#30064;]
[??=PNT:",".",".#-1;]
[CN=CON:"so"."so".#-1;]
[CN=CON:"dass"."dass".#-1;]
[GN=ART:"die"."die".#-1;=NOU:"Bezeichnung".#562229;]
[GN=PNT:""".""".#-1;=NOU:"B"."b".#100009705;=PNT:""".""".#-1;]
[PV=VER:"entfallen".#117829;=VER:"ist"."sein";]
[CL]
[CR]
[GN=NOU:"S"."s".#100009956;]
[CL]
[CR]
[GN=NOU:"Fernglas".#2146;]
[GP=PRE:"mit"."mit".#-1;=ADJ:"mechanischer"."mechanisch".#148140;=NOU:"Bildstabilisierung".$102325468;]
[CL]
[CR]
[GN=NOU:"M"."m".#100009933;]
[CL]
[CR]
[GN=NOU:"Zielfernrohr-Modelle"."Zielfernrohr-Modell".$16288;]
[GP=PRE:"mit"."mit".#-1;=PRD:"ZEISS"."ZEISS CONQUEST DL".$59;=NOU:"Montageschiene".$4179;]
[??=PNT:".".".".#-1;]
[CL]
[CR]
[GV=NPR:"iC"."iC".#-1;]
[CL]
[CR]
[GN=NOU:"Zielfernrohr".#100198982;]
[GP=PRE:"mit"."mit".#-1;=NOU:"Illumination".#499536;]
[GN=NOU:"Control".#100423813;]
[CL]
[CR]
[GN=FDD:"ED".$249;]
[CL]
[CR]
[GN=NPR:"Extralow".$100102205;=NOU:"Dispersion".#33918;]
[??=PNT:"="."=".#-1;]
[GN=ADJ:"Geringe"."gering".#100425;=NOU:"Farbaufspaltung".$23774;]
[??=PNT:"/"."/".#-1;]
[GN=ADJ:"geringe"."gering".#100425;=NOU:"Farbsäume"."Farbsaum".$115069182;]
[CL]
[CR]
[GN=COM:"HD".#497128;]
[CL]
[CR]
[GN=ADJ:"High"."high".#54907;=NOU:"Definition".#130697;]
[??=PNT:".".".".#-1;]
[CL]
[GN=VCL:"HD".#497127;]
[PN=VER:"ist"."sein".#12562;=ADJ:"keine"."kein";=NOU:"Glassorte"."Glassort".$100000515;]
[??=PNT:",".",".#-1;]
[CN=CON:"sondern"."sondern".#-1;]
[PV=VER:"beschreibt"."beschreiben".#14778;]
[GN=ART:"das"."das".#-1;=NOU:"Ergebnis".#117958;]
[GP=ART:"der"."die";=FDD:"ED".$249;=PNT:"-"."-".#-1;=NOU:"Gläser"."Glas".#2144;]
[??=PNT:":".":".#-1;]
[GN=ADV:"Sehr"."sehr".#46001;=ADJ:"gute"."gut".#29675;=NOU:"Auflösung".#18864;]
[CL]
[CR]
[GN=NPR:"HT"."HT".#-1;]
[CL]
[CR]
[GN=ADJ:"High"."high".#54907;=NOU:"Transmission".#97799;]
[??=PNT:"="."=".#-1;]
[GN=NOU:"Gläser"."Glas".#2143;]
[GP=PRE:"von"."von".#-1;=NOU:"Schott".#87776;]
[??=PNT:",".",".#-1;]
[GN=ART:"die"."die".#-1;=ADV:"sehr".#46001;=ADJ:"gute"."gut".#51056;=NOU:"Transmissionseigenschaften"."Transmissionseigenschaft".$133;]
[PV=VER:"besitzen".#12561;]
[??=PNT:".".".".#-1;]
[CL]
[CR]
[GN=NOU:"SF".#8792;]
[CL]
[CR]
[GN=VCL:"Smart".#497225;]
[GN=NOU:"Focus".#100190909;]
[??=PNT:"="."=".#-1;]
[GN=ADJ:"Herkömmliche"."herkömmlich".#20572;=NOU:"Ferngläser"."Fernglas".#2146;]
[PV=VER:"benötigen".#12747;]
[GN=ADJ:"2,5"."2,5".#-1;=NOU:"Umdrehungen"."Umdrehung".#14851;]
[GP=ART:"des"."das";=NOU:"Fokussierrades"."Fokussierrad".$100000446;]
[??=PNT:",".",".#-1;]
[CN=CON:"um"."um".#-1;]
[GP=PRE:"vom"."von";=NOU:"Nahfokus".$100190909;]
[GP=PRE:"auf"."auf".#-1;=ART:"die"."die".#-1;=ADJ:"maximale"."maximal".#52730;=NOU:"Beobachtungsdistanz".$119907;]
[PV=CON:"zu".#565251;=VER:"fokussieren".#121451;]
[??=PNT:".".".".#-1;]
[CL]
[GN=ART:"Das"."das";=NPR:"VICTORY SF"."VICTORY SF".#-1;]
[PV=VER:"benötigt"."benötigen".#12747;]
[GN=ADV:"lediglich".#66818;=ADJ:"1,8"."1,8".#-1;=NOU:"Umdrehungen"."Umdrehung".#14851;]
[??=PNT:".".".".#-1;]

SBJ=0:1;OBJ=6:5;SBJ=14:13;CPL=16:13;OBJ=36:30;SBJ=40:41;OBJ=42:41;SBJ=50:53;SBJ=51:53;CPL=54:53;SBJ=50:57;SBJ=51:57;TRM=58:57;SBJ=61:62;SBJ=68:75;OBJ=76:75;SBJ=85:84;OBJ=86:84;SBJ=-52:91;OBJ=93:91;SBJ=96:95;SBJ=102:103;SBJ=107:106;SBJ=113:122;SBJ=124:125;SBJ=130:129;SBJ=132:133;OBJ=135:133;SBJ=130:141;SBJ=139:143;SBJ=151:153;CPL=152:153;CPL=155:153;SBJ=158:159;CPL=169:165;SBJ=164:167;SBJ=180:174;OBJ=177:174;APH=182:180;SBJ=186:188;OBJ=187:188;SBJ=192:191;OBJ=195:191;SBJ=192:203;SBJ=209:212;SBJ=222:223;SBJ=226:228;SBJ=237:241;OBJ=240:241;SBJ=237:245;SBJ=251:250;OBJ=252:250;SBJ=262:264;SBJ=274:275;SBJ=295:293;OBJ=296:293;TRM=292:293;SBJ=300:303;OBJ=301:303;SBJ=-52:310;SBJ=327:324;OBJ=329:324;TRM=323:324;SBJ=333:332;SBJ=-52:343;APH=350:345;SBJ=345:346;SBJ=366:365;SBJ=377:378;CPL=383:381;SBJ=382:384;SBJ=407:406;SBJ=419:420;CPL=425:423;SBJ=424:426;APH=438:433;SBJ=433:434;CPL=453:450;SBJ=451:454;SBJ=465:467;SBJ=471:470;OBJ=474:470;SBJ=480:481;OBJ=484:481;CPL=501:498;SBJ=499:502;SBJ=513:515;SBJ=519:518;OBJ=522:518;SBJ=528:529;OBJ=532:529;SBJ=541:544;SBJ=552:551;SBJ=558:562;OBJ=561:562;SBJ=558:566;SBJ=575:580;SBJ=583:587;SBJ=594:592;SBJ=606:608;SBJ=606:611;CPL=613:611;SBJ=606:615;SBJ=606:619;SBJ=606:624;SBJ=629:628;SBJ=637:640;SBJ=638:640;SBJ=643:644;OBJ=647:650;SBJ=652:653;SBJ=665:666;OBJ=675:676;SBJ=679:683;OBJ=680:683;SBJ=688:692;CPL=689:692;CPL=690:692;SBJ=-49:696;OBJ=698:696;SBJ=-49:702;SBJ=705:707;OBJ=710:713;SBJ=-52:732;SBJ=-52:734;OBJ=720:734;OBJ=743:747;OBJ=744:747;OBJ=750:754;SBJ=750:756;SBJ=765:766;SBJ=765:771;SBJ=775:774;CPL=777:774;SBJ=779:780;OBJ=781:780;SBJ=779:784;SBJ=779:790;OBJ=788:790;SBJ=793:794;OBJ=795:794;APH=851:848;SBJ=848:854;SBJ=826:859;OBJ=860:859;SBJ=826:867;CPL=871:867;SBJ=877:879;SBJ=910:911;SBJ=915:914;SBJ=924:928;OBJ=927:928;SBJ=938:937;OBJ=936:937;SBJ=938:944;SBJ=946:947;OBJ=948:947;APH=826:826;APH=857:826;APH=865:826;APH=869:826;APH=883:826;
#ERRORS#	gravity	pos	len	pos	lem	occ	syn	vir	abs	occcorr	lemcorr	poscorr	vircorr	syncorr
Wrong Disambiguation	1	0	5	ADJ	groß	Große	139011	False	0				 	49106
Wrong Disambiguation	1	31	9	ADJ	richtig	richtigen	83676	False	0				 	64187
Wrong Disambiguation	1	60	4	VER	geben	gibt	13134	False	0				 	
Wrong Entity Type	1	108	5	PRD	ZEISS CONQUEST DL	ZEISS	59	True	0				 	
Missing Concept	1	161	5	NOU		Linie	641	False	0				 	80090
Wrong Entity Type	1	171	5	PRD	ZEISS CONQUEST DL	ZEISS	59	True	0				 	
Missing Concept	0	178	13	ADV	kompromisslos	Kompromisslos		False	0				 	
Wrong Disambiguation	1	247	25	NOU		Preis-Leistungsverhältnis	575794	True	0				 	13953
Wrong Disambiguation	1	311	11	NOU		Performance	77381	False	0				 	151308
Wrong Grammar	1	341	3	PRO	die	die	-1	False	0			ART	 	
Wrong Grammar	1	363	12	ADJ		Zielfernrohe	83997	True	0			NOU	 	
Missing Concept	1	380	2	COM		HD	497128	False	0				 	
Wrong Disambiguation	1	438	9	VER		verbinden	13260	False	0				 	13229
Wrong Entity Type	1	466	5	PRD	ZEISS CONQUEST DL	ZEISS	59	True	0				 	
Wrong Disambiguation	1	472	8	NOU		Qualität	133	False	0				 	13524
Wrong Disambiguation	1	542	8	NOU		Einstieg	133402	False	0				 	39782
Wrong Entity Type	1	576	5	PRD	ZEISS CONQUEST DL	ZEISS	59	True	0				 	
Missing Entity	1	587	11	ADJ	CONQUEST DL	CONQUEST DL	-1	False	0				 	
Wrong Entity Type	1	617	5	PRD	ZEISS CONQUEST DL	ZEISS	59	True	0				 	
Wrong Entity Type	1	670	5	PRD	ZEISS CONQUEST DL	ZEISS	59	True	0				 	
Wrong Disambiguation	1	684	8	NOU	Konzept	Konzepts	120748	False	0				 	4781
Wrong Disambiguation	1	710	8	NOU		Qualität	133	False	0				 	13524
Wrong Disambiguation	1	723	11	NOU		Performance	77381	False	0				 	
Wrong Disambiguation	1	740	6	VER		stehen	32369	False	0				 	159260
Wrong Disambiguation	1	810	13	NOU		Zielauflösung	18864	True	0				 	125308
Missing Concept	1	838	22	NOU	Mehrschichtvergütung	Mehrschichtvergütungen	500211	True	0				 	
Missing Concept	0	869	7	NOU	Absehen	Absehen	-1	False	0				 	
Missing Concept	0	906	8	ADJ	minimal	minimale	100425	False	0				 	
Missing Concept	1	915	15	NOU	Zielabdeckung	Zielabdeckungen	121638	True	0				 	
Wrong Grammar	2	937	4	VER	einen	eine	14874	False	0			ART	 	
Wrong Disambiguation	1	1048	8	NOU		Qualität	133	False	0				 	
Wrong Disambiguation	1	1088	5	NOU		Optik	1756	False	0				 	
Wrong Disambiguation	1	1212	5	ADV		drauf	130455	False	0				 	
Wrong Disambiguation	1	1218	7	VER	ankommen	ankommt	16343	False	0				 	14832
Wrong Disambiguation	1	1234	6	VER		sorgen	119414	False	0				 	
Wrong Grammar	1	1241	4	PRO	ein	eine		False	0			ART	 	
Wrong Grammar	1	1276	3	PRO	die	die	-1	False	0			ART	 	
Wrong Disambiguation	1	1301	8	NOU		Mechanik	100041217	False	0				 	
Wrong Disambiguation	1	1323	8	NOU		Funktion	5241	False	0				 	16024
Wrong Disambiguation	1	1347	11	NOU	Bedingung	Bedingungen	125241	False	0				 	119224
Wrong Recognition	1	1363	1	ADV		-		False	0				 	
Missing Entity	1	1364	2	ADJ	25	25	-1	False	0				 	
Missing Concept	0	1388	13	ADJ	gewährleistet	gewährleistet	-1	False	0				 	
Missing Concept	0	1520	10	ADJ	gummiert	gummierten		False	0				 	
Wrong Disambiguation	1	1546	7	VER		sichern	120277	False	0				 	48642
Wrong Disambiguation	1	1564	9	ADJ	souverän	souveräne	54060	False	0				 	119591
Wrong Grammar	1	1606	3	PRO	der	der	-1	False	0			ART	 	
Missing Concept	0	1618	9	ADJ	eloxiert	eloxierte		False	0				 	
Wrong Disambiguation	1	1628	6	NOU		Körper	15050	False	0				 	2379
Missing Concept	0	1680	9	ADJ	gefertigt	gefertigt	-1	False	0				 	
Wrong Grammar	1	1703	6	VER	sichern	sicher	48642	False	0			ADV	 	
Missing Concept	0	1710	9	ADV	bedienbar	bedienbar	-1	False	0				 	
Missing Concept	1	1757	25	NOU		Absehenschnellverstellung	148157	True	0				 	
Wrong Disambiguation	0	1838	6	VER		halten	13376	False	0				 	13377
Wrong Disambiguation	0	1892	6	NPR		ASV DL	32724	True	0				 	
Wrong Entity Form	1	1921	4	NOU	8x42	8x42	-1	False	0				 	
Wrong Entity Form	1	1932	5	NOU	12x50	12x50	-1	False	0				 	
Missing Concept	0	1938	8	ADV	optional	optional	-1	False	0				 	
Wrong Grammar	1	1964	6	PRO	sein	seiner		False	0			ADJ	 	
Wrong Disambiguation	1	2000	4	NOU		Form	17106	False	0				 	146
Wrong Grammar	1	2016	3	PRO	das	das	-1	False	0			ART	 	
Missing Concept	1	2091	22	NOU	Vergrößerungswechsler	Vergrößerungswechslers	107890	True	0				 	
Wrong Grammar	1	2116	6	PRO	Vergrößerungswechsler	selbst	107890	True	0			ADV	 	
Wrong Disambiguation	1	2159	6	VER		können	12879	False	0				 	
Wrong Disambiguation	1	2170	4	PRE		über	596948	False	0				 	
Missing Concept	0	2189	9	ADJ	gummiert	gummierte		False	0				 	
Missing Concept	1	2212	4	NOU		Plus	102105346	False	0				 	
Missing Concept	1	2221	5	NOU		Minus	100444600	False	0				 	
Wrong Disambiguation	1	2244	6	ADV		sicher	172999	False	0				 	157630
Missing Concept	0	2255	9	ADV	stufenlos	stufenlos	-1	False	0				 	
Missing Concept	0	2277	8	ADJ	minimal	Minimale	100425	False	0				 	
Missing Concept	1	2286	13	NOU		Zielabdeckung	121638	True	0				 	
Missing Entity	1	2300	11	ADV	CONQUEST DL	CONQUEST DL	-1	False	0				 	
Missing Concept	1	2354	7	NOU	Absehen	Absehen	-1	False	0				 	
Missing Concept	0	2372	20	ADJ	Tageslicht	tageslichttauglichen		False	0				 	
Wrong Grammar	1	2393	13	VER		Leuchtabsehen	122330	True	0			NOU	 	
Wrong Disambiguation	1	2427	9	VER		bestechen	27796	False	0				 	
Missing Concept	0	2441	9	ADJ	minimal	minimaler	100425	False	0				 	
Missing Concept	1	2451	13	NOU		Zielabdeckung	121638	True	0				 	
Wrong Grammar	1	2467	3	PRO	das	das	-1	False	0			ART	 	
Wrong Grammar	1	2471	13	VER		Leuchtabsehen	122330	True	0		NOU		 	
Wrong Grammar	1	2528	4	VER	danken	dank	15051	False	0			PRE	 	
Missing Concept	1	2671	7	NOU	Absehen	Absehen	-1	False	0				 	
Wrong Disambiguation	1	2679	9	VER		verlassen	17849	False	0				 	
Wrong Disambiguation	1	2729	8	VER		wechseln	121117	False	0				 	14716
Wrong Disambiguation	1	2755	7	ADJ	scharf	scharfe	85972	False	0				 	
Wrong Disambiguation	1	2864	5	VER	sorgen	sorgt	119588	False	0				 	119589
Missing Concept	0	2929	13	ADV	Rückstand	rückstandslos		False	0				 	
Wrong Disambiguation	1	2957	7	ADV		einfach	565253	False	0				 	591900
Missing Concept	1	2995	22	NOU	Mehrschichtvergütung	Mehrschichtvergütungen	500211	True	0				 	
Wrong Disambiguation	1	3095	13	NOU		Zielauflösung	18864	True	0				 	
Wrong Grammar	0	3143	9	ADJ	kompakt	Kompakten	63144	False	0			NOU	 	
Wrong Disambiguation	1	3166	7	NOU		Gewicht	138372	False	0				 	138371
Wrong Disambiguation	1	3477	7	NOU		Gewicht	138372	False	0				 	138371
Wrong Disambiguation	1	3178	6	ADJ	weit	weitem	40690	False	0				 	30148
Wrong Disambiguation	1	3489	6	ADJ	weit	weitem	40690	False	0				 	30148
Wrong Disambiguation	1	3193	7	VER	sichern	sichert	120275	False	0				 	48642
Wrong Disambiguation	1	3504	7	VER	sichern	sichert	120275	False	0				 	48642
Wrong Entity Form	1	3134	4	NOU	5x36	5x36	-1	False	0				 	
Wrong Entity Form	1	3221	4	NOU	5x36	5x36	-1	False	0				 	
Wrong Entity Form	1	3538	4	NOU	5x36	5x36	-1	False	0				 	
Wrong Disambiguation	1	3250	13	NOU		Zielerfassung	117955	True	0				 	39340
Wrong Disambiguation	1	3583	13	NOU		Zielerfassung	117955	True	0				 	39340
Wrong Disambiguation	1	3294	5	VER	lassen	lässt	17365	False	0				 	
Wrong Grammar	1	3312	6	PRO	sein	seiner		False	0			ADJ	 	
Wrong Grammar	2	3328	6	VER		fachen	15450	False	0			ADJ	 	
Missing Concept	0	3391	12	ADV	hervorragend	hervorragend	-1	False	0				 	
Wrong Recognition	1	3404	9	VER	dareinsetzen	einsetzen	32272	False	0				 	16416
Wrong Disambiguation	1	3627	5	VER	lassen	lässt	17365	False	0				 	
Missing Concept	0	3683	5	ADV	ideal	ideal	-1	False	0				 	
Wrong Recognition	1	3735	9	VER	dareinsetzen	einsetzen	32272	False	542				 	16416
Wrong Grammar	0	3766	7	ADJ		einfach	86934	False	547			ADV	 	
Wrong Grammar	1	3796	6	PRO	Leuchtpunkt	selbst	1328	True	552			ADV	 	
Wrong Entity Form	1	3431	4	NOU	5x36	5x36	-1	False	498				 	
Wrong Entity Form	1	3834	4	NOU	8x42	8x42	-1	False	559				 	
Missing Concept	0	3854	7	ADV	schlank	Schlank		True	562				 	
Wrong Grammar	0	3875	10	ADV		vielseitig	30149	False	566			ADJ	 	165514
Wrong Entity Form	1	3923	4	NOU	8x42	8x42	-1	False	574				 	
Wrong Disambiguation	1	3963	6	NOU		Revier	78914	False	581				 	101678262
Wrong Entity Form	1	4005	4	NOU	8x42	8x42	-1	False	591				 	
Wrong Disambiguation	1	4018	6	NPR		ASV DL	32724	True	594				 	
Wrong Disambiguation	1	4088	3	VER	sein	ist	172056	False	602				 	
Wrong Grammar	1	4095	3	PRO	ein	ein	-1	False	604			ART	 	
Wrong Disambiguation	0	4099	10	ADV		vielseitig	30149	False	605				 	165514
Missing Concept	0	4190	7	NOU		Gelände	114524493	False	616				 	
Wrong Entity Form	1	4213	4	NOU	8x42	8x42	-1	False	621				 	
Missing Entity	1	4236	10	NOU		Allrounder	96135	False	626				 	
Wrong Disambiguation	1	4236	10	NOU		Allrounder	96135	False	626				 	499198
Wrong Disambiguation	1	3843	10	NOU		Allrounder	96135	False	561				 	499198
Missing Concept	0	4247	7	ADV	schlank	Schlank		True	627				 	
Wrong Grammar	0	4268	10	ADV		vielseitig	30149	False	631			ADJ	 	
Wrong Entity Form	1	3923	4	NOU	8x42	8x42	-1	False	574				 	
Wrong Entity Form	1	4316	4	NOU	8x42	8x42	-1	False	639				 	
Wrong Disambiguation	1	4372	6	NOU		Revier	78914	False	648				 	
Wrong Entity Form	1	4414	4	NOU	8x42	8x42	-1	False	658				 	
Wrong Disambiguation	1	4427	6	NPR		ASV DL	32724	True	661				 	
Wrong Disambiguation	1	4497	3	VER	sein	ist	172056	False	669				 	
Wrong Grammar	1	4504	3	PRO	ein	ein	-1	False	671			ART	 	
Wrong Disambiguation	0	4508	10	ADV		vielseitig	30149	False	672				 	
Missing Concept	0	4599	7	NOU		Gelände	114524493	False	683				 	
Wrong Disambiguation	1	4628	7	ADJ		einfach	86934	False	688				 	63207
Wrong Disambiguation	1	4640	6	ADV		sicher	172999	False	690				 	157630
Wrong Grammar	1	4658	6	PRO	Leuchtpunkt	selbst	1328	True	693			ADV	 	
Wrong Entity Form	1	4696	5	NOU	12x50	12x50	-1	False	700				 	
Missing Concept	0	4706	12	NOU	Spezialist	Spezialisten	1237	False	702				 	
Wrong Disambiguation	1	4736	5	NOU		Optik	874	False	705				 	75117
Wrong Disambiguation	1	4750	5	ADJ	hoch	hohen	88257	False	708				 	
Wrong Disambiguation	1	4756	20	NOU		Vergrößerungsbereich	100082794	True	709				 	22153
Wrong Grammar	1	4781	3	PRO	das	das	-1	False	711			ART	 	
Wrong Entity Form	1	4805	5	NOU	12x50	12x50	-1	False	715				 	
Wrong Disambiguation	0	4860	9	NOU	Distanz	Distanzen	131341	False	723				 	2317
Wrong Disambiguation	1	4886	3	NOU		Tag	105019497	False	728				 	100052643
Missing Concept	1	4939	9	ADJ		gewachsen	36490	False	737				 	
Wrong Disambiguation	1	4964	4	VER	können	kann	12879	False	741				 	
Wrong Disambiguation	1	4973	25	NOU		Absehenschnellverstellung	148157	True	743				 	165037
Wrong Entity Form	1	5007	5	PRD	ZEISS CONQUEST DL	ZEISS	59	True	746				 	
Missing Entity	1	5013	11	ADJ	CONQUEST DL	CONQUEST DL	-1	False	747				 	
Wrong Disambiguation	0	5034	6	NPR		ASV DL	32724	True	750				 	
Wrong Disambiguation	1	5051	8	VER	erwerben	erworben	16206	False	753				 	13834
Wrong Grammar	1	5082	3	PRO	der	dem		True	759			ART	 	
Wrong Disambiguation	1	5086	6	ADJ	groß	großen	50456	False	760				 	
Missing Concept	0	5117	18	NOU	Weitschussexperte	Weitschussexperten	1237	True	763				 	
Wrong Entity Form	1	5151	5	NOU	12x50	12x50	-1	False	768				 	
Missing Concept	0	5175	12	NOU	Spezialist	Spezialisten	1237	False	773				 	
Wrong Disambiguation	1	5205	5	NOU		Optik	874	False	776				 	
Wrong Disambiguation	1	5219	5	ADJ	hoch	hohen	88257	False	779				 	
Wrong Disambiguation	1	5225	20	NOU		Vergrößerungsbereich	100082794	True	780				 	
Wrong Grammar	1	5250	3	PRO	das	das	-1	False	782			ART	 	
Wrong Entity Form	1	5274	5	NOU	12x50	12x50	-1	False	786				 	
Wrong Disambiguation	0	5329	9	NOU	Distanz	Distanzen	131341	False	794				 	
Wrong Disambiguation	1	5355	3	NOU		Tag	105019497	False	799				 	
Missing Concept	1	5408	9	ADJ		gewachsen	36490	False	808				 	
Wrong Disambiguation	1	5433	4	VER	können	kann	12879	False	812				 	
Wrong Disambiguation	1	5442	25	NOU		Absehenschnellverstellung	148157	True	814				 	
Wrong Entity Form	1	5476	5	PRD	ZEISS CONQUEST DL	ZEISS	59	True	817				 	
Missing Entity	1	5482	11	ADJ	CONQUEST DL	CONQUEST DL	-1	False	818				 	
Wrong Disambiguation	0	5503	6	NPR		ASV DL	32724	True	821				 	
Wrong Disambiguation	1	5520	8	VER	erwerben	erworben	16206	False	824				 	
Wrong Grammar	1	5551	3	PRO	der	dem		True	830			ART	 	
Wrong Disambiguation	1	5555	6	ADJ	groß	großen	50456	False	831				 	
Missing Concept	0	5586	18	NOU	Weitschussexperte	Weitschussexperten	1237	True	834				 	
Wrong Grammar	1	5606	7	VER	absehen	Absehen	122330	False	836			NOU	 	
Missing Concept	0	5620	7	NOU	Absehen	Absehen	-1	False	838				 	
Missing Entity	1	5648	11	ADV	CONQUEST DL	CONQUEST DL	-1	False	843				 	
Missing Concept	0	5702	7	NOU	Absehen	Absehen	-1	False	849				 	
Wrong Grammar	1	5740	13	VER		Leuchtabsehen	122330	True	854			NOU	 	
Wrong Disambiguation	1	5789	5	VER	liegen	liegt	16318	False	861				 	16335
Missing Concept	0	5799	7	NOU	Absehen	Absehen	-1	False	863				 	
Wrong Disambiguation	0	5864	20	NOU		Vergrößerungsbereich	100082794	True	875				 	22153
Wrong Grammar	1	5889	3	PRO	ein	ein	-1	False	877			ART	 	
Missing Concept	0	5909	7	NOU	Absehen	Absehen	-1	False	880				 	
Wrong Disambiguation	1	5917	9	VER		verlassen	17849	False	881				 	
Wrong Disambiguation	0	5967	8	VER		wechseln	121117	False	887				 	14716
Wrong Grammar	1	5977	7	VER	absehen	Absehen	122330	False	889			NOU	 	
Wrong Grammar	1	6004	10	VER	beleuchten	beleuchtet	128132	False	893			ADJ	 	
Missing Concept	0	6026	19	ADJ	Tageslicht	tageslichttaugliche		True	897				 	
Missing Concept	0	6073	11	ADV	zuschaltbar	zuschaltbar	-1	False	902				 	
Wrong Grammar	1	6089	9	ADJ		überzeugt	562504	False	904			VER	 	
Wrong Disambiguation	1	6103	5	ADJ	hoch	hoher	88257	False	906				 	
Missing Concept	0	6139	7	ADJ	dimmen	dimmbar		True	912				 	
Wrong Disambiguation	1	6197	4	NOU		Lage	130	False	922				 	
Missing Concept	0	6239	8	ADJ	minimal	minimale	100425	False	929				 	
Missing Concept	1	6248	13	NOU		Zielabdeckung	121638	True	930				 	
Wrong Recognition	0	6268	2	ADJ	12	12	-1	False	933				 	
Wrong Grammar	1	6313	7	VER	absehen	Absehen	122330	False	942			NOU	 	
Missing Concept	0	6354	7	NOU	Absehen	Absehen	-1	False	947				 	
Wrong Disambiguation	1	6364	5	VER	liegen	liegt	16318	False	949				 	
Wrong Disambiguation	1	6403	20	NOU		Vergrößerungswechsel	19147	True	957				 	
Wrong Disambiguation	1	6512	3	VER	sein	ist	172056	False	969				 	
Missing Concept	0	6520	7	NOU	Absehen	Absehen	-1	False	971				 	
Wrong Disambiguation	0	6543	8	ADJ		sichtbar	21830	False	974				 	
Wrong Disambiguation	1	6576	6	VER	bleiben	bleibt	129080	False	979				 	
Wrong Grammar	2	6591	4	VER	feien	fein	41837	False	982			ADJ	 	
Wrong Disambiguation	1	6613	4	NOU		Ziel	4116	False	986				 	4114
Missing Entity	1	6665	11	ADJ	CONQUEST DL	CONQUEST DL	-1	False	994				 	
Wrong Entity Type	1	6699	7	DOC		VICTORY	103150005	True	998				 	
Missing Concept	1	6719	7	ADJ		günstig	43958	False	1001				 	
Wrong Entity Type	1	6732	11	ADJ	CONQUEST DL	CONQUEST DL	-1	False	1004				 	
Wrong Grammar	1	6758	15	NOU	kostenoptimiert	kostenoptimiert	-1	False	1007			ADV	 	
Wrong Disambiguation	1	6774	10	VER	entwickeln	entwickelt	14720	False	1008				 	14739
Wrong Disambiguation	1	6826	4	NOU		Werk	14258	False	1015				 	
Wrong Disambiguation	1	6891	9	ADJ	einfach	einfacher	56999	False	1026				 	
Wrong Disambiguation	1	6955	7	NOU		Auswahl	24205	False	1035				 	310
Wrong Disambiguation	1	6966	11	NOU		Ausstattung	62	False	1037				 	23588
Wrong Disambiguation	1	6995	3	VER	sein	ist	172056	False	1040				 	
Wrong Disambiguation	1	7015	9	ADJ		reduziert	578112	False	1044				 	
Missing Concept	0	7031	7	NOU	Absehen	Absehen	-1	False	1047				 	
Wrong Disambiguation	1	7039	6	VER		stehen	32369	False	1048				 	
Wrong Disambiguation	1	7050	7	NOU		Auswahl	24205	False	1050				 	
Wrong Disambiguation	1	7065	7	NOU		Schiene	37457	False	1053				 	
Missing Concept	0	7082	12	ADJ	vereinfacht	vereinfachte		True	1056				 	
Wrong Disambiguation	0	7177	7	VER	machen	gemacht	14422	False	1067				 	13039
Wrong Grammar	1	7186	6	NOU		Können	63503	False	1069			VER	 	
Wrong Disambiguation	1	7259	13	ADJ	nachträglich	nachträgliche	41627	False	1081				 	596440
Missing Entity	1	7288	11	ADJ	CONQUEST DL	CONQUEST DL	-1	False	1084				 	
Wrong Disambiguation	1	7326	7	ADJ		möglich	40256	False	1089				 	79324
Wrong Disambiguation	1	7339	6	VER	mögen	möchte	17995	False	1092				 	
Wrong Disambiguation	1	7372	12	NOU	Schiene	Innenschiene	37457	False	1099				 	
Wrong Disambiguation	1	7417	7	ADJ		möglich	40256	False	1106				 	
Missing Entity	1	7430	11	ADJ	CONQUEST DL	CONQUEST DL	-1	False	1109				 	
Wrong Disambiguation	0	7471	11	NOU		Wesentliche	167098	False	1114				 	52531
Wrong Disambiguation	1	7483	9	VER	reduzieren	reduziert	15617	False	1115				 	
Wrong Disambiguation	1	7545	8	NOU	Lösung	Lösungen	121241	False	1124				 	565232
Wrong Disambiguation	1	7592	25	NOU		Absehenschnellverstellung	148157	True	1133				 	
Wrong Entity Form	1	7633	7	NOU		Control	100423813	False	1137				 	
Wrong Disambiguation	0	7646	4	ADV		auch	23235	False	1139				 	173912
Wrong Disambiguation	0	7646	4	ADV		auch	23235	False	1139				 	
Wrong Grammar	1	7661	17	VER		Weitschussabsehen	122330	True	1141			NOU	 	
Missing Concept	1	7679	5	VER	haben	haben	-1	False	1142				 	
Wrong Entity Type	1	7740	7	DOC		VICTORY	103150005	True	1152				 	
Wrong Disambiguation	1	7748	5	NOU		Linie	4179	False	1154				 	
Wrong Disambiguation	1	7768	5	ADJ	gut	guten	51058	False	1159				 	
Missing Entity	1	7812	11	ADJ	CONQUEST DL	CONQUEST DL	-1	False	1163				 	
Missing Entity	1	7882	11	ADJ	CONQUEST DL	CONQUEST DL	-1	False	1172				 	
Wrong Entity Type	1	7919	5	PRD	ZEISS CONQUEST DL	ZEISS	59	True	1176				 	
Wrong Disambiguation	1	7947	4	VER	sein	sind	13082	False	1181				 	
Wrong Recognition	1	7982	19	NOU		Tipptastensteuerung	79640	True	1188				 	
Wrong Recognition	1	8007	19	NOU		Tipptastensteuerung	79640	True	1191				 	
Wrong Disambiguation	1	8027	5	VER	werden	wurde	140981	False	1192				 	
Wrong Disambiguation	1	8037	25	NOU	Kostenoptimierungsgrund	Kostenoptimierungsgründen	1651	True	1194				 	
Wrong Disambiguation	1	8149	6	VER	bleiben	bleibt	14281	False	1205				 	15336
Missing Concept	1	8197	14	NOU	Victory-Linie	Victory-Linien	525	True	1210				 	
Wrong Disambiguation	1	8259	11	ADJ	überlegen	überlegenen	37624	False	1217				 	
Missing Concept	1	8368	18	VER	vertraut machen	vertraut zu machen	26677	False	1231				 	
Wrong Disambiguation	1	8405	5	VER		haben	13088	False	1235				 	125724
Wrong Disambiguation	1	8428	9	NOU		Bedeutung	120039	False	1239				 	101570700
Wrong Disambiguation	1	8442	11	NOU	Abkürzung	Abkürzungen	121968	False	1241				 	9555
Missing Entity	1	8454	2	NOU	Fl	FL	100001302	False	1242				 	
Missing Concept	0	8472	8	PRD		Spektive	59	True	1245				 	
Missing Concept	0	8485	15	ADJ	Fluorid	fluoridhaltigen		True	1247				 	
Missing Concept	1	8502	2	NOU	Fl	FL	100001302	False	1249				 	
Wrong Disambiguation	1	8507	7	NOU	Glas	Gläsern	2143	False	1252				 	
Wrong Disambiguation	1	8558	8	ADV		deutlich	596230	False	1259				 	
Wrong Disambiguation	1	8567	11	ADJ	reduziert	reduzierten	578112	False	1260				 	
Missing Concept	1	8579	10	NOU	Farbsaum	Farbsäumen	115069182	True	1261				 	
Missing Concept	0	8591	14	ADJ	Fluorid	Fluoridhaltige		True	1263				 	
Wrong Disambiguation	1	8606	6	NOU	Glas	Gläser	2143	False	1264				 	
Wrong Entity Type	1	8660	2	FDD		ED	249	True	1273				 	
Wrong Disambiguation	1	8663	6	NOU	Glas	Gläser	2144	False	1275				 	
Missing Entity	1	8670	2	NOU	Ga	GA	100000861	False	1276				 	
Wrong Recognition	1	8673	7	ADJ	früh	Frühere	45046	False	1277		früher		 	
Wrong Disambiguation	0	8681	11	NOU		Bezeichnung	562229	False	1278				 	4443
Missing Concept	1	8720	14	NOU		Gummiarmierung	22777	True	1284				 	
Wrong Entity Form	1	8736	1	NOU	t	T	100009813	False	1286				 	
Wrong Entity Type	1	8739	5	PRD	ZEISS CONQUEST DL	ZEISS	59	True	1288				 	
Wrong Entity Form	1	8745	1	NOU	t	T	100009813	False	1289				 	
Missing Concept	1	8748	20	NOU		Mehrschichtvergütung	500211	True	1292				 	
Wrong Disambiguation	1	8780	4	ADJ	hoch	hohe	88257	False	1295				 	
Wrong Disambiguation	1	8785	12	NOU		Transmission	97799	False	1296				 	101427863
Missing Entity	1	8830	2	NOU		MC	12301	False	1300				 	
Wrong Entity Type	1	8833	5	PRD	ZEISS CONQUEST DL	ZEISS	59	True	1301				 	
Missing Concept	1	8839	20	NOU		Mehrschichtvergütung	500211	True	1302				 	
Wrong Entity Form	1	8861	5	NOU		Multi	72233	False	1304				 	
Missing Entity	1	8876	1	NOU	p	P	1390	False	1307				 	
Missing Entity	1	8880	1	NOU	p	P	1390	False	1309				 	
Missing Concept	0	8912	15	NOU	Dachkant	Dachkantprismen		True	1314				 	
Wrong Disambiguation	1	8949	9	NOU		Auflösung	121241	False	1320				 	125308
Wrong Disambiguation	1	8963	8	ADJ	fein	feinsten	120540	False	1322				 	135522
Wrong Disambiguation	1	8989	5	VER	sorgen	sorgt	119588	False	1324				 	119589
Wrong Grammar	1	8996	4	PRO	all	Alle		True	1326			ADJ	 	
Wrong Entity Type	1	9001	5	PRD	ZEISS CONQUEST DL	ZEISS	59	True	1327				 	
Missing Concept	0	9022	15	NOU	Dachkant	Dachkantprismen		True	1330				 	
Wrong Disambiguation	1	9054	5	NOU		Belag	128070	False	1333				 	
Missing Entity	1	9060	1	NOU	b	B	100115276	False	1334				 	
Wrong Recognition	1	9062	7	ADJ	früh	Frühere	45046	False	1335		früher		 	
Wrong Disambiguation	0	9070	11	NOU		Bezeichnung	562229	False	1336				 	
Missing Concept	0	9086	22	ADJ	Brillenträger	brillenträgertaugliche		True	1338				 	
Wrong Disambiguation	1	9120	5	ADV	heute	Heute	54750	False	1340				 	141095
Wrong Entity Type	1	9136	5	PRD	ZEISS CONQUEST DL	ZEISS	59	True	1343				 	
Wrong Disambiguation	0	9213	11	NOU		Bezeichnung	562229	False	1354				 	
Wrong Disambiguation	1	9229	9	VER		entfallen	117829	False	1358				 	
Missing Concept	1	9258	12	ADJ	mechanisch	mechanischer	148140	False	1363				 	
Wrong Entity Type	1	9317	5	PRD	ZEISS CONQUEST DL	ZEISS	59	True	1368				 	
Wrong Disambiguation	1	9323	14	NOU		Montageschiene	4179	True	1369				 	
Wrong Entity Form	1	9359	12	NOU		Illumination	499536	False	1374				 	
Missing Entity	1	9380	2	FDD		ED	249	True	1376				 	
Wrong Entity Form	1	9383	8	NPR		Extralow	100102205	True	1377				 	
Missing Concept	1	9439	9	NOU	Farbsaum	Farbsäume	115069182	True	1384				 	
Missing Entity	1	9449	2	COM		HD	497128	False	1385				 	
Wrong Entity Form	1	9452	4	ADJ	high	High	54907	False	1386				 	
Missing Entity	1	9469	2	VCL		HD	497127	False	1389				 	
Wrong Recognition	1	9482	9	NOU	Glassort	Glassorte	100000515	True	1392				 	
Wrong Entity Type	1	9529	2	FDD		ED	249	True	1399				 	
Wrong Disambiguation	1	9532	6	NOU	Glas	Gläser	2144	False	1401				 	
Wrong Disambiguation	1	9550	9	NOU		Auflösung	18864	False	1405				 	
Wrong Entity Form	1	9563	4	ADJ	high	High	54907	False	1407				 	
Wrong Disambiguation	1	9583	6	NOU	Glas	Gläser	2143	False	1410				 	
Missing Entity	1	9594	6	NOU		Schott	87776	False	1412				 	
Wrong Grammar	1	9602	3	ART	die	die	-1	False	1414			PRO	 	
Missing Entity	1	9653	2	NOU		SF	8792	False	1420				 	
Wrong Entity Form	1	9656	5	VCL		Smart	497225	False	1421				 	
Wrong Disambiguation	1	9708	11	NOU	Umdrehung	Umdrehungen	14851	False	1428				 	99790
Wrong Disambiguation	1	9724	14	NOU	Fokussierrad	Fokussierrades	100000446	True	1430				 	2169
Wrong Disambiguation	1	9773	19	NOU		Beobachtungsdistanz	119907	True	1438				 	
Wrong Disambiguation	1	9796	11	VER		fokussieren	121451	False	1440				 	136423
Wrong Disambiguation	1	9847	11	NOU	Umdrehung	Umdrehungen	14851	False	1447				 	
